INFO:root:Commit Extraction Started for aseprite.
INFO:root:Commit Extraction for aseprite
INFO:root:Initializing Extraction
INFO:root:Starting New Extraction
INFO:root:Commit Extraction Complete
INFO:root:Start Writing Commit History Table for aseprite
INFO:root:Commit History Table Written
INFO:root:Starting Inactivity Computation for aseprite
INFO:root:Inactivity Computation Done
INFO:root:Commit Extraction for pixman
INFO:root:Initializing Extraction
INFO:root:Starting New Extraction
INFO:root:Commit Extraction Complete
INFO:root:Start Writing Commit History Table for pixman
INFO:root:Commit History Table Written
INFO:root:Starting Inactivity Computation for pixman
INFO:root:Inactivity Computation Done
INFO:root:Commit Extraction for jsoncpp-cmake
INFO:root:Initializing Extraction
INFO:root:Starting New Extraction
INFO:root:Commit Extraction Complete
INFO:root:No Commits for jsoncpp-cmake
INFO:root:Commit Extraction for msgpack-c
INFO:root:Initializing Extraction
INFO:root:Starting New Extraction
INFO:root:Commit Extraction Complete
INFO:root:No Commits for msgpack-c
INFO:root:Commit Extraction for libuv
INFO:root:Initializing Extraction
INFO:root:Starting New Extraction
INFO:root:Commit Extraction Complete
INFO:root:No Commits for libuv
INFO:root:Commit Extraction for simpleini
INFO:root:Initializing Extraction
INFO:root:Starting New Extraction
INFO:root:Commit Extraction Complete
INFO:root:Start Writing Commit History Table for simpleini
INFO:root:Commit History Table Written
INFO:root:Starting Inactivity Computation for simpleini
INFO:root:Inactivity Computation Done
INFO:root:Commit Extraction for tinythreadpp
INFO:root:Initializing Extraction
INFO:root:Starting New Extraction
INFO:root:Commit Extraction Complete
INFO:root:No Commits for tinythreadpp
INFO:root:Commit Extraction for contributor_covenant
INFO:root:Initializing Extraction
INFO:root:Starting New Extraction
INFO:root:Commit Extraction Complete
INFO:root:No Commits for contributor_covenant
INFO:root:Commit Extraction for stb
INFO:root:Initializing Extraction
INFO:root:Starting New Extraction
INFO:root:Commit Extraction Complete
INFO:root:No Commits for stb
INFO:root:Commit Extraction for api
INFO:root:Initializing Extraction
INFO:root:Starting New Extraction
INFO:root:Commit Extraction Complete
INFO:root:Start Writing Commit History Table for api
INFO:root:Commit History Table Written
INFO:root:Starting Inactivity Computation for api
INFO:root:Inactivity Computation Done
INFO:root:Commit Extraction for duktape
INFO:root:Initializing Extraction
INFO:root:Starting New Extraction
INFO:root:Commit Extraction Complete
INFO:root:Start Writing Commit History Table for duktape
INFO:root:Commit History Table Written
INFO:root:Starting Inactivity Computation for duktape
INFO:root:Inactivity Computation Done
INFO:root:Commit Extraction for curl
INFO:root:Initializing Extraction
INFO:root:Starting New Extraction
WARNING:root:Github Exception 400: Returned object contains no URL. SHA: facb0e4662415b5f28163e853dc6742ac5fafb3d
INFO:root:Resuming Extraction
INFO:root:Commit Extraction Complete
INFO:root:Start Writing Commit History Table for curl
INFO:root:Commit History Table Written
INFO:root:Starting Inactivity Computation for curl
INFO:root:Inactivity Computation Done
INFO:root:Commit Extraction for gtest
INFO:root:Initializing Extraction
INFO:root:Starting New Extraction
INFO:root:Commit Extraction Complete
INFO:root:Start Writing Commit History Table for gtest
INFO:root:Commit History Table Written
INFO:root:Starting Inactivity Computation for gtest
INFO:root:Inactivity Computation Done
INFO:root:Commit Extraction for libzip
INFO:root:Initializing Extraction
INFO:root:Starting New Extraction
INFO:root:Commit Extraction Complete
INFO:root:Start Writing Commit History Table for libzip
INFO:root:Commit History Table Written
INFO:root:Starting Inactivity Computation for libzip
INFO:root:Inactivity Computation Done
INFO:root:Commit Extraction for docs
INFO:root:Initializing Extraction
INFO:root:Starting New Extraction
INFO:root:Commit Extraction Complete
INFO:root:Start Writing Commit History Table for docs
INFO:root:Commit History Table Written
INFO:root:Starting Inactivity Computation for docs
INFO:root:Inactivity Computation Done
INFO:root:Commit Extraction for flic
INFO:root:Initializing Extraction
INFO:root:Starting New Extraction
INFO:root:Commit Extraction Complete
INFO:root:Start Writing Commit History Table for flic
INFO:root:Commit History Table Written
INFO:root:Starting Inactivity Computation for flic
INFO:root:Inactivity Computation Done
INFO:root:Commit Extraction for freetype2
INFO:root:Initializing Extraction
INFO:root:Starting New Extraction
INFO:root:Commit Extraction Complete
INFO:root:Start Writing Commit History Table for freetype2
INFO:root:Commit History Table Written
INFO:root:Starting Inactivity Computation for freetype2
INFO:root:Inactivity Computation Done
INFO:root:Commit Extraction for libwebp
INFO:root:Initializing Extraction
INFO:root:Starting New Extraction
INFO:root:Commit Extraction Complete
INFO:root:Start Writing Commit History Table for libwebp
INFO:root:Commit History Table Written
INFO:root:Starting Inactivity Computation for libwebp
INFO:root:Inactivity Computation Done
INFO:root:Commit Extraction for skia
INFO:root:Initializing Extraction
INFO:root:Starting New Extraction
INFO:root:Commit Extraction Complete
INFO:root:Start Writing Commit History Table for skia
INFO:root:Commit History Table Written
INFO:root:Starting Inactivity Computation for skia
INFO:root:Inactivity Computation Done
INFO:root:Commit Extraction for laf
INFO:root:Initializing Extraction
INFO:root:Starting New Extraction
INFO:root:Commit Extraction Complete
INFO:root:Start Writing Commit History Table for laf
INFO:root:Commit History Table Written
INFO:root:Starting Inactivity Computation for laf
INFO:root:Inactivity Computation Done
INFO:root:Commit Extraction for harfbuzz
INFO:root:Initializing Extraction
INFO:root:Starting New Extraction
INFO:root:Commit Extraction Complete
INFO:root:Start Writing Commit History Table for harfbuzz
INFO:root:Commit History Table Written
INFO:root:Starting Inactivity Computation for harfbuzz
INFO:root:Inactivity Computation Done
INFO:root:Commit Extraction for libpng
INFO:root:Initializing Extraction
INFO:root:Starting New Extraction
INFO:root:Commit Extraction Complete
INFO:root:Start Writing Commit History Table for libpng
INFO:root:Commit History Table Written
INFO:root:Starting Inactivity Computation for libpng
INFO:root:Inactivity Computation Done
INFO:root:Commit Extraction for zlib
INFO:root:Initializing Extraction
INFO:root:Starting New Extraction
INFO:root:Commit Extraction Complete
INFO:root:Start Writing Commit History Table for zlib
INFO:root:Commit History Table Written
INFO:root:Starting Inactivity Computation for zlib
INFO:root:Inactivity Computation Done
INFO:root:Commit Extraction for css-layout
INFO:root:Initializing Extraction
INFO:root:Starting New Extraction
INFO:root:Commit Extraction Complete
INFO:root:No Commits for css-layout
INFO:root:Commit Extraction for stringencoders
INFO:root:Initializing Extraction
INFO:root:Starting New Extraction
INFO:root:Commit Extraction Complete
INFO:root:Start Writing Commit History Table for stringencoders
INFO:root:Commit History Table Written
INFO:root:Starting Inactivity Computation for stringencoders
INFO:root:Inactivity Computation Done
INFO:root:Commit Extraction for googletest
INFO:root:Initializing Extraction
INFO:root:Starting New Extraction
INFO:root:Commit Extraction Complete
INFO:root:Start Writing Commit History Table for googletest
INFO:root:Commit History Table Written
INFO:root:Starting Inactivity Computation for googletest
INFO:root:Inactivity Computation Done
INFO:root:Commit Extraction for clip
INFO:root:Initializing Extraction
INFO:root:Starting New Extraction
INFO:root:Commit Extraction Complete
INFO:root:Start Writing Commit History Table for clip
INFO:root:Commit History Table Written
INFO:root:Starting Inactivity Computation for clip
INFO:root:Inactivity Computation Done
INFO:root:Commit Extraction for observable
INFO:root:Initializing Extraction
INFO:root:Starting New Extraction
INFO:root:Commit Extraction Complete
INFO:root:Start Writing Commit History Table for observable
INFO:root:Commit History Table Written
INFO:root:Starting Inactivity Computation for observable
INFO:root:Inactivity Computation Done
INFO:root:Commit Extraction for cmark
INFO:root:Initializing Extraction
INFO:root:Starting New Extraction
INFO:root:Commit Extraction Complete
INFO:root:Start Writing Commit History Table for cmark
INFO:root:Commit History Table Written
INFO:root:Starting Inactivity Computation for cmark
INFO:root:Inactivity Computation Done
INFO:root:Commit Extraction for fmt
INFO:root:Initializing Extraction
INFO:root:Starting New Extraction
INFO:root:Commit Extraction Complete
INFO:root:Start Writing Commit History Table for fmt
INFO:root:Commit History Table Written
INFO:root:Starting Inactivity Computation for fmt
INFO:root:Inactivity Computation Done
INFO:root:Commit Extraction for tinyxml2
INFO:root:Initializing Extraction
INFO:root:Starting New Extraction
INFO:root:Commit Extraction Complete
INFO:root:Start Writing Commit History Table for tinyxml2
INFO:root:Commit History Table Written
INFO:root:Starting Inactivity Computation for tinyxml2
INFO:root:Inactivity Computation Done
INFO:root:Commit Extraction for themes
INFO:root:Initializing Extraction
INFO:root:Starting New Extraction
INFO:root:Commit Extraction Complete
INFO:root:Start Writing Commit History Table for themes
INFO:root:Commit History Table Written
INFO:root:Starting Inactivity Computation for themes
INFO:root:Inactivity Computation Done
INFO:root:Commit Extraction for json
INFO:root:Initializing Extraction
INFO:root:Starting New Extraction
INFO:root:Commit Extraction Complete
INFO:root:Start Writing Commit History Table for json
INFO:root:Commit History Table Written
INFO:root:Starting Inactivity Computation for json
INFO:root:Inactivity Computation Done
INFO:root:Commit Extraction for libarchive
INFO:root:Initializing Extraction
INFO:root:Starting New Extraction
INFO:root:Commit Extraction Complete
INFO:root:Start Writing Commit History Table for libarchive
INFO:root:Commit History Table Written
INFO:root:Starting Inactivity Computation for libarchive
INFO:root:Inactivity Computation Done
INFO:root:Commit Extraction for json11
INFO:root:Initializing Extraction
INFO:root:Starting New Extraction
INFO:root:Commit Extraction Complete
INFO:root:Start Writing Commit History Table for json11
INFO:root:Commit History Table Written
INFO:root:Starting Inactivity Computation for json11
INFO:root:Inactivity Computation Done
INFO:root:Commit Extraction for undo
INFO:root:Initializing Extraction
INFO:root:Starting New Extraction
INFO:root:Commit Extraction Complete
INFO:root:Start Writing Commit History Table for undo
INFO:root:Commit History Table Written
INFO:root:Starting Inactivity Computation for undo
INFO:root:Inactivity Computation Done
INFO:root:Commit Extraction for benchmark
INFO:root:Initializing Extraction
INFO:root:Starting New Extraction
INFO:root:Commit Extraction Complete
INFO:root:Start Writing Commit History Table for benchmark
INFO:root:Commit History Table Written
INFO:root:Starting Inactivity Computation for benchmark
INFO:root:Inactivity Computation Done
INFO:root:Commit Extraction for mujs
INFO:root:Initializing Extraction
INFO:root:Starting New Extraction
INFO:root:Commit Extraction Complete
INFO:root:Start Writing Commit History Table for mujs
INFO:root:Commit History Table Written
INFO:root:Starting Inactivity Computation for mujs
INFO:root:Inactivity Computation Done
INFO:root:Commit Extraction for create-dmg
INFO:root:Initializing Extraction
INFO:root:Starting New Extraction
INFO:root:Commit Extraction Complete
INFO:root:Start Writing Commit History Table for create-dmg
INFO:root:Commit History Table Written
INFO:root:Starting Inactivity Computation for create-dmg
INFO:root:Inactivity Computation Done
INFO:root:Commit Extraction for giflib
INFO:root:Initializing Extraction
INFO:root:Starting New Extraction
INFO:root:Commit Extraction Complete
INFO:root:Start Writing Commit History Table for giflib
INFO:root:Commit History Table Written
INFO:root:Starting Inactivity Computation for giflib
INFO:root:Inactivity Computation Done
INFO:root:Commit Extraction for languages
INFO:root:Initializing Extraction
INFO:root:Starting New Extraction
INFO:root:Commit Extraction Complete
INFO:root:Start Writing Commit History Table for languages
INFO:root:Commit History Table Written
INFO:root:Starting Inactivity Computation for languages
INFO:root:Inactivity Computation Done
INFO:root:Commit Extraction for tests
INFO:root:Initializing Extraction
INFO:root:Starting New Extraction
INFO:root:Commit Extraction Complete
INFO:root:Start Writing Commit History Table for tests
INFO:root:Commit History Table Written
INFO:root:Starting Inactivity Computation for tests
INFO:root:Inactivity Computation Done
INFO:root:Commit Extraction for cpp-httplib
INFO:root:Initializing Extraction
INFO:root:Starting New Extraction
INFO:root:Commit Extraction Complete
INFO:root:No Commits for cpp-httplib
INFO:root:Commit Extraction for rtaudio
INFO:root:Initializing Extraction
INFO:root:Starting New Extraction
INFO:root:Commit Extraction Complete
INFO:root:No Commits for rtaudio
INFO:root:Commit Extraction for katana-parser
INFO:root:Initializing Extraction
INFO:root:Starting New Extraction
INFO:root:Commit Extraction Complete
INFO:root:No Commits for katana-parser
INFO:root:Commit Extraction for lua
INFO:root:Initializing Extraction
INFO:root:Starting New Extraction
INFO:root:Commit Extraction Complete
INFO:root:Start Writing Commit History Table for lua
INFO:root:Commit History Table Written
INFO:root:Starting Inactivity Computation for lua
INFO:root:Inactivity Computation Done
INFO:root:Commit Extraction for tinyexpr
INFO:root:Initializing Extraction
INFO:root:Starting New Extraction
INFO:root:Commit Extraction Complete
INFO:root:Start Writing Commit History Table for tinyexpr
INFO:root:Commit History Table Written
INFO:root:Starting Inactivity Computation for tinyexpr
INFO:root:Inactivity Computation Done
INFO:root:Commit Extraction for spanish-extension
INFO:root:Initializing Extraction
WARNING:root:Failed to get commits from this project (409 Empty: Ignoring Repo):
INFO:root:No Commits for spanish-extension
INFO:root:Commit Extraction for sol2
INFO:root:Initializing Extraction
INFO:root:Starting New Extraction
INFO:root:Commit Extraction Complete
INFO:root:Start Writing Commit History Table for sol2
INFO:root:Commit History Table Written
INFO:root:Starting Inactivity Computation for sol2
INFO:root:Inactivity Computation Done
INFO:root:Commit Extraction for allegro
INFO:root:Initializing Extraction
INFO:root:Starting New Extraction
INFO:root:Commit Extraction Complete
INFO:root:Start Writing Commit History Table for allegro
INFO:root:Commit History Table Written
INFO:root:Starting Inactivity Computation for allegro
INFO:root:Inactivity Computation Done
INFO:root:Commit Extraction for vcpkg
INFO:root:Initializing Extraction
INFO:root:Starting New Extraction
INFO:root:Commit Extraction Complete
INFO:root:Start Writing Commit History Table for vcpkg
INFO:root:Commit History Table Written
INFO:root:Starting Inactivity Computation for vcpkg
INFO:root:Inactivity Computation Done
INFO:root:Commit Extraction for sfntly
INFO:root:Initializing Extraction
INFO:root:Starting New Extraction
INFO:root:Commit Extraction Complete
INFO:root:No Commits for sfntly
INFO:root:Commit Extraction for Aseprite-Script-Examples
INFO:root:Initializing Extraction
INFO:root:Starting New Extraction
INFO:root:Commit Extraction Complete
INFO:root:Start Writing Commit History Table for Aseprite-Script-Examples
INFO:root:Commit History Table Written
INFO:root:Starting Inactivity Computation for Aseprite-Script-Examples
INFO:root:Inactivity Computation Done
INFO:root:Commit Extraction for better-enums
INFO:root:Initializing Extraction
INFO:root:Starting New Extraction
INFO:root:Commit Extraction Complete
INFO:root:No Commits for better-enums
INFO:root:Commit Extraction for breakpad
INFO:root:Initializing Extraction
INFO:root:Starting New Extraction
INFO:root:Commit Extraction Complete
INFO:root:No Commits for breakpad
INFO:root:Commit Extraction for crashpad
INFO:root:Initializing Extraction
INFO:root:Starting New Extraction
INFO:root:Commit Extraction Complete
INFO:root:Start Writing Commit History Table for crashpad
INFO:root:Commit History Table Written
INFO:root:Starting Inactivity Computation for crashpad
INFO:root:Inactivity Computation Done
INFO:root:Commit Extraction for mini_chromium
INFO:root:Initializing Extraction
INFO:root:Starting New Extraction
INFO:root:Commit Extraction Complete
INFO:root:No Commits for mini_chromium
INFO:root:Commit Extraction for json.lua
INFO:root:Initializing Extraction
INFO:root:Starting New Extraction
INFO:root:Commit Extraction Complete
INFO:root:Start Writing Commit History Table for json.lua
INFO:root:Commit History Table Written
INFO:root:Starting Inactivity Computation for json.lua
INFO:root:Inactivity Computation Done
INFO:root:Commit Extraction for psd
INFO:root:Initializing Extraction
INFO:root:Starting New Extraction
INFO:root:Commit Extraction Complete
INFO:root:No Commits for psd
INFO:root:Commit Extraction for inja
INFO:root:Initializing Extraction
INFO:root:Starting New Extraction
INFO:root:Commit Extraction Complete
INFO:root:No Commits for inja
INFO:root:Commit Extraction for tga
INFO:root:Initializing Extraction
INFO:root:Starting New Extraction
INFO:root:Commit Extraction Complete
INFO:root:No Commits for tga
INFO:root:Commit Extraction for fuzz
INFO:root:Initializing Extraction
INFO:root:Starting New Extraction
INFO:root:Commit Extraction Complete
INFO:root:No Commits for fuzz
INFO:root:Commit Extraction for wil
INFO:root:Initializing Extraction
INFO:root:Starting New Extraction
INFO:root:Commit Extraction Complete
INFO:root:No Commits for wil
INFO:root:Commit Extraction for IXWebSocket
INFO:root:Initializing Extraction
INFO:root:Starting New Extraction
INFO:root:Commit Extraction Complete
INFO:root:No Commits for IXWebSocket
INFO:root:Commit Extraction for spdlog
INFO:root:Initializing Extraction
INFO:root:Starting New Extraction
INFO:root:Commit Extraction Complete
INFO:root:No Commits for spdlog
INFO:root:Commit Extraction for pugixml
INFO:root:Initializing Extraction
INFO:root:Starting New Extraction
INFO:root:Commit Extraction Complete
INFO:root:No Commits for pugixml
INFO:root:Commit Extraction for cityhash
INFO:root:Initializing Extraction
INFO:root:Starting New Extraction
INFO:root:Commit Extraction Complete
INFO:root:No Commits for cityhash
INFO:root:Commit Extraction for sentry-native
INFO:root:Initializing Extraction
INFO:root:Starting New Extraction
INFO:root:Commit Extraction Complete
INFO:root:No Commits for sentry-native
INFO:root:Commit Extraction for mbedtls
INFO:root:Initializing Extraction
INFO:root:Starting New Extraction
INFO:root:Commit Extraction Complete
INFO:root:No Commits for mbedtls
INFO:root:Commit Extraction for test-images
INFO:root:Initializing Extraction
INFO:root:Starting New Extraction
INFO:root:Commit Extraction Complete
INFO:root:No Commits for test-images
INFO:root:Commit Extraction for mimalloc
INFO:root:Initializing Extraction
INFO:root:Starting New Extraction
INFO:root:Commit Extraction Complete
INFO:root:No Commits for mimalloc
INFO:root:Commit Extraction for Attachment-System
INFO:root:Initializing Extraction
INFO:root:Starting New Extraction
INFO:root:Commit Extraction Complete
INFO:root:No Commits for Attachment-System
INFO:root:Commit Extraction for qoi
INFO:root:Initializing Extraction
INFO:root:Starting New Extraction
INFO:root:Commit Extraction Complete
INFO:root:No Commits for qoi
INFO:root:Commit Extraction for lua-cjson
INFO:root:Initializing Extraction
INFO:root:Starting New Extraction
INFO:root:Commit Extraction Complete
INFO:root:No Commits for lua-cjson
INFO:root:Commit Extraction for efsw
INFO:root:Initializing Extraction
INFO:root:Starting New Extraction
INFO:root:Commit Extraction Complete
INFO:root:No Commits for efsw
INFO:root:Commit Extraction COMPLETE for 74 of 74 Side Projects
INFO:root:Merging the Commits in the WHOLE aseprite Organization
INFO:root:All the Organization commits have been merged with 
INFO:root:Commit History Table Written
INFO:root:Inactivity Computation Done
INFO:root:Commit Extraction SUCCESSFULLY COMPLETED
