CMake;CMakeLists.txt
CMake;cmake/FindBenchmarks.cmake
CMake;cmake/FindCCache.cmake
CMake;cmake/FindHarfBuzz.cmake
CMake;cmake/FindTests.cmake
CMake;src/CMakeLists.txt
CMake;src/app/CMakeLists.txt
CMake;src/cfg/CMakeLists.txt
CMake;src/desktop/CMakeLists.txt
CMake;src/desktop/linux/CMakeLists.txt
CMake;src/desktop/linux/kde/CMakeLists.txt
CMake;src/desktop/osx/CMakeLists.txt
CMake;src/desktop/win/CMakeLists.txt
CMake;src/dio/CMakeLists.txt
CMake;src/doc/CMakeLists.txt
CMake;src/filters/CMakeLists.txt
CMake;src/fixmath/CMakeLists.txt
CMake;src/gen/CMakeLists.txt
CMake;src/net/CMakeLists.txt
CMake;src/render/CMakeLists.txt
CMake;src/steam/CMakeLists.txt
CMake;src/ui/CMakeLists.txt
CMake;src/updater/CMakeLists.txt
CMake;src/ver/CMakeLists.txt
Shell;data/convmatr.def
Shell;src/desktop/linux/aseprite-thumbnailer
Shell;tests/cli/file-formats.sh
Shell;tests/cli/help.sh
Shell;tests/cli/list-layers.sh
Shell;tests/cli/list-tags.sh
Shell;tests/cli/save-as.sh
Shell;tests/cli/sheet.sh
Shell;tests/cli/version.sh
Shell;tests/run-tests.sh
C++;src/app/active_site_handler.cpp
C++;src/app/active_site_handler.h
C++;src/app/app.cpp
C++;src/app/app.h
C++;src/app/app_brushes.cpp
C++;src/app/app_brushes.h
C++;src/app/app_menus.cpp
C++;src/app/app_menus.h
C++;src/app/app_mod.h
C++;src/app/brush_slot.h
C++;src/app/check_update.cpp
C++;src/app/check_update.h
C++;src/app/check_update_delegate.h
C++;src/app/cli/app_options.cpp
C++;src/app/cli/app_options.h
C++;src/app/cli/cli_delegate.h
C++;src/app/cli/cli_open_file.cpp
C++;src/app/cli/cli_open_file.h
C++;src/app/cli/cli_processor.cpp
C++;src/app/cli/cli_processor.h
C++;src/app/cli/cli_tests.cpp
C++;src/app/cli/default_cli_delegate.cpp
C++;src/app/cli/default_cli_delegate.h
C++;src/app/cli/filter_layer_tests.cpp
C++;src/app/cli/preview_cli_delegate.cpp
C++;src/app/cli/preview_cli_delegate.h
C++;src/app/closed_docs.cpp
C++;src/app/closed_docs.h
C++;src/app/cmd.cpp
C++;src/app/cmd.h
C++;src/app/cmd/add_cel.cpp
C++;src/app/cmd/add_cel.h
C++;src/app/cmd/add_frame.cpp
C++;src/app/cmd/add_frame.h
C++;src/app/cmd/add_layer.cpp
C++;src/app/cmd/add_layer.h
C++;src/app/cmd/add_palette.cpp
C++;src/app/cmd/add_palette.h
C++;src/app/cmd/add_slice.cpp
C++;src/app/cmd/add_slice.h
C++;src/app/cmd/add_tag.cpp
C++;src/app/cmd/add_tag.h
C++;src/app/cmd/add_tile.cpp
C++;src/app/cmd/add_tile.h
C++;src/app/cmd/add_tileset.cpp
C++;src/app/cmd/add_tileset.h
C++;src/app/cmd/assign_color_profile.cpp
C++;src/app/cmd/assign_color_profile.h
C++;src/app/cmd/background_from_layer.cpp
C++;src/app/cmd/background_from_layer.h
C++;src/app/cmd/clear_cel.cpp
C++;src/app/cmd/clear_cel.h
C++;src/app/cmd/clear_image.cpp
C++;src/app/cmd/clear_image.h
C++;src/app/cmd/clear_mask.cpp
C++;src/app/cmd/clear_mask.h
C++;src/app/cmd/clear_rect.cpp
C++;src/app/cmd/clear_rect.h
C++;src/app/cmd/configure_background.cpp
C++;src/app/cmd/configure_background.h
C++;src/app/cmd/convert_color_profile.cpp
C++;src/app/cmd/convert_color_profile.h
C++;src/app/cmd/copy_cel.cpp
C++;src/app/cmd/copy_cel.h
C++;src/app/cmd/copy_frame.cpp
C++;src/app/cmd/copy_frame.h
C++;src/app/cmd/copy_rect.cpp
C++;src/app/cmd/copy_rect.h
C++;src/app/cmd/copy_region.cpp
C++;src/app/cmd/copy_region.h
C++;src/app/cmd/crop_cel.cpp
C++;src/app/cmd/crop_cel.h
C++;src/app/cmd/deselect_mask.cpp
C++;src/app/cmd/deselect_mask.h
C++;src/app/cmd/flatten_layers.cpp
C++;src/app/cmd/flatten_layers.h
C++;src/app/cmd/flip_image.cpp
C++;src/app/cmd/flip_image.h
C++;src/app/cmd/flip_mask.cpp
C++;src/app/cmd/flip_mask.h
C++;src/app/cmd/flip_masked_cel.cpp
C++;src/app/cmd/flip_masked_cel.h
C++;src/app/cmd/layer_from_background.cpp
C++;src/app/cmd/layer_from_background.h
C++;src/app/cmd/move_cel.cpp
C++;src/app/cmd/move_cel.h
C++;src/app/cmd/move_layer.cpp
C++;src/app/cmd/move_layer.h
C++;src/app/cmd/patch_cel.cpp
C++;src/app/cmd/patch_cel.h
C++;src/app/cmd/remap_colors.cpp
C++;src/app/cmd/remap_colors.h
C++;src/app/cmd/remap_tilemaps.cpp
C++;src/app/cmd/remap_tilemaps.h
C++;src/app/cmd/remap_tileset.cpp
C++;src/app/cmd/remap_tileset.h
C++;src/app/cmd/remove_cel.cpp
C++;src/app/cmd/remove_cel.h
C++;src/app/cmd/remove_frame.cpp
C++;src/app/cmd/remove_frame.h
C++;src/app/cmd/remove_layer.cpp
C++;src/app/cmd/remove_layer.h
C++;src/app/cmd/remove_palette.cpp
C++;src/app/cmd/remove_palette.h
C++;src/app/cmd/remove_slice.cpp
C++;src/app/cmd/remove_slice.h
C++;src/app/cmd/remove_tag.cpp
C++;src/app/cmd/remove_tag.h
C++;src/app/cmd/remove_tile.cpp
C++;src/app/cmd/remove_tile.h
C++;src/app/cmd/remove_tileset.cpp
C++;src/app/cmd/remove_tileset.h
C++;src/app/cmd/replace_image.cpp
C++;src/app/cmd/replace_image.h
C++;src/app/cmd/replace_tileset.cpp
C++;src/app/cmd/replace_tileset.h
C++;src/app/cmd/reselect_mask.cpp
C++;src/app/cmd/reselect_mask.h
C++;src/app/cmd/set_cel_bounds.cpp
C++;src/app/cmd/set_cel_bounds.h
C++;src/app/cmd/set_cel_data.cpp
C++;src/app/cmd/set_cel_data.h
C++;src/app/cmd/set_cel_frame.cpp
C++;src/app/cmd/set_cel_frame.h
C++;src/app/cmd/set_cel_opacity.cpp
C++;src/app/cmd/set_cel_opacity.h
C++;src/app/cmd/set_cel_position.cpp
C++;src/app/cmd/set_cel_position.h
C++;src/app/cmd/set_cel_zindex.cpp
C++;src/app/cmd/set_cel_zindex.h
C++;src/app/cmd/set_frame_duration.cpp
C++;src/app/cmd/set_frame_duration.h
C++;src/app/cmd/set_grid_bounds.cpp
C++;src/app/cmd/set_grid_bounds.h
C++;src/app/cmd/set_last_point.cpp
C++;src/app/cmd/set_last_point.h
C++;src/app/cmd/set_layer_blend_mode.cpp
C++;src/app/cmd/set_layer_blend_mode.h
C++;src/app/cmd/set_layer_flags.cpp
C++;src/app/cmd/set_layer_flags.h
C++;src/app/cmd/set_layer_name.cpp
C++;src/app/cmd/set_layer_name.h
C++;src/app/cmd/set_layer_opacity.cpp
C++;src/app/cmd/set_layer_opacity.h
C++;src/app/cmd/set_layer_tileset.cpp
C++;src/app/cmd/set_layer_tileset.h
C++;src/app/cmd/set_mask.cpp
C++;src/app/cmd/set_mask.h
C++;src/app/cmd/set_mask_position.cpp
C++;src/app/cmd/set_mask_position.h
C++;src/app/cmd/set_palette.cpp
C++;src/app/cmd/set_palette.h
C++;src/app/cmd/set_pixel_format.cpp
C++;src/app/cmd/set_pixel_format.h
C++;src/app/cmd/set_pixel_ratio.cpp
C++;src/app/cmd/set_pixel_ratio.h
C++;src/app/cmd/set_slice_key.cpp
C++;src/app/cmd/set_slice_key.h
C++;src/app/cmd/set_slice_name.cpp
C++;src/app/cmd/set_slice_name.h
C++;src/app/cmd/set_sprite_size.cpp
C++;src/app/cmd/set_sprite_size.h
C++;src/app/cmd/set_sprite_tile_management_plugin.cpp
C++;src/app/cmd/set_sprite_tile_management_plugin.h
C++;src/app/cmd/set_tag_anidir.cpp
C++;src/app/cmd/set_tag_anidir.h
C++;src/app/cmd/set_tag_color.cpp
C++;src/app/cmd/set_tag_color.h
C++;src/app/cmd/set_tag_name.cpp
C++;src/app/cmd/set_tag_name.h
C++;src/app/cmd/set_tag_range.cpp
C++;src/app/cmd/set_tag_range.h
C++;src/app/cmd/set_tag_repeat.cpp
C++;src/app/cmd/set_tag_repeat.h
C++;src/app/cmd/set_tile_data.cpp
C++;src/app/cmd/set_tile_data.h
C++;src/app/cmd/set_tile_data_properties.cpp
C++;src/app/cmd/set_tile_data_properties.h
C++;src/app/cmd/set_tile_data_property.cpp
C++;src/app/cmd/set_tile_data_property.h
C++;src/app/cmd/set_tileset_base_index.cpp
C++;src/app/cmd/set_tileset_base_index.h
C++;src/app/cmd/set_tileset_name.cpp
C++;src/app/cmd/set_tileset_name.h
C++;src/app/cmd/set_total_frames.cpp
C++;src/app/cmd/set_total_frames.h
C++;src/app/cmd/set_transparent_color.cpp
C++;src/app/cmd/set_transparent_color.h
C++;src/app/cmd/set_user_data.cpp
C++;src/app/cmd/set_user_data.h
C++;src/app/cmd/set_user_data_properties.cpp
C++;src/app/cmd/set_user_data_properties.h
C++;src/app/cmd/set_user_data_property.cpp
C++;src/app/cmd/set_user_data_property.h
C++;src/app/cmd/shift_masked_cel.cpp
C++;src/app/cmd/shift_masked_cel.h
C++;src/app/cmd/trim_cel.cpp
C++;src/app/cmd/trim_cel.h
C++;src/app/cmd/unlink_cel.cpp
C++;src/app/cmd/unlink_cel.h
C++;src/app/cmd/with_cel.cpp
C++;src/app/cmd/with_cel.h
C++;src/app/cmd/with_document.cpp
C++;src/app/cmd/with_document.h
C++;src/app/cmd/with_image.cpp
C++;src/app/cmd/with_image.h
C++;src/app/cmd/with_layer.cpp
C++;src/app/cmd/with_layer.h
C++;src/app/cmd/with_slice.cpp
C++;src/app/cmd/with_slice.h
C++;src/app/cmd/with_sprite.cpp
C++;src/app/cmd/with_sprite.h
C++;src/app/cmd/with_tag.cpp
C++;src/app/cmd/with_tag.h
C++;src/app/cmd/with_tileset.cpp
C++;src/app/cmd/with_tileset.h
C++;src/app/cmd_sequence.cpp
C++;src/app/cmd_sequence.h
C++;src/app/cmd_transaction.cpp
C++;src/app/cmd_transaction.h
C++;src/app/color.cpp
C++;src/app/color.h
C++;src/app/color_picker.cpp
C++;src/app/color_picker.h
C++;src/app/color_spaces.cpp
C++;src/app/color_spaces.h
C++;src/app/color_target.h
C++;src/app/color_tests.cpp
C++;src/app/color_utils.cpp
C++;src/app/color_utils.h
C++;src/app/commands/cmd_about.cpp
C++;src/app/commands/cmd_add_color.cpp
C++;src/app/commands/cmd_advanced_mode.cpp
C++;src/app/commands/cmd_background_from_layer.cpp
C++;src/app/commands/cmd_cancel.cpp
C++;src/app/commands/cmd_canvas_size.cpp
C++;src/app/commands/cmd_cel_opacity.cpp
C++;src/app/commands/cmd_cel_properties.cpp
C++;src/app/commands/cmd_change_brush.cpp
C++;src/app/commands/cmd_change_color.cpp
C++;src/app/commands/cmd_change_pixel_format.cpp
C++;src/app/commands/cmd_clear.cpp
C++;src/app/commands/cmd_clear_cel.cpp
C++;src/app/commands/cmd_clear_recent_files.cpp
C++;src/app/commands/cmd_close_file.cpp
C++;src/app/commands/cmd_color_quantization.cpp
C++;src/app/commands/cmd_contiguous_fill.cpp
C++;src/app/commands/cmd_copy.cpp
C++;src/app/commands/cmd_copy_cel.cpp
C++;src/app/commands/cmd_copy_merged.cpp
C++;src/app/commands/cmd_crop.cpp
C++;src/app/commands/cmd_cut.cpp
C++;src/app/commands/cmd_deselect_mask.cpp
C++;src/app/commands/cmd_developer_console.cpp
C++;src/app/commands/cmd_discard_brush.cpp
C++;src/app/commands/cmd_duplicate_layer.cpp
C++;src/app/commands/cmd_duplicate_sprite.cpp
C++;src/app/commands/cmd_duplicate_view.cpp
C++;src/app/commands/cmd_enter_license.cpp
C++;src/app/commands/cmd_exit.cpp
C++;src/app/commands/cmd_export_sprite_sheet.cpp
C++;src/app/commands/cmd_export_sprite_sheet.h
C++;src/app/commands/cmd_eyedropper.cpp
C++;src/app/commands/cmd_eyedropper.h
C++;src/app/commands/cmd_fill_and_stroke.cpp
C++;src/app/commands/cmd_fit_screen.cpp
C++;src/app/commands/cmd_flatten_layers.cpp
C++;src/app/commands/cmd_flip.cpp
C++;src/app/commands/cmd_flip.h
C++;src/app/commands/cmd_frame_properties.cpp
C++;src/app/commands/cmd_frame_tag_properties.cpp
C++;src/app/commands/cmd_fullscreen_mode.cpp
C++;src/app/commands/cmd_fullscreen_preview.cpp
C++;src/app/commands/cmd_goto_frame.cpp
C++;src/app/commands/cmd_goto_layer.cpp
C++;src/app/commands/cmd_goto_tab.cpp
C++;src/app/commands/cmd_grid.cpp
C++;src/app/commands/cmd_home.cpp
C++;src/app/commands/cmd_import_sprite_sheet.cpp
C++;src/app/commands/cmd_invert_mask.cpp
C++;src/app/commands/cmd_keyboard_shortcuts.cpp
C++;src/app/commands/cmd_launch.cpp
C++;src/app/commands/cmd_layer_from_background.cpp
C++;src/app/commands/cmd_layer_lock.cpp
C++;src/app/commands/cmd_layer_opacity.cpp
C++;src/app/commands/cmd_layer_properties.cpp
C++;src/app/commands/cmd_layer_visibility.cpp
C++;src/app/commands/cmd_link_cels.cpp
C++;src/app/commands/cmd_load_mask.cpp
C++;src/app/commands/cmd_load_palette.cpp
C++;src/app/commands/cmd_mask_all.cpp
C++;src/app/commands/cmd_mask_by_color.cpp
C++;src/app/commands/cmd_mask_content.cpp
C++;src/app/commands/cmd_merge_down_layer.cpp
C++;src/app/commands/cmd_modify_selection.cpp
C++;src/app/commands/cmd_move_cel.cpp
C++;src/app/commands/cmd_move_mask.cpp
C++;src/app/commands/cmd_move_mask.h
C++;src/app/commands/cmd_new_brush.cpp
C++;src/app/commands/cmd_new_file.cpp
C++;src/app/commands/cmd_new_frame.cpp
C++;src/app/commands/cmd_new_frame_tag.cpp
C++;src/app/commands/cmd_new_layer.cpp
C++;src/app/commands/cmd_new_sprite_from_selection.cpp
C++;src/app/commands/cmd_onionskin.cpp
C++;src/app/commands/cmd_open_browser.cpp
C++;src/app/commands/cmd_open_file.cpp
C++;src/app/commands/cmd_open_file.h
C++;src/app/commands/cmd_open_group.cpp
C++;src/app/commands/cmd_open_in_folder.cpp
C++;src/app/commands/cmd_open_script_folder.cpp
C++;src/app/commands/cmd_open_with_app.cpp
C++;src/app/commands/cmd_options.cpp
C++;src/app/commands/cmd_palette_editor.cpp
C++;src/app/commands/cmd_palette_size.cpp
C++;src/app/commands/cmd_paste.cpp
C++;src/app/commands/cmd_paste_text.cpp
C++;src/app/commands/cmd_pixel_perfect_mode.cpp
C++;src/app/commands/cmd_play_animation.cpp
C++;src/app/commands/cmd_refresh.cpp
C++;src/app/commands/cmd_remove_frame.cpp
C++;src/app/commands/cmd_remove_frame_tag.cpp
C++;src/app/commands/cmd_remove_layer.cpp
C++;src/app/commands/cmd_remove_slice.cpp
C++;src/app/commands/cmd_reopen_closed_file.cpp
C++;src/app/commands/cmd_repeat_last_export.cpp
C++;src/app/commands/cmd_reselect_mask.cpp
C++;src/app/commands/cmd_reverse_frames.cpp
C++;src/app/commands/cmd_rotate.cpp
C++;src/app/commands/cmd_rotate.h
C++;src/app/commands/cmd_run_script.cpp
C++;src/app/commands/cmd_save_file.cpp
C++;src/app/commands/cmd_save_file.h
C++;src/app/commands/cmd_save_mask.cpp
C++;src/app/commands/cmd_save_palette.cpp
C++;src/app/commands/cmd_scroll.cpp
C++;src/app/commands/cmd_scroll_center.cpp
C++;src/app/commands/cmd_select_palette.cpp
C++;src/app/commands/cmd_select_tile.cpp
C++;src/app/commands/cmd_set_color_selector.cpp
C++;src/app/commands/cmd_set_ink_type.cpp
C++;src/app/commands/cmd_set_loop_section.cpp
C++;src/app/commands/cmd_set_palette.cpp
C++;src/app/commands/cmd_set_palette.h
C++;src/app/commands/cmd_set_palette_entry_size.cpp
C++;src/app/commands/cmd_set_same_ink.cpp
C++;src/app/commands/cmd_show.cpp
C++;src/app/commands/cmd_slice_properties.cpp
C++;src/app/commands/cmd_sprite_properties.cpp
C++;src/app/commands/cmd_sprite_size.cpp
C++;src/app/commands/cmd_swap_checkerboard_colors.cpp
C++;src/app/commands/cmd_switch_colors.cpp
C++;src/app/commands/cmd_symmetry_mode.cpp
C++;src/app/commands/cmd_tiled_mode.cpp
C++;src/app/commands/cmd_timeline.cpp
C++;src/app/commands/cmd_toggle_preview.cpp
C++;src/app/commands/cmd_toggle_tiles_mode.cpp
C++;src/app/commands/cmd_toggle_timeline_thumbnails.cpp
C++;src/app/commands/cmd_undo.cpp
C++;src/app/commands/cmd_undo_history.cpp
C++;src/app/commands/cmd_unlink_cel.cpp
C++;src/app/commands/cmd_zoom.cpp
C++;src/app/commands/command.cpp
C++;src/app/commands/command.h
C++;src/app/commands/command_factory.h
C++;src/app/commands/command_ids.h
C++;src/app/commands/commands.cpp
C++;src/app/commands/commands.h
C++;src/app/commands/convert_layer.cpp
C++;src/app/commands/copy_path.cpp
C++;src/app/commands/debugger.cpp
C++;src/app/commands/debugger.h
C++;src/app/commands/export_tileset.cpp
C++;src/app/commands/filters/cels_target.h
C++;src/app/commands/filters/cmd_brightness_contrast.cpp
C++;src/app/commands/filters/cmd_color_curve.cpp
C++;src/app/commands/filters/cmd_convolution_matrix.cpp
C++;src/app/commands/filters/cmd_despeckle.cpp
C++;src/app/commands/filters/cmd_hue_saturation.cpp
C++;src/app/commands/filters/cmd_invert_color.cpp
C++;src/app/commands/filters/cmd_outline.cpp
C++;src/app/commands/filters/cmd_replace_color.cpp
C++;src/app/commands/filters/color_curve_editor.cpp
C++;src/app/commands/filters/color_curve_editor.h
C++;src/app/commands/filters/convolution_matrix_stock.cpp
C++;src/app/commands/filters/convolution_matrix_stock.h
C++;src/app/commands/filters/filter_manager_impl.cpp
C++;src/app/commands/filters/filter_manager_impl.h
C++;src/app/commands/filters/filter_preview.cpp
C++;src/app/commands/filters/filter_preview.h
C++;src/app/commands/filters/filter_target_buttons.cpp
C++;src/app/commands/filters/filter_target_buttons.h
C++;src/app/commands/filters/filter_window.cpp
C++;src/app/commands/filters/filter_window.h
C++;src/app/commands/filters/filter_worker.cpp
C++;src/app/commands/filters/filter_worker.h
C++;src/app/commands/move_colors_command.cpp
C++;src/app/commands/move_thing.cpp
C++;src/app/commands/move_thing.h
C++;src/app/commands/move_tiles_command.cpp
C++;src/app/commands/new_params.cpp
C++;src/app/commands/new_params.h
C++;src/app/commands/params.h
C++;src/app/commands/quick_command.cpp
C++;src/app/commands/quick_command.h
C++;src/app/commands/screenshot.cpp
C++;src/app/commands/set_playback_speed.cpp
C++;src/app/commands/show_menu.cpp
C++;src/app/commands/tileset_mode.cpp
C++;src/app/commands/toggle_other_layers_opacity.cpp
C++;src/app/commands/toggle_play_option.cpp
C++;src/app/console.cpp
C++;src/app/console.h
C++;src/app/context.cpp
C++;src/app/context.h
C++;src/app/context_access.h
C++;src/app/context_flags.cpp
C++;src/app/context_flags.h
C++;src/app/context_observer.h
C++;src/app/context_tests.cpp
C++;src/app/crash/backup_observer.cpp
C++;src/app/crash/backup_observer.h
C++;src/app/crash/data_recovery.cpp
C++;src/app/crash/data_recovery.h
C++;src/app/crash/internals.h
C++;src/app/crash/raw_images_as.h
C++;src/app/crash/read_document.cpp
C++;src/app/crash/read_document.h
C++;src/app/crash/recovery_config.h
C++;src/app/crash/session.cpp
C++;src/app/crash/session.h
C++;src/app/crash/write_document.cpp
C++;src/app/crash/write_document.h
C++;src/app/doc.cpp
C++;src/app/doc.h
C++;src/app/doc_access.h
C++;src/app/doc_api.cpp
C++;src/app/doc_api.h
C++;src/app/doc_api_tests.cpp
C++;src/app/doc_diff.cpp
C++;src/app/doc_diff.h
C++;src/app/doc_event.h
C++;src/app/doc_exporter.cpp
C++;src/app/doc_exporter.h
C++;src/app/doc_observer.h
C++;src/app/doc_range.cpp
C++;src/app/doc_range.h
C++;src/app/doc_range_ops.cpp
C++;src/app/doc_range_ops.h
C++;src/app/doc_range_tests.cpp
C++;src/app/doc_undo.cpp
C++;src/app/doc_undo.h
C++;src/app/doc_undo_observer.h
C++;src/app/docs.cpp
C++;src/app/docs.h
C++;src/app/docs_observer.h
C++;src/app/drop_frame_place.h
C++;src/app/editor_benchmark.cpp
C++;src/app/errno_tests.cpp
C++;src/app/extensions.cpp
C++;src/app/extensions.h
C++;src/app/extra_cel.cpp
C++;src/app/extra_cel.h
C++;src/app/file/ase_format.cpp
C++;src/app/file/bmp_format.cpp
C++;src/app/file/css_format.cpp
C++;src/app/file/file.cpp
C++;src/app/file/file.h
C++;src/app/file/file_data.cpp
C++;src/app/file/file_data.h
C++;src/app/file/file_format.cpp
C++;src/app/file/file_format.h
C++;src/app/file/file_formats_manager.cpp
C++;src/app/file/file_formats_manager.h
C++;src/app/file/file_op_config.cpp
C++;src/app/file/file_op_config.h
C++;src/app/file/file_tests.cpp
C++;src/app/file/fli_format.cpp
C++;src/app/file/format_options.h
C++;src/app/file/gif_format.cpp
C++;src/app/file/gif_format.h
C++;src/app/file/gif_options.h
C++;src/app/file/ico_format.cpp
C++;src/app/file/jpeg_format.cpp
C++;src/app/file/palette_file.cpp
C++;src/app/file/palette_file.h
C++;src/app/file/pcx_format.cpp
C++;src/app/file/png_format.cpp
C++;src/app/file/png_format.h
C++;src/app/file/png_options.h
C++;src/app/file/psd_format.cpp
C++;src/app/file/qoi_format.cpp
C++;src/app/file/split_filename.cpp
C++;src/app/file/split_filename.h
C++;src/app/file/split_filename_tests.cpp
C++;src/app/file/svg_format.cpp
C++;src/app/file/tga_format.cpp
C++;src/app/file/tga_options.h
C++;src/app/file/webp_format.cpp
C++;src/app/file/webp_options.h
C++;src/app/file_selector.cpp
C++;src/app/file_selector.h
C++;src/app/file_system.cpp
C++;src/app/file_system.h
C++;src/app/filename_formatter.cpp
C++;src/app/filename_formatter.h
C++;src/app/filename_formatter_tests.cpp
C++;src/app/find_widget.h
C++;src/app/flatten.cpp
C++;src/app/flatten.h
C++;src/app/font_path.cpp
C++;src/app/font_path.h
C++;src/app/font_path_unix.cpp
C++;src/app/font_path_win.cpp
C++;src/app/gui_xml.cpp
C++;src/app/gui_xml.h
C++;src/app/i18n/lang_info.h
C++;src/app/i18n/strings.cpp
C++;src/app/i18n/strings.h
C++;src/app/i18n/xml_translator.cpp
C++;src/app/i18n/xml_translator.h
C++;src/app/ini_file.cpp
C++;src/app/ini_file.h
C++;src/app/ini_file_tests.cpp
C++;src/app/inline_command_execution.h
C++;src/app/job.cpp
C++;src/app/job.h
C++;src/app/launcher.cpp
C++;src/app/launcher.h
C++;src/app/load_matrix.cpp
C++;src/app/load_matrix.h
C++;src/app/load_widget.h
C++;src/app/log.cpp
C++;src/app/log.h
C++;src/app/loop_tag.cpp
C++;src/app/loop_tag.h
C++;src/app/match_words.h
C++;src/app/modules.cpp
C++;src/app/modules.h
C++;src/app/modules/gfx.cpp
C++;src/app/modules/gfx.h
C++;src/app/modules/gui.cpp
C++;src/app/modules/gui.h
C++;src/app/modules/palettes.cpp
C++;src/app/modules/palettes.h
C++;src/app/notification_delegate.h
C++;src/app/pref/option.h
C++;src/app/pref/option_io.h
C++;src/app/pref/preferences.cpp
C++;src/app/pref/preferences.h
C++;src/app/recent_files.cpp
C++;src/app/recent_files.h
C++;src/app/render/renderer.h
C++;src/app/render/shader_renderer.cpp
C++;src/app/render/shader_renderer.h
C++;src/app/render/simple_renderer.cpp
C++;src/app/render/simple_renderer.h
C++;src/app/res/http_loader.cpp
C++;src/app/res/http_loader.h
C++;src/app/res/palette_resource.h
C++;src/app/res/palettes_loader_delegate.cpp
C++;src/app/res/palettes_loader_delegate.h
C++;src/app/res/resource.h
C++;src/app/res/resources_loader.cpp
C++;src/app/res/resources_loader.h
C++;src/app/res/resources_loader_delegate.h
C++;src/app/resource_finder.cpp
C++;src/app/resource_finder.h
C++;src/app/restore_visible_layers.cpp
C++;src/app/restore_visible_layers.h
C++;src/app/script/app_command_object.cpp
C++;src/app/script/app_fs_object.cpp
C++;src/app/script/app_object.cpp
C++;src/app/script/app_theme_object.cpp
C++;src/app/script/blend_mode.h
C++;src/app/script/brush_class.cpp
C++;src/app/script/canvas_widget.cpp
C++;src/app/script/canvas_widget.h
C++;src/app/script/cel_class.cpp
C++;src/app/script/cels_class.cpp
C++;src/app/script/color_class.cpp
C++;src/app/script/color_space_class.cpp
C++;src/app/script/dialog_class.cpp
C++;src/app/script/docobj.h
C++;src/app/script/editor_class.cpp
C++;src/app/script/engine.cpp
C++;src/app/script/engine.h
C++;src/app/script/events_class.cpp
C++;src/app/script/frame_class.cpp
C++;src/app/script/frames_class.cpp
C++;src/app/script/graphics_context.cpp
C++;src/app/script/graphics_context.h
C++;src/app/script/grid_class.cpp
C++;src/app/script/image_class.cpp
C++;src/app/script/image_iterator_class.cpp
C++;src/app/script/image_spec_class.cpp
C++;src/app/script/images_class.cpp
C++;src/app/script/json_class.cpp
C++;src/app/script/keys.cpp
C++;src/app/script/keys.h
C++;src/app/script/layer_class.cpp
C++;src/app/script/layers_class.cpp
C++;src/app/script/luacpp.cpp
C++;src/app/script/luacpp.h
C++;src/app/script/palette_class.cpp
C++;src/app/script/palettes_class.cpp
C++;src/app/script/pixel_color_object.cpp
C++;src/app/script/plugin_class.cpp
C++;src/app/script/point_class.cpp
C++;src/app/script/preferences_object.cpp
C++;src/app/script/properties_class.cpp
C++;src/app/script/range_class.cpp
C++;src/app/script/rectangle_class.cpp
C++;src/app/script/registry.h
C++;src/app/script/require.cpp
C++;src/app/script/require.h
C++;src/app/script/security.cpp
C++;src/app/script/security.h
C++;src/app/script/selection_class.cpp
C++;src/app/script/site_class.cpp
C++;src/app/script/size_class.cpp
C++;src/app/script/slice_class.cpp
C++;src/app/script/slices_class.cpp
C++;src/app/script/sprite_class.cpp
C++;src/app/script/sprites_class.cpp
C++;src/app/script/tabs_widget.cpp
C++;src/app/script/tabs_widget.h
C++;src/app/script/tag_class.cpp
C++;src/app/script/tags_class.cpp
C++;src/app/script/tile_class.cpp
C++;src/app/script/tileset_class.cpp
C++;src/app/script/tilesets_class.cpp
C++;src/app/script/timer_class.cpp
C++;src/app/script/tool_class.cpp
C++;src/app/script/userdata.h
C++;src/app/script/uuid_class.cpp
C++;src/app/script/values.cpp
C++;src/app/script/values.h
C++;src/app/script/version_class.cpp
C++;src/app/script/websocket_class.cpp
C++;src/app/script/window_class.cpp
C++;src/app/send_crash.cpp
C++;src/app/send_crash.h
C++;src/app/sentry_wrapper.cpp
C++;src/app/sentry_wrapper.h
C++;src/app/shade.cpp
C++;src/app/shade.h
C++;src/app/shell.cpp
C++;src/app/shell.h
C++;src/app/site.cpp
C++;src/app/site.h
C++;src/app/snap_to_grid.cpp
C++;src/app/snap_to_grid.h
C++;src/app/sprite_job.cpp
C++;src/app/sprite_job.h
C++;src/app/sprite_position.h
C++;src/app/sprite_sheet_data_format.h
C++;src/app/sprite_sheet_type.h
C++;src/app/tags_handling.h
C++;src/app/task.cpp
C++;src/app/task.h
C++;src/app/test_context.h
C++;src/app/thumbnail_generator.cpp
C++;src/app/thumbnail_generator.h
C++;src/app/thumbnails.cpp
C++;src/app/thumbnails.h
C++;src/app/tilemap_mode.h
C++;src/app/tileset_mode.h
C++;src/app/tools/active_tool.cpp
C++;src/app/tools/active_tool.h
C++;src/app/tools/active_tool_observer.h
C++;src/app/tools/controller.h
C++;src/app/tools/controllers.h
C++;src/app/tools/dynamics.h
C++;src/app/tools/fill.h
C++;src/app/tools/freehand_algorithm.h
C++;src/app/tools/ink.h
C++;src/app/tools/ink_processing.h
C++;src/app/tools/ink_type.cpp
C++;src/app/tools/ink_type.h
C++;src/app/tools/inks.h
C++;src/app/tools/intertwine.cpp
C++;src/app/tools/intertwine.h
C++;src/app/tools/intertwiners.h
C++;src/app/tools/pick_ink.cpp
C++;src/app/tools/pick_ink.h
C++;src/app/tools/point_shape.cpp
C++;src/app/tools/point_shape.h
C++;src/app/tools/point_shapes.h
C++;src/app/tools/pointer.h
C++;src/app/tools/rotation_algorithm.h
C++;src/app/tools/stroke.cpp
C++;src/app/tools/stroke.h
C++;src/app/tools/symmetry.cpp
C++;src/app/tools/symmetry.h
C++;src/app/tools/tool.h
C++;src/app/tools/tool_box.cpp
C++;src/app/tools/tool_box.h
C++;src/app/tools/tool_group.h
C++;src/app/tools/tool_loop.h
C++;src/app/tools/tool_loop_manager.cpp
C++;src/app/tools/tool_loop_manager.h
C++;src/app/tools/tool_loop_modifiers.h
C++;src/app/tools/trace_policy.h
C++;src/app/tools/velocity.cpp
C++;src/app/tools/velocity.h
C++;src/app/transaction.cpp
C++;src/app/transaction.h
C++;src/app/transformation.cpp
C++;src/app/transformation.h
C++;src/app/tx.h
C++;src/app/ui/app_menuitem.cpp
C++;src/app/ui/app_menuitem.h
C++;src/app/ui/aseprite_update.cpp
C++;src/app/ui/aseprite_update.h
C++;src/app/ui/backup_indicator.cpp
C++;src/app/ui/backup_indicator.h
C++;src/app/ui/browser_view.cpp
C++;src/app/ui/browser_view.h
C++;src/app/ui/brush_popup.cpp
C++;src/app/ui/brush_popup.h
C++;src/app/ui/button_set.cpp
C++;src/app/ui/button_set.h
C++;src/app/ui/color_bar.cpp
C++;src/app/ui/color_bar.h
C++;src/app/ui/color_button.cpp
C++;src/app/ui/color_button.h
C++;src/app/ui/color_button_options.h
C++;src/app/ui/color_popup.cpp
C++;src/app/ui/color_popup.h
C++;src/app/ui/color_selector.cpp
C++;src/app/ui/color_selector.h
C++;src/app/ui/color_shades.cpp
C++;src/app/ui/color_shades.h
C++;src/app/ui/color_sliders.cpp
C++;src/app/ui/color_sliders.h
C++;src/app/ui/color_source.h
C++;src/app/ui/color_spectrum.cpp
C++;src/app/ui/color_spectrum.h
C++;src/app/ui/color_tint_shade_tone.cpp
C++;src/app/ui/color_tint_shade_tone.h
C++;src/app/ui/color_wheel.cpp
C++;src/app/ui/color_wheel.h
C++;src/app/ui/configure_timeline_popup.cpp
C++;src/app/ui/configure_timeline_popup.h
C++;src/app/ui/context_bar.cpp
C++;src/app/ui/context_bar.h
C++;src/app/ui/context_bar_observer.h
C++;src/app/ui/data_recovery_view.cpp
C++;src/app/ui/data_recovery_view.h
C++;src/app/ui/devconsole_view.cpp
C++;src/app/ui/devconsole_view.h
C++;src/app/ui/dithering_selector.cpp
C++;src/app/ui/dithering_selector.h
C++;src/app/ui/doc_observer_widget.h
C++;src/app/ui/doc_view.cpp
C++;src/app/ui/doc_view.h
C++;src/app/ui/draggable_widget.h
C++;src/app/ui/drop_down_button.cpp
C++;src/app/ui/drop_down_button.h
C++;src/app/ui/dynamics_popup.cpp
C++;src/app/ui/dynamics_popup.h
C++;src/app/ui/editor/brush_preview.cpp
C++;src/app/ui/editor/brush_preview.h
C++;src/app/ui/editor/delayed_mouse_move.cpp
C++;src/app/ui/editor/delayed_mouse_move.h
C++;src/app/ui/editor/dragging_value_state.cpp
C++;src/app/ui/editor/dragging_value_state.h
C++;src/app/ui/editor/drawing_state.cpp
C++;src/app/ui/editor/drawing_state.h
C++;src/app/ui/editor/editor.cpp
C++;src/app/ui/editor/editor.h
C++;src/app/ui/editor/editor_customization_delegate.h
C++;src/app/ui/editor/editor_decorator.h
C++;src/app/ui/editor/editor_hit.h
C++;src/app/ui/editor/editor_observer.h
C++;src/app/ui/editor/editor_observers.cpp
C++;src/app/ui/editor/editor_observers.h
C++;src/app/ui/editor/editor_render.cpp
C++;src/app/ui/editor/editor_render.h
C++;src/app/ui/editor/editor_state.h
C++;src/app/ui/editor/editor_states_history.cpp
C++;src/app/ui/editor/editor_states_history.h
C++;src/app/ui/editor/editor_view.cpp
C++;src/app/ui/editor/editor_view.h
C++;src/app/ui/editor/glue.h
C++;src/app/ui/editor/handle_type.h
C++;src/app/ui/editor/moving_cel_state.cpp
C++;src/app/ui/editor/moving_cel_state.h
C++;src/app/ui/editor/moving_pixels_state.cpp
C++;src/app/ui/editor/moving_pixels_state.h
C++;src/app/ui/editor/moving_selection_state.cpp
C++;src/app/ui/editor/moving_selection_state.h
C++;src/app/ui/editor/moving_slice_state.cpp
C++;src/app/ui/editor/moving_slice_state.h
C++;src/app/ui/editor/moving_symmetry_state.cpp
C++;src/app/ui/editor/moving_symmetry_state.h
C++;src/app/ui/editor/navigate_state.cpp
C++;src/app/ui/editor/navigate_state.h
C++;src/app/ui/editor/pivot_helpers.cpp
C++;src/app/ui/editor/pivot_helpers.h
C++;src/app/ui/editor/pixels_movement.cpp
C++;src/app/ui/editor/pixels_movement.h
C++;src/app/ui/editor/play_state.cpp
C++;src/app/ui/editor/play_state.h
C++;src/app/ui/editor/ruler.h
C++;src/app/ui/editor/scrolling_state.cpp
C++;src/app/ui/editor/scrolling_state.h
C++;src/app/ui/editor/select_box_state.cpp
C++;src/app/ui/editor/select_box_state.h
C++;src/app/ui/editor/standby_state.cpp
C++;src/app/ui/editor/standby_state.h
C++;src/app/ui/editor/state_with_wheel_behavior.cpp
C++;src/app/ui/editor/state_with_wheel_behavior.h
C++;src/app/ui/editor/tool_loop_impl.cpp
C++;src/app/ui/editor/tool_loop_impl.h
C++;src/app/ui/editor/transform_handles.cpp
C++;src/app/ui/editor/transform_handles.h
C++;src/app/ui/editor/vec2.h
C++;src/app/ui/editor/zooming_state.cpp
C++;src/app/ui/editor/zooming_state.h
C++;src/app/ui/enter_license.cpp
C++;src/app/ui/enter_license.h
C++;src/app/ui/export_file_window.cpp
C++;src/app/ui/export_file_window.h
C++;src/app/ui/expr_entry.cpp
C++;src/app/ui/expr_entry.h
C++;src/app/ui/file_list.cpp
C++;src/app/ui/file_list.h
C++;src/app/ui/file_list_view.cpp
C++;src/app/ui/file_list_view.h
C++;src/app/ui/file_selector.cpp
C++;src/app/ui/file_selector.h
C++;src/app/ui/filename_field.cpp
C++;src/app/ui/filename_field.h
C++;src/app/ui/font_popup.cpp
C++;src/app/ui/font_popup.h
C++;src/app/ui/hex_color_entry.cpp
C++;src/app/ui/hex_color_entry.h
C++;src/app/ui/home_view.cpp
C++;src/app/ui/home_view.h
C++;src/app/ui/icon_button.cpp
C++;src/app/ui/icon_button.h
C++;src/app/ui/incompat_file_window.cpp
C++;src/app/ui/incompat_file_window.h
C++;src/app/ui/input_chain.cpp
C++;src/app/ui/input_chain.h
C++;src/app/ui/input_chain_element.h
C++;src/app/ui/key.h
C++;src/app/ui/key_context.h
C++;src/app/ui/keyboard_shortcuts.cpp
C++;src/app/ui/keyboard_shortcuts.h
C++;src/app/ui/layer_frame_comboboxes.cpp
C++;src/app/ui/layer_frame_comboboxes.h
C++;src/app/ui/main_menu_bar.cpp
C++;src/app/ui/main_menu_bar.h
C++;src/app/ui/main_window.cpp
C++;src/app/ui/main_window.h
C++;src/app/ui/marching_ants.h
C++;src/app/ui/news_listbox.cpp
C++;src/app/ui/news_listbox.h
C++;src/app/ui/notifications.cpp
C++;src/app/ui/notifications.h
C++;src/app/ui/optional_alert.cpp
C++;src/app/ui/optional_alert.h
C++;src/app/ui/palette_popup.cpp
C++;src/app/ui/palette_popup.h
C++;src/app/ui/palette_view.cpp
C++;src/app/ui/palette_view.h
C++;src/app/ui/palettes_listbox.cpp
C++;src/app/ui/palettes_listbox.h
C++;src/app/ui/popup_window_pin.cpp
C++;src/app/ui/popup_window_pin.h
C++;src/app/ui/pref_widget.cpp
C++;src/app/ui/pref_widget.h
C++;src/app/ui/preview_editor.cpp
C++;src/app/ui/preview_editor.h
C++;src/app/ui/recent_listbox.cpp
C++;src/app/ui/recent_listbox.h
C++;src/app/ui/resources_listbox.cpp
C++;src/app/ui/resources_listbox.h
C++;src/app/ui/rgbmap_algorithm_selector.cpp
C++;src/app/ui/rgbmap_algorithm_selector.h
C++;src/app/ui/sampling_selector.cpp
C++;src/app/ui/sampling_selector.h
C++;src/app/ui/search_entry.cpp
C++;src/app/ui/search_entry.h
C++;src/app/ui/select_accelerator.cpp
C++;src/app/ui/select_accelerator.h
C++;src/app/ui/selection_mode_field.cpp
C++;src/app/ui/selection_mode_field.h
C++;src/app/ui/separator_in_view.h
C++;src/app/ui/skin/background_repeat.h
C++;src/app/ui/skin/font_data.cpp
C++;src/app/ui/skin/font_data.h
C++;src/app/ui/skin/skin_part.cpp
C++;src/app/ui/skin/skin_part.h
C++;src/app/ui/skin/skin_property.cpp
C++;src/app/ui/skin/skin_property.h
C++;src/app/ui/skin/skin_slider_property.cpp
C++;src/app/ui/skin/skin_slider_property.h
C++;src/app/ui/skin/skin_theme.cpp
C++;src/app/ui/skin/skin_theme.h
C++;src/app/ui/slice_window.cpp
C++;src/app/ui/slice_window.h
C++;src/app/ui/slider2.cpp
C++;src/app/ui/slider2.h
C++;src/app/ui/status_bar.cpp
C++;src/app/ui/status_bar.h
C++;src/app/ui/tabs.cpp
C++;src/app/ui/tabs.h
C++;src/app/ui/tag_window.cpp
C++;src/app/ui/tag_window.h
C++;src/app/ui/task_widget.cpp
C++;src/app/ui/task_widget.h
C++;src/app/ui/tile_button.cpp
C++;src/app/ui/tile_button.h
C++;src/app/ui/tile_source.h
C++;src/app/ui/tileset_selector.cpp
C++;src/app/ui/tileset_selector.h
C++;src/app/ui/timeline/ani_controls.cpp
C++;src/app/ui/timeline/ani_controls.h
C++;src/app/ui/timeline/timeline.cpp
C++;src/app/ui/timeline/timeline.h
C++;src/app/ui/timeline/timeline_observer.h
C++;src/app/ui/toolbar.cpp
C++;src/app/ui/toolbar.h
C++;src/app/ui/user_data_view.cpp
C++;src/app/ui/user_data_view.h
C++;src/app/ui/workspace.cpp
C++;src/app/ui/workspace.h
C++;src/app/ui/workspace_panel.cpp
C++;src/app/ui/workspace_panel.h
C++;src/app/ui/workspace_tabs.cpp
C++;src/app/ui/workspace_tabs.h
C++;src/app/ui/workspace_view.h
C++;src/app/ui/workspace_views.h
C++;src/app/ui/zoom_entry.cpp
C++;src/app/ui/zoom_entry.h
C++;src/app/ui_context.cpp
C++;src/app/ui_context.h
C++;src/app/util/autocrop.cpp
C++;src/app/util/autocrop.h
C++;src/app/util/buffer_region.cpp
C++;src/app/util/buffer_region.h
C++;src/app/util/cel_ops.cpp
C++;src/app/util/cel_ops.h
C++;src/app/util/clipboard.cpp
C++;src/app/util/clipboard.h
C++;src/app/util/clipboard_native.cpp
C++;src/app/util/conversion_to_surface.cpp
C++;src/app/util/conversion_to_surface.h
C++;src/app/util/expand_cel_canvas.cpp
C++;src/app/util/expand_cel_canvas.h
C++;src/app/util/filetoks.cpp
C++;src/app/util/freetype_utils.cpp
C++;src/app/util/freetype_utils.h
C++;src/app/util/layer_boundaries.cpp
C++;src/app/util/layer_boundaries.h
C++;src/app/util/layer_utils.cpp
C++;src/app/util/layer_utils.h
C++;src/app/util/msk_file.cpp
C++;src/app/util/msk_file.h
C++;src/app/util/new_image_from_mask.cpp
C++;src/app/util/new_image_from_mask.h
C++;src/app/util/open_batch.h
C++;src/app/util/pal_ops.cpp
C++;src/app/util/pal_ops.h
C++;src/app/util/pic_file.cpp
C++;src/app/util/pic_file.h
C++;src/app/util/pixel_ratio.cpp
C++;src/app/util/pixel_ratio.h
C++;src/app/util/range_utils.cpp
C++;src/app/util/range_utils.h
C++;src/app/util/readable_time.cpp
C++;src/app/util/readable_time.h
C++;src/app/util/resize_image.cpp
C++;src/app/util/resize_image.h
C++;src/app/util/shader_helpers.h
C++;src/app/util/tiled_mode.h
C++;src/app/util/tileset_utils.cpp
C++;src/app/util/tileset_utils.h
C++;src/app/util/wrap_point.cpp
C++;src/app/util/wrap_point.h
C++;src/app/util/wrap_value.h
C++;src/app/widget_loader.cpp
C++;src/app/widget_loader.h
C++;src/app/widget_not_found.h
C++;src/app/widget_type_mismatch.h
C++;src/app/xml_document.cpp
C++;src/app/xml_document.h
C++;src/app/xml_exception.cpp
C++;src/app/xml_exception.h
C++;src/cfg/cfg.cpp
C++;src/cfg/cfg.h
C++;src/desktop/linux/kde/aseprite_thumb_creator.cpp
C++;src/desktop/linux/kde/aseprite_thumb_creator.h
C++;src/desktop/osx/thumbnail.h
C++;src/desktop/win/class_factory.h
C++;src/desktop/win/dllmain.cpp
C++;src/desktop/win/thumbnail_handler.cpp
C++;src/desktop/win/thumbnail_handler.h
C++;src/dio/aseprite_common.cpp
C++;src/dio/aseprite_common.h
C++;src/dio/aseprite_decoder.cpp
C++;src/dio/aseprite_decoder.h
C++;src/dio/decode_delegate.h
C++;src/dio/decode_file.cpp
C++;src/dio/decode_file.h
C++;src/dio/decoder.cpp
C++;src/dio/decoder.h
C++;src/dio/detect_format.cpp
C++;src/dio/detect_format.h
C++;src/dio/file_format.h
C++;src/dio/file_interface.h
C++;src/dio/pixel_io.h
C++;src/dio/stdio.cpp
C++;src/doc/algo.cpp
C++;src/doc/algo.h
C++;src/doc/algorithm/fill_selection.cpp
C++;src/doc/algorithm/fill_selection.h
C++;src/doc/algorithm/fill_selection_tests.cpp
C++;src/doc/algorithm/flip_benchmark.cpp
C++;src/doc/algorithm/flip_image.cpp
C++;src/doc/algorithm/flip_image.h
C++;src/doc/algorithm/flip_tests.cpp
C++;src/doc/algorithm/flip_type.h
C++;src/doc/algorithm/floodfill.cpp
C++;src/doc/algorithm/floodfill.h
C++;src/doc/algorithm/hline.h
C++;src/doc/algorithm/modify_selection.cpp
C++;src/doc/algorithm/modify_selection.h
C++;src/doc/algorithm/polygon.cpp
C++;src/doc/algorithm/polygon.h
C++;src/doc/algorithm/polygon_tests.cpp
C++;src/doc/algorithm/random_image.cpp
C++;src/doc/algorithm/random_image.h
C++;src/doc/algorithm/resize_image.cpp
C++;src/doc/algorithm/resize_image.h
C++;src/doc/algorithm/rotate.cpp
C++;src/doc/algorithm/rotate.h
C++;src/doc/algorithm/rotsprite.cpp
C++;src/doc/algorithm/rotsprite.h
C++;src/doc/algorithm/shift_image.cpp
C++;src/doc/algorithm/shift_image.h
C++;src/doc/algorithm/shrink_benchmark.cpp
C++;src/doc/algorithm/shrink_bounds.cpp
C++;src/doc/algorithm/shrink_bounds.h
C++;src/doc/algorithm/stroke_selection.cpp
C++;src/doc/algorithm/stroke_selection.h
C++;src/doc/anidir.cpp
C++;src/doc/anidir.h
C++;src/doc/blend_benchmark.cpp
C++;src/doc/blend_funcs.cpp
C++;src/doc/blend_funcs.h
C++;src/doc/blend_mode.cpp
C++;src/doc/blend_mode.h
C++;src/doc/brush.cpp
C++;src/doc/brush.h
C++;src/doc/brush_pattern.h
C++;src/doc/brush_type.cpp
C++;src/doc/brush_type.h
C++;src/doc/brushes.h
C++;src/doc/cancel_io.h
C++;src/doc/cel.cpp
C++;src/doc/cel.h
C++;src/doc/cel_data.cpp
C++;src/doc/cel_data.h
C++;src/doc/cel_data_io.cpp
C++;src/doc/cel_data_io.h
C++;src/doc/cel_io.cpp
C++;src/doc/cel_io.h
C++;src/doc/cel_list.h
C++;src/doc/cels_range.cpp
C++;src/doc/cels_range.h
C++;src/doc/color.cpp
C++;src/doc/color.h
C++;src/doc/color_mode.h
C++;src/doc/color_scales.h
C++;src/doc/color_scales_tests.cpp
C++;src/doc/compressed_image.cpp
C++;src/doc/compressed_image.h
C++;src/doc/document.cpp
C++;src/doc/document.h
C++;src/doc/file/act_file.cpp
C++;src/doc/file/act_file.h
C++;src/doc/file/col_file.cpp
C++;src/doc/file/col_file.h
C++;src/doc/file/gpl_file.cpp
C++;src/doc/file/gpl_file.h
C++;src/doc/file/hex_file.cpp
C++;src/doc/file/hex_file.h
C++;src/doc/file/pal_file.cpp
C++;src/doc/file/pal_file.h
C++;src/doc/frame.h
C++;src/doc/frame_range.h
C++;src/doc/grid.cpp
C++;src/doc/grid.h
C++;src/doc/grid_io.cpp
C++;src/doc/grid_io.h
C++;src/doc/grid_tests.cpp
C++;src/doc/image.cpp
C++;src/doc/image.h
C++;src/doc/image_bits.h
C++;src/doc/image_buffer.h
C++;src/doc/image_impl.cpp
C++;src/doc/image_impl.h
C++;src/doc/image_io.cpp
C++;src/doc/image_io.h
C++;src/doc/image_iterator.h
C++;src/doc/image_ref.h
C++;src/doc/image_spec.h
C++;src/doc/image_tests.cpp
C++;src/doc/image_traits.h
C++;src/doc/images_map.h
C++;src/doc/keyframes.h
C++;src/doc/keyframes_tests.cpp
C++;src/doc/layer.cpp
C++;src/doc/layer.h
C++;src/doc/layer_io.cpp
C++;src/doc/layer_io.h
C++;src/doc/layer_list.cpp
C++;src/doc/layer_list.h
C++;src/doc/layer_list_tests.cpp
C++;src/doc/layer_tilemap.cpp
C++;src/doc/layer_tilemap.h
C++;src/doc/mask.cpp
C++;src/doc/mask.h
C++;src/doc/mask_boundaries.cpp
C++;src/doc/mask_boundaries.h
C++;src/doc/mask_io.cpp
C++;src/doc/mask_io.h
C++;src/doc/object.cpp
C++;src/doc/object.h
C++;src/doc/object_id.h
C++;src/doc/object_ids.h
C++;src/doc/object_type.h
C++;src/doc/object_version.h
C++;src/doc/octree_map.cpp
C++;src/doc/octree_map.h
C++;src/doc/palette.cpp
C++;src/doc/palette.h
C++;src/doc/palette_gradient_type.h
C++;src/doc/palette_io.cpp
C++;src/doc/palette_io.h
C++;src/doc/palette_picks.h
C++;src/doc/pixel_format.h
C++;src/doc/pixel_ratio.h
C++;src/doc/playback.cpp
C++;src/doc/playback.h
C++;src/doc/playback_tests.cpp
C++;src/doc/primitives.cpp
C++;src/doc/primitives.h
C++;src/doc/primitives_benchmark.cpp
C++;src/doc/primitives_fast.h
C++;src/doc/primitives_tests.cpp
C++;src/doc/remap.cpp
C++;src/doc/remap.h
C++;src/doc/remap_tests.cpp
C++;src/doc/render_plan.cpp
C++;src/doc/render_plan.h
C++;src/doc/render_plan_tests.cpp
C++;src/doc/resize_image_tests.cpp
C++;src/doc/rgbmap.h
C++;src/doc/rgbmap_algorithm.h
C++;src/doc/rgbmap_rgb5a3.cpp
C++;src/doc/rgbmap_rgb5a3.h
C++;src/doc/selected_frames.cpp
C++;src/doc/selected_frames.h
C++;src/doc/selected_frames_tests.cpp
C++;src/doc/selected_layers.cpp
C++;src/doc/selected_layers.h
C++;src/doc/selected_objects.h
C++;src/doc/slice.cpp
C++;src/doc/slice.h
C++;src/doc/slice_io.cpp
C++;src/doc/slice_io.h
C++;src/doc/slices.cpp
C++;src/doc/slices.h
C++;src/doc/sort_palette.cpp
C++;src/doc/sort_palette.h
C++;src/doc/sprite.cpp
C++;src/doc/sprite.h
C++;src/doc/sprite_tests.cpp
C++;src/doc/sprites.cpp
C++;src/doc/sprites.h
C++;src/doc/string_io.cpp
C++;src/doc/string_io.h
C++;src/doc/subobjects_io.cpp
C++;src/doc/subobjects_io.h
C++;src/doc/tag.cpp
C++;src/doc/tag.h
C++;src/doc/tag_io.cpp
C++;src/doc/tag_io.h
C++;src/doc/tags.cpp
C++;src/doc/tags.h
C++;src/doc/tile.h
C++;src/doc/tileset.cpp
C++;src/doc/tileset.h
C++;src/doc/tileset_hash_table.h
C++;src/doc/tileset_io.cpp
C++;src/doc/tileset_io.h
C++;src/doc/tilesets.cpp
C++;src/doc/tilesets.h
C++;src/doc/user_data.cpp
C++;src/doc/user_data.h
C++;src/doc/user_data_io.cpp
C++;src/doc/user_data_io.h
C++;src/doc/user_data_tests.cpp
C++;src/doc/util.cpp
C++;src/doc/util.h
C++;src/doc/with_user_data.h
C++;src/filters/brightness_contrast_filter.cpp
C++;src/filters/brightness_contrast_filter.h
C++;src/filters/color_curve.cpp
C++;src/filters/color_curve.h
C++;src/filters/color_curve_filter.cpp
C++;src/filters/color_curve_filter.h
C++;src/filters/convolution_matrix.cpp
C++;src/filters/convolution_matrix.h
C++;src/filters/convolution_matrix_filter.cpp
C++;src/filters/convolution_matrix_filter.h
C++;src/filters/filter.cpp
C++;src/filters/filter.h
C++;src/filters/filter_indexed_data.h
C++;src/filters/filter_manager.h
C++;src/filters/hue_saturation_filter.cpp
C++;src/filters/hue_saturation_filter.h
C++;src/filters/invert_color_filter.cpp
C++;src/filters/invert_color_filter.h
C++;src/filters/median_filter.cpp
C++;src/filters/median_filter.h
C++;src/filters/neighboring_pixels.h
C++;src/filters/outline_filter.cpp
C++;src/filters/outline_filter.h
C++;src/filters/replace_color_filter.cpp
C++;src/filters/replace_color_filter.h
C++;src/filters/target.h
C++;src/filters/tiled_mode.h
C++;src/fixmath/fixmath.cpp
C++;src/fixmath/fixmath.h
C++;src/gen/check_strings.cpp
C++;src/gen/check_strings.h
C++;src/gen/common.h
C++;src/gen/gen.cpp
C++;src/gen/pref_types.cpp
C++;src/gen/pref_types.h
C++;src/gen/strings_class.cpp
C++;src/gen/strings_class.h
C++;src/gen/theme_class.cpp
C++;src/gen/theme_class.h
C++;src/gen/ui_class.cpp
C++;src/gen/ui_class.h
C++;src/main/main.cpp
C++;src/net/http_headers.cpp
C++;src/net/http_headers.h
C++;src/net/http_request.cpp
C++;src/net/http_request.h
C++;src/net/http_response.cpp
C++;src/net/http_response.h
C++;src/render/bg_options.h
C++;src/render/bg_type.h
C++;src/render/color_histogram.h
C++;src/render/dithering.h
C++;src/render/dithering_algorithm.h
C++;src/render/dithering_matrix.h
C++;src/render/error_diffusion.cpp
C++;src/render/error_diffusion.h
C++;src/render/extra_type.h
C++;src/render/get_sprite_pixel.cpp
C++;src/render/get_sprite_pixel.h
C++;src/render/gradient.cpp
C++;src/render/gradient.h
C++;src/render/median_cut.h
C++;src/render/onionskin_options.h
C++;src/render/onionskin_position.h
C++;src/render/onionskin_type.h
C++;src/render/ordered_dither.cpp
C++;src/render/ordered_dither.h
C++;src/render/ordered_dither_tests.cpp
C++;src/render/projection.h
C++;src/render/quantization.cpp
C++;src/render/quantization.h
C++;src/render/rasterize.cpp
C++;src/render/rasterize.h
C++;src/render/render.cpp
C++;src/render/render.h
C++;src/render/render_benchmark.cpp
C++;src/render/render_tests.cpp
C++;src/render/task_delegate.h
C++;src/render/zoom.cpp
C++;src/render/zoom.h
C++;src/steam/steam.cpp
C++;src/steam/steam.h
C++;src/ui/accelerator.cpp
C++;src/ui/accelerator.h
C++;src/ui/accelerator_ui_tests.cpp
C++;src/ui/alert.cpp
C++;src/ui/alert.h
C++;src/ui/animated_widget.h
C++;src/ui/app_state.cpp
C++;src/ui/app_state.h
C++;src/ui/base.h
C++;src/ui/box.cpp
C++;src/ui/box.h
C++;src/ui/button.cpp
C++;src/ui/button.h
C++;src/ui/clipboard_delegate.h
C++;src/ui/close_event.h
C++;src/ui/combobox.cpp
C++;src/ui/combobox.h
C++;src/ui/component.cpp
C++;src/ui/component.h
C++;src/ui/cursor.cpp
C++;src/ui/cursor.h
C++;src/ui/cursor_type.h
C++;src/ui/display.cpp
C++;src/ui/display.h
C++;src/ui/entry.cpp
C++;src/ui/entry.h
C++;src/ui/event.cpp
C++;src/ui/event.h
C++;src/ui/fit_bounds.cpp
C++;src/ui/fit_bounds.h
C++;src/ui/graphics.cpp
C++;src/ui/graphics.h
C++;src/ui/grid.cpp
C++;src/ui/grid.h
C++;src/ui/grid_ui_tests.cpp
C++;src/ui/hit_test_event.h
C++;src/ui/image_view.cpp
C++;src/ui/image_view.h
C++;src/ui/init_theme_event.h
C++;src/ui/int_entry.cpp
C++;src/ui/int_entry.h
C++;src/ui/intern.cpp
C++;src/ui/intern.h
C++;src/ui/keys.h
C++;src/ui/label.cpp
C++;src/ui/label.h
C++;src/ui/layout_io.h
C++;src/ui/link_label.cpp
C++;src/ui/link_label.h
C++;src/ui/listbox.cpp
C++;src/ui/listbox.h
C++;src/ui/listitem.cpp
C++;src/ui/listitem.h
C++;src/ui/load_layout_event.h
C++;src/ui/manager.cpp
C++;src/ui/manager.h
C++;src/ui/menu.cpp
C++;src/ui/menu.h
C++;src/ui/message.cpp
C++;src/ui/message.h
C++;src/ui/message_loop.cpp
C++;src/ui/message_loop.h
C++;src/ui/message_type.h
C++;src/ui/mouse_button.h
C++;src/ui/move_region.cpp
C++;src/ui/move_region.h
C++;src/ui/overlay.cpp
C++;src/ui/overlay.h
C++;src/ui/overlay_manager.cpp
C++;src/ui/overlay_manager.h
C++;src/ui/paint.cpp
C++;src/ui/paint.h
C++;src/ui/paint_event.cpp
C++;src/ui/paint_event.h
C++;src/ui/panel.cpp
C++;src/ui/panel.h
C++;src/ui/pointer_type.h
C++;src/ui/popup_window.cpp
C++;src/ui/popup_window.h
C++;src/ui/property.cpp
C++;src/ui/property.h
C++;src/ui/register_message.cpp
C++;src/ui/register_message.h
C++;src/ui/resize_event.cpp
C++;src/ui/resize_event.h
C++;src/ui/save_layout_event.h
C++;src/ui/scale.h
C++;src/ui/scroll_bar.cpp
C++;src/ui/scroll_bar.h
C++;src/ui/scroll_helper.cpp
C++;src/ui/scroll_helper.h
C++;src/ui/scroll_region_event.h
C++;src/ui/separator.cpp
C++;src/ui/separator.h
C++;src/ui/size_hint_event.cpp
C++;src/ui/size_hint_event.h
C++;src/ui/slider.cpp
C++;src/ui/slider.h
C++;src/ui/splitter.cpp
C++;src/ui/splitter.h
C++;src/ui/style.cpp
C++;src/ui/style.h
C++;src/ui/system.cpp
C++;src/ui/system.h
C++;src/ui/textbox.cpp
C++;src/ui/textbox.h
C++;src/ui/theme.cpp
C++;src/ui/theme.h
C++;src/ui/timer.cpp
C++;src/ui/timer.h
C++;src/ui/tooltips.cpp
C++;src/ui/tooltips.h
C++;src/ui/view.cpp
C++;src/ui/view.h
C++;src/ui/viewport.cpp
C++;src/ui/viewport.h
C++;src/ui/widget.cpp
C++;src/ui/widget.h
C++;src/ui/widget_type.h
C++;src/ui/widget_ui_tests.cpp
C++;src/ui/widgets_list.h
C++;src/ui/window.cpp
C++;src/ui/window.h
C++;src/updater/check_update.cpp
C++;src/updater/check_update.h
C++;src/updater/user_agent.cpp
C++;src/updater/user_agent.h
C;src/app/commands/commands_list.h
C;src/app/crash/doc_format.h
C;src/app/crash/log.h
C;src/app/drm.h
C;src/app/script/api_version.h
C;src/app/util/filetoks.h
C;src/config.h
C;src/doc/aligned_memory.h
C;src/doc/blend_internals.h
C;src/doc/dispatch.h
C;src/doc/doc.h
C;src/tests/app_test.h
C;src/ui/ui.h
C;src/ver/info.c
C;src/ver/info.h
Objective-C++;src/app/font_path_osx.mm
Objective-C++;src/desktop/osx/main.mm
Objective-C++;src/desktop/osx/thumbnail.mm
Lua;tests/scripts/app_active.lua
Lua;tests/scripts/app_command.lua
Lua;tests/scripts/app_fs.lua
Lua;tests/scripts/app_pixel_color.lua
Lua;tests/scripts/app_preferences.lua
Lua;tests/scripts/app_transaction.lua
Lua;tests/scripts/brush.lua
Lua;tests/scripts/cel.lua
Lua;tests/scripts/cels.lua
Lua;tests/scripts/color.lua
Lua;tests/scripts/color_convert.lua
Lua;tests/scripts/color_quantization.lua
Lua;tests/scripts/color_space.lua
Lua;tests/scripts/compare_sprite_sheets.lua
Lua;tests/scripts/console_assert.lua
Lua;tests/scripts/console_print.lua
Lua;tests/scripts/constants.lua
Lua;tests/scripts/drawing.lua
Lua;tests/scripts/events.lua
Lua;tests/scripts/frames.lua
Lua;tests/scripts/image.lua
Lua;tests/scripts/image_iterator.lua
Lua;tests/scripts/image_spec.lua
Lua;tests/scripts/import_sprite_sheet_command.lua
Lua;tests/scripts/inks.lua
Lua;tests/scripts/json.lua
Lua;tests/scripts/layer.lua
Lua;tests/scripts/layers.lua
Lua;tests/scripts/math.lua
Lua;tests/scripts/merge_down_bugs.lua
Lua;tests/scripts/os.lua
Lua;tests/scripts/paint_bucket.lua
Lua;tests/scripts/palette.lua
Lua;tests/scripts/pixel_perfect.lua
Lua;tests/scripts/point.lua
Lua;tests/scripts/print_on_gc.lua
Lua;tests/scripts/range.lua
Lua;tests/scripts/rectangle.lua
Lua;tests/scripts/require.lua
Lua;tests/scripts/require_module.lua
Lua;tests/scripts/save_file_command.lua
Lua;tests/scripts/selection.lua
Lua;tests/scripts/selection_tools.lua
Lua;tests/scripts/size.lua
Lua;tests/scripts/slice.lua
Lua;tests/scripts/slices.lua
Lua;tests/scripts/sprite.lua
Lua;tests/scripts/sprite_modified.lua
Lua;tests/scripts/string.lua
Lua;tests/scripts/tag.lua
Lua;tests/scripts/tags.lua
Lua;tests/scripts/test_utils.lua
Lua;tests/scripts/tiledata.lua
Lua;tests/scripts/tilemap.lua
Lua;tests/scripts/tileset.lua
Lua;tests/scripts/tools.lua
Lua;tests/scripts/userdata.lua
Lua;tests/scripts/userdata_codec.lua
Lua;tests/scripts/uuid.lua
Lua;tests/scripts/version.lua
