INFO:root:Activity Extraction Started for MinecraftForge.
INFO:root:Project MinecraftForge/MinecraftForge Started Activities Extraction. 1 of 51
INFO:root:Starting Issue/PullRequests Extraction
INFO:root:Pulls Extraction Complete
INFO:root:Commit Extraction COMPLETE for 1 of 51 Side Projects
INFO:root:Project MinecraftForge/FML Started Activities Extraction. 2 of 51
INFO:root:Starting Issue/PullRequests Extraction
INFO:root:Pulls Extraction Complete
INFO:root:Commit Extraction COMPLETE for 2 of 51 Side Projects
INFO:root:Project MinecraftForge/Srg2Source Started Activities Extraction. 3 of 51
INFO:root:Starting Issue/PullRequests Extraction
INFO:root:Pulls Extraction Complete
INFO:root:Commit Extraction COMPLETE for 3 of 51 Side Projects
INFO:root:Project MinecraftForge/Installer Started Activities Extraction. 4 of 51
INFO:root:Starting Issue/PullRequests Extraction
INFO:root:Pulls Extraction Complete
INFO:root:Commit Extraction COMPLETE for 4 of 51 Side Projects
INFO:root:Project MinecraftForge/ForgeGradle Started Activities Extraction. 5 of 51
INFO:root:Starting Issue/PullRequests Extraction
INFO:root:Pulls Extraction Complete
INFO:root:Commit Extraction COMPLETE for 5 of 51 Side Projects
INFO:root:Project MinecraftForge/LegacyJavaFixer Started Activities Extraction. 6 of 51
INFO:root:Starting Issue/PullRequests Extraction
INFO:root:Pulls Extraction Complete
INFO:root:Commit Extraction COMPLETE for 6 of 51 Side Projects
INFO:root:Project MinecraftForge/Documentation Started Activities Extraction. 7 of 51
INFO:root:Starting Issue/PullRequests Extraction
INFO:root:Pulls Extraction Complete
INFO:root:Commit Extraction COMPLETE for 7 of 51 Side Projects
INFO:root:Project MinecraftForge/FernFlowerLegacy Started Activities Extraction. 8 of 51
INFO:root:Starting Issue/PullRequests Extraction
INFO:root:Pulls Extraction Complete
INFO:root:Commit Extraction COMPLETE for 8 of 51 Side Projects
INFO:root:Project MinecraftForge/ForgeUtils Started Activities Extraction. 9 of 51
INFO:root:Starting Issue/PullRequests Extraction
INFO:root:Pulls Extraction Complete
INFO:root:Commit Extraction COMPLETE for 9 of 51 Side Projects
INFO:root:Project MinecraftForge/Remapper Started Activities Extraction. 10 of 51
INFO:root:Starting Issue/PullRequests Extraction
INFO:root:Pulls Extraction Complete
INFO:root:Commit Extraction COMPLETE for 10 of 51 Side Projects
INFO:root:Project MinecraftForge/Mercurius Started Activities Extraction. 11 of 51
INFO:root:Starting Issue/PullRequests Extraction
INFO:root:Pulls Extraction Complete
INFO:root:Commit Extraction COMPLETE for 11 of 51 Side Projects
INFO:root:Project MinecraftForge/stateless4j Started Activities Extraction. 12 of 51
INFO:root:Starting Issue/PullRequests Extraction
INFO:root:Pulls Extraction Complete
INFO:root:Commit Extraction COMPLETE for 12 of 51 Side Projects
INFO:root:Project MinecraftForge/MercuriusUpdater Started Activities Extraction. 13 of 51
INFO:root:Starting Issue/PullRequests Extraction
INFO:root:Pulls Extraction Complete
INFO:root:Commit Extraction COMPLETE for 13 of 51 Side Projects
INFO:root:Project MinecraftForge/JavaWrapper Started Activities Extraction. 14 of 51
INFO:root:Starting Issue/PullRequests Extraction
INFO:root:Pulls Extraction Complete
INFO:root:Commit Extraction COMPLETE for 14 of 51 Side Projects
INFO:root:Project MinecraftForge/Web Started Activities Extraction. 15 of 51
INFO:root:Starting Issue/PullRequests Extraction
INFO:root:Pulls Extraction Complete
INFO:root:Commit Extraction COMPLETE for 15 of 51 Side Projects
INFO:root:Project MinecraftForge/FernFlower Started Activities Extraction. 16 of 51
INFO:root:Starting Issue/PullRequests Extraction
INFO:root:Pulls Extraction Complete
INFO:root:Commit Extraction COMPLETE for 16 of 51 Side Projects
INFO:root:Project MinecraftForge/ForgeFlower Started Activities Extraction. 17 of 51
INFO:root:Starting Issue/PullRequests Extraction
INFO:root:Pulls Extraction Complete
INFO:root:Commit Extraction COMPLETE for 17 of 51 Side Projects
INFO:root:Project MinecraftForge/AccessTransformers Started Activities Extraction. 18 of 51
INFO:root:Starting Issue/PullRequests Extraction
INFO:root:Pulls Extraction Complete
INFO:root:Commit Extraction COMPLETE for 18 of 51 Side Projects
INFO:root:Project MinecraftForge/Scorge Started Activities Extraction. 19 of 51
INFO:root:Starting Issue/PullRequests Extraction
INFO:root:Pulls Extraction Complete
INFO:root:Commit Extraction COMPLETE for 19 of 51 Side Projects
INFO:root:Project MinecraftForge/ForgeSPI Started Activities Extraction. 20 of 51
INFO:root:Starting Issue/PullRequests Extraction
INFO:root:Pulls Extraction Complete
INFO:root:Commit Extraction COMPLETE for 20 of 51 Side Projects
INFO:root:Project MinecraftForge/CoreMods Started Activities Extraction. 21 of 51
INFO:root:Starting Issue/PullRequests Extraction
INFO:root:Pulls Extraction Complete
INFO:root:Commit Extraction COMPLETE for 21 of 51 Side Projects
INFO:root:Project MinecraftForge/MCPConfig Started Activities Extraction. 22 of 51
INFO:root:Starting Issue/PullRequests Extraction
INFO:root:Pulls Extraction Complete
INFO:root:Commit Extraction COMPLETE for 22 of 51 Side Projects
INFO:root:Project MinecraftForge/EventBus Started Activities Extraction. 23 of 51
INFO:root:Starting Issue/PullRequests Extraction
INFO:root:Pulls Extraction Complete
INFO:root:Commit Extraction COMPLETE for 23 of 51 Side Projects
INFO:root:Project MinecraftForge/forgesharedlibrary Started Activities Extraction. 24 of 51
INFO:root:Starting Issue/PullRequests Extraction
INFO:root:Pulls Extraction Complete
INFO:root:Commit Extraction COMPLETE for 24 of 51 Side Projects
INFO:root:Project MinecraftForge/MappingVerifier Started Activities Extraction. 25 of 51
INFO:root:Starting Issue/PullRequests Extraction
INFO:root:Pulls Extraction Complete
INFO:root:Commit Extraction COMPLETE for 25 of 51 Side Projects
INFO:root:Project MinecraftForge/MergeTool Started Activities Extraction. 26 of 51
INFO:root:Starting Issue/PullRequests Extraction
INFO:root:Pulls Extraction Complete
INFO:root:Commit Extraction COMPLETE for 26 of 51 Side Projects
INFO:root:Project MinecraftForge/BinaryPatcher Started Activities Extraction. 27 of 51
INFO:root:Starting Issue/PullRequests Extraction
INFO:root:Pulls Extraction Complete
INFO:root:Commit Extraction COMPLETE for 27 of 51 Side Projects
INFO:root:Project MinecraftForge/JarSplitter Started Activities Extraction. 28 of 51
INFO:root:Starting Issue/PullRequests Extraction
INFO:root:Pulls Extraction Complete
INFO:root:Commit Extraction COMPLETE for 28 of 51 Side Projects
INFO:root:Project MinecraftForge/paulscode Started Activities Extraction. 29 of 51
INFO:root:Starting Issue/PullRequests Extraction
INFO:root:Pulls Extraction Complete
INFO:root:Commit Extraction COMPLETE for 29 of 51 Side Projects
INFO:root:Project MinecraftForge/InstallerTools Started Activities Extraction. 30 of 51
INFO:root:Starting Issue/PullRequests Extraction
INFO:root:Pulls Extraction Complete
INFO:root:Commit Extraction COMPLETE for 30 of 51 Side Projects
INFO:root:Project MinecraftForge/Artifactural Started Activities Extraction. 31 of 51
INFO:root:Starting Issue/PullRequests Extraction
INFO:root:Pulls Extraction Complete
INFO:root:Commit Extraction COMPLETE for 31 of 51 Side Projects
INFO:root:Project MinecraftForge/Unsafe Started Activities Extraction. 32 of 51
INFO:root:Starting Issue/PullRequests Extraction
INFO:root:Pulls Extraction Complete
INFO:root:Commit Extraction COMPLETE for 32 of 51 Side Projects
INFO:root:Project MinecraftForge/.github Started Activities Extraction. 33 of 51
INFO:root:Starting Issue/PullRequests Extraction
INFO:root:Pulls Extraction Complete
INFO:root:Commit Extraction COMPLETE for 33 of 51 Side Projects
INFO:root:Project MinecraftForge/DePigifier Started Activities Extraction. 34 of 51
INFO:root:Starting Issue/PullRequests Extraction
INFO:root:Pulls Extraction Complete
INFO:root:Commit Extraction COMPLETE for 34 of 51 Side Projects
INFO:root:Project MinecraftForge/SrgUtils Started Activities Extraction. 35 of 51
INFO:root:Starting Issue/PullRequests Extraction
INFO:root:Pulls Extraction Complete
INFO:root:Commit Extraction COMPLETE for 35 of 51 Side Projects
INFO:root:Project MinecraftForge/MCPCleanup Started Activities Extraction. 36 of 51
INFO:root:Starting Issue/PullRequests Extraction
INFO:root:Pulls Extraction Complete
INFO:root:Commit Extraction COMPLETE for 36 of 51 Side Projects
INFO:root:Project MinecraftForge/LegacyDev Started Activities Extraction. 37 of 51
INFO:root:Starting Issue/PullRequests Extraction
INFO:root:Pulls Extraction Complete
INFO:root:Commit Extraction COMPLETE for 37 of 51 Side Projects
INFO:root:Project MinecraftForge/gitpatcher Started Activities Extraction. 38 of 51
INFO:root:Starting Issue/PullRequests Extraction
INFO:root:Activity Extraction Started for MinecraftForge.
INFO:root:Project MinecraftForge/MinecraftForge Started Activities Extraction. 1 of 51
INFO:root:Starting Issue/PullRequests Extraction
INFO:root:Commit Extraction COMPLETE for 1 of 51 Side Projects
INFO:root:Project MinecraftForge/FML Started Activities Extraction. 2 of 51
INFO:root:Starting Issue/PullRequests Extraction
INFO:root:Commit Extraction COMPLETE for 2 of 51 Side Projects
INFO:root:Project MinecraftForge/Srg2Source Started Activities Extraction. 3 of 51
INFO:root:Starting Issue/PullRequests Extraction
INFO:root:Commit Extraction COMPLETE for 3 of 51 Side Projects
INFO:root:Project MinecraftForge/Installer Started Activities Extraction. 4 of 51
INFO:root:Starting Issue/PullRequests Extraction
INFO:root:Commit Extraction COMPLETE for 4 of 51 Side Projects
INFO:root:Project MinecraftForge/ForgeGradle Started Activities Extraction. 5 of 51
INFO:root:Starting Issue/PullRequests Extraction
INFO:root:Commit Extraction COMPLETE for 5 of 51 Side Projects
INFO:root:Project MinecraftForge/LegacyJavaFixer Started Activities Extraction. 6 of 51
INFO:root:Starting Issue/PullRequests Extraction
INFO:root:Commit Extraction COMPLETE for 6 of 51 Side Projects
INFO:root:Project MinecraftForge/Documentation Started Activities Extraction. 7 of 51
INFO:root:Starting Issue/PullRequests Extraction
INFO:root:Commit Extraction COMPLETE for 7 of 51 Side Projects
INFO:root:Project MinecraftForge/FernFlowerLegacy Started Activities Extraction. 8 of 51
INFO:root:Starting Issue/PullRequests Extraction
INFO:root:Commit Extraction COMPLETE for 8 of 51 Side Projects
INFO:root:Project MinecraftForge/ForgeUtils Started Activities Extraction. 9 of 51
INFO:root:Starting Issue/PullRequests Extraction
INFO:root:Commit Extraction COMPLETE for 9 of 51 Side Projects
INFO:root:Project MinecraftForge/Remapper Started Activities Extraction. 10 of 51
INFO:root:Starting Issue/PullRequests Extraction
INFO:root:Commit Extraction COMPLETE for 10 of 51 Side Projects
INFO:root:Project MinecraftForge/Mercurius Started Activities Extraction. 11 of 51
INFO:root:Starting Issue/PullRequests Extraction
INFO:root:Commit Extraction COMPLETE for 11 of 51 Side Projects
INFO:root:Project MinecraftForge/stateless4j Started Activities Extraction. 12 of 51
INFO:root:Starting Issue/PullRequests Extraction
INFO:root:Commit Extraction COMPLETE for 12 of 51 Side Projects
INFO:root:Project MinecraftForge/MercuriusUpdater Started Activities Extraction. 13 of 51
INFO:root:Starting Issue/PullRequests Extraction
INFO:root:Commit Extraction COMPLETE for 13 of 51 Side Projects
INFO:root:Project MinecraftForge/JavaWrapper Started Activities Extraction. 14 of 51
INFO:root:Starting Issue/PullRequests Extraction
INFO:root:Commit Extraction COMPLETE for 14 of 51 Side Projects
INFO:root:Project MinecraftForge/Web Started Activities Extraction. 15 of 51
INFO:root:Starting Issue/PullRequests Extraction
INFO:root:Commit Extraction COMPLETE for 15 of 51 Side Projects
INFO:root:Project MinecraftForge/FernFlower Started Activities Extraction. 16 of 51
INFO:root:Starting Issue/PullRequests Extraction
INFO:root:Commit Extraction COMPLETE for 16 of 51 Side Projects
INFO:root:Project MinecraftForge/ForgeFlower Started Activities Extraction. 17 of 51
INFO:root:Starting Issue/PullRequests Extraction
INFO:root:Commit Extraction COMPLETE for 17 of 51 Side Projects
INFO:root:Project MinecraftForge/AccessTransformers Started Activities Extraction. 18 of 51
INFO:root:Starting Issue/PullRequests Extraction
INFO:root:Commit Extraction COMPLETE for 18 of 51 Side Projects
INFO:root:Project MinecraftForge/Scorge Started Activities Extraction. 19 of 51
INFO:root:Starting Issue/PullRequests Extraction
INFO:root:Commit Extraction COMPLETE for 19 of 51 Side Projects
INFO:root:Project MinecraftForge/ForgeSPI Started Activities Extraction. 20 of 51
INFO:root:Starting Issue/PullRequests Extraction
INFO:root:Commit Extraction COMPLETE for 20 of 51 Side Projects
INFO:root:Project MinecraftForge/CoreMods Started Activities Extraction. 21 of 51
INFO:root:Starting Issue/PullRequests Extraction
INFO:root:Commit Extraction COMPLETE for 21 of 51 Side Projects
INFO:root:Project MinecraftForge/MCPConfig Started Activities Extraction. 22 of 51
INFO:root:Starting Issue/PullRequests Extraction
INFO:root:Commit Extraction COMPLETE for 22 of 51 Side Projects
INFO:root:Project MinecraftForge/EventBus Started Activities Extraction. 23 of 51
INFO:root:Starting Issue/PullRequests Extraction
INFO:root:Commit Extraction COMPLETE for 23 of 51 Side Projects
INFO:root:Project MinecraftForge/forgesharedlibrary Started Activities Extraction. 24 of 51
INFO:root:Starting Issue/PullRequests Extraction
INFO:root:Commit Extraction COMPLETE for 24 of 51 Side Projects
INFO:root:Project MinecraftForge/MappingVerifier Started Activities Extraction. 25 of 51
INFO:root:Starting Issue/PullRequests Extraction
INFO:root:Commit Extraction COMPLETE for 25 of 51 Side Projects
INFO:root:Project MinecraftForge/MergeTool Started Activities Extraction. 26 of 51
INFO:root:Starting Issue/PullRequests Extraction
INFO:root:Commit Extraction COMPLETE for 26 of 51 Side Projects
INFO:root:Project MinecraftForge/BinaryPatcher Started Activities Extraction. 27 of 51
INFO:root:Starting Issue/PullRequests Extraction
INFO:root:Commit Extraction COMPLETE for 27 of 51 Side Projects
INFO:root:Project MinecraftForge/JarSplitter Started Activities Extraction. 28 of 51
INFO:root:Starting Issue/PullRequests Extraction
INFO:root:Commit Extraction COMPLETE for 28 of 51 Side Projects
INFO:root:Project MinecraftForge/paulscode Started Activities Extraction. 29 of 51
INFO:root:Starting Issue/PullRequests Extraction
INFO:root:Commit Extraction COMPLETE for 29 of 51 Side Projects
INFO:root:Project MinecraftForge/InstallerTools Started Activities Extraction. 30 of 51
INFO:root:Starting Issue/PullRequests Extraction
INFO:root:Commit Extraction COMPLETE for 30 of 51 Side Projects
INFO:root:Project MinecraftForge/Artifactural Started Activities Extraction. 31 of 51
INFO:root:Starting Issue/PullRequests Extraction
INFO:root:Commit Extraction COMPLETE for 31 of 51 Side Projects
INFO:root:Project MinecraftForge/Unsafe Started Activities Extraction. 32 of 51
INFO:root:Starting Issue/PullRequests Extraction
INFO:root:Commit Extraction COMPLETE for 32 of 51 Side Projects
INFO:root:Project MinecraftForge/.github Started Activities Extraction. 33 of 51
INFO:root:Starting Issue/PullRequests Extraction
INFO:root:Commit Extraction COMPLETE for 33 of 51 Side Projects
INFO:root:Project MinecraftForge/DePigifier Started Activities Extraction. 34 of 51
INFO:root:Starting Issue/PullRequests Extraction
INFO:root:Commit Extraction COMPLETE for 34 of 51 Side Projects
INFO:root:Project MinecraftForge/SrgUtils Started Activities Extraction. 35 of 51
INFO:root:Starting Issue/PullRequests Extraction
INFO:root:Commit Extraction COMPLETE for 35 of 51 Side Projects
INFO:root:Project MinecraftForge/MCPCleanup Started Activities Extraction. 36 of 51
INFO:root:Starting Issue/PullRequests Extraction
INFO:root:Commit Extraction COMPLETE for 36 of 51 Side Projects
INFO:root:Project MinecraftForge/LegacyDev Started Activities Extraction. 37 of 51
INFO:root:Starting Issue/PullRequests Extraction
INFO:root:Commit Extraction COMPLETE for 37 of 51 Side Projects
INFO:root:Project MinecraftForge/gitpatcher Started Activities Extraction. 38 of 51
INFO:root:Starting Issue/PullRequests Extraction
INFO:root:Pulls Extraction Complete
INFO:root:Commit Extraction COMPLETE for 38 of 51 Side Projects
INFO:root:Project MinecraftForge/typetools Started Activities Extraction. 39 of 51
INFO:root:Starting Issue/PullRequests Extraction
INFO:root:Pulls Extraction Complete
INFO:root:Commit Extraction COMPLETE for 39 of 51 Side Projects
INFO:root:Project MinecraftForge/DiffPatch Started Activities Extraction. 40 of 51
INFO:root:Starting Issue/PullRequests Extraction
INFO:root:Pulls Extraction Complete
INFO:root:Commit Extraction COMPLETE for 40 of 51 Side Projects
INFO:root:Project MinecraftForge/reposilite Started Activities Extraction. 41 of 51
INFO:root:Starting Issue/PullRequests Extraction
INFO:root:Pulls Extraction Complete
INFO:root:Commit Extraction COMPLETE for 41 of 51 Side Projects
INFO:root:Project MinecraftForge/ProPatcher Started Activities Extraction. 42 of 51
INFO:root:Starting Issue/PullRequests Extraction
INFO:root:Pulls Extraction Complete
INFO:root:Commit Extraction COMPLETE for 42 of 51 Side Projects
INFO:root:Project MinecraftForge/GradleUtils Started Activities Extraction. 43 of 51
INFO:root:Starting Issue/PullRequests Extraction
INFO:root:Pulls Extraction Complete
INFO:root:Commit Extraction COMPLETE for 43 of 51 Side Projects
INFO:root:Project MinecraftForge/ForgeAutoRenamingTool Started Activities Extraction. 44 of 51
INFO:root:Starting Issue/PullRequests Extraction
INFO:root:Pulls Extraction Complete
INFO:root:Commit Extraction COMPLETE for 44 of 51 Side Projects
INFO:root:Project MinecraftForge/JarCompatibilityChecker Started Activities Extraction. 45 of 51
INFO:root:Starting Issue/PullRequests Extraction
INFO:root:Pulls Extraction Complete
INFO:root:Commit Extraction COMPLETE for 45 of 51 Side Projects
INFO:root:Project MinecraftForge/JarJar Started Activities Extraction. 46 of 51
INFO:root:Starting Issue/PullRequests Extraction
INFO:root:Pulls Extraction Complete
INFO:root:Commit Extraction COMPLETE for 46 of 51 Side Projects
INFO:root:Project MinecraftForge/blog Started Activities Extraction. 47 of 51
INFO:root:Starting Issue/PullRequests Extraction
INFO:root:Pulls Extraction Complete
INFO:root:Commit Extraction COMPLETE for 47 of 51 Side Projects
INFO:root:Project MinecraftForge/SharedActions Started Activities Extraction. 48 of 51
INFO:root:Starting Issue/PullRequests Extraction
INFO:root:Pulls Extraction Complete
INFO:root:Commit Extraction COMPLETE for 48 of 51 Side Projects
INFO:root:Project MinecraftForge/Actionable Started Activities Extraction. 49 of 51
INFO:root:Starting Issue/PullRequests Extraction
INFO:root:Pulls Extraction Complete
INFO:root:Commit Extraction COMPLETE for 49 of 51 Side Projects
INFO:root:Project MinecraftForge/Snowblower Started Activities Extraction. 50 of 51
INFO:root:Starting Issue/PullRequests Extraction
INFO:root:Pulls Extraction Complete
INFO:root:Commit Extraction COMPLETE for 50 of 51 Side Projects
INFO:root:Project MinecraftForge/GroovyDSLImprover Started Activities Extraction. 51 of 51
INFO:root:Starting Issue/PullRequests Extraction
INFO:root:Pulls Extraction Complete
INFO:root:Commit Extraction COMPLETE for 51 of 51 Side Projects
INFO:root:Commit Extraction SUCCESSFULLY COMPLETED
