INFO:root:Commit Extraction Started for MinecraftForge.
INFO:root:Commit Extraction for MinecraftForge
INFO:root:Initializing Extraction
INFO:root:Starting New Extraction
INFO:root:Commit Extraction Complete
INFO:root:Start Writing Commit History Table for MinecraftForge
INFO:root:Commit History Table Written
INFO:root:Starting Inactivity Computation for MinecraftForge
INFO:root:Inactivity Computation Done
INFO:root:Commit Extraction for FML
INFO:root:Initializing Extraction
INFO:root:Starting New Extraction
INFO:root:Commit Extraction Complete
INFO:root:Start Writing Commit History Table for FML
INFO:root:Commit History Table Written
INFO:root:Starting Inactivity Computation for FML
INFO:root:Inactivity Computation Done
INFO:root:Commit Extraction for Srg2Source
INFO:root:Initializing Extraction
INFO:root:Starting New Extraction
INFO:root:Commit Extraction Complete
INFO:root:Start Writing Commit History Table for Srg2Source
INFO:root:Commit History Table Written
INFO:root:Starting Inactivity Computation for Srg2Source
INFO:root:Inactivity Computation Done
INFO:root:Commit Extraction for Installer
INFO:root:Initializing Extraction
INFO:root:Starting New Extraction
INFO:root:Commit Extraction Complete
INFO:root:Start Writing Commit History Table for Installer
INFO:root:Commit History Table Written
INFO:root:Starting Inactivity Computation for Installer
INFO:root:Inactivity Computation Done
INFO:root:Commit Extraction for ForgeGradle
INFO:root:Initializing Extraction
INFO:root:Starting New Extraction
INFO:root:Commit Extraction Complete
INFO:root:Start Writing Commit History Table for ForgeGradle
INFO:root:Commit History Table Written
INFO:root:Starting Inactivity Computation for ForgeGradle
INFO:root:Inactivity Computation Done
INFO:root:Commit Extraction for LegacyJavaFixer
INFO:root:Initializing Extraction
INFO:root:Starting New Extraction
INFO:root:Commit Extraction Complete
INFO:root:Start Writing Commit History Table for LegacyJavaFixer
INFO:root:Commit History Table Written
INFO:root:Starting Inactivity Computation for LegacyJavaFixer
INFO:root:Inactivity Computation Done
INFO:root:Commit Extraction for Documentation
INFO:root:Initializing Extraction
INFO:root:Starting New Extraction
INFO:root:Commit Extraction Complete
INFO:root:Start Writing Commit History Table for Documentation
INFO:root:Commit History Table Written
INFO:root:Starting Inactivity Computation for Documentation
INFO:root:Inactivity Computation Done
INFO:root:Commit Extraction for FernFlowerLegacy
INFO:root:Initializing Extraction
INFO:root:Starting New Extraction
INFO:root:Commit Extraction Complete
INFO:root:Start Writing Commit History Table for FernFlowerLegacy
INFO:root:Commit History Table Written
INFO:root:Starting Inactivity Computation for FernFlowerLegacy
INFO:root:Inactivity Computation Done
INFO:root:Commit Extraction for ForgeUtils
INFO:root:Initializing Extraction
INFO:root:Starting New Extraction
INFO:root:Commit Extraction Complete
INFO:root:Start Writing Commit History Table for ForgeUtils
INFO:root:Commit History Table Written
INFO:root:Starting Inactivity Computation for ForgeUtils
INFO:root:Inactivity Computation Done
INFO:root:Commit Extraction for Remapper
INFO:root:Initializing Extraction
INFO:root:Starting New Extraction
INFO:root:Commit Extraction Complete
INFO:root:Start Writing Commit History Table for Remapper
INFO:root:Commit History Table Written
INFO:root:Starting Inactivity Computation for Remapper
INFO:root:Inactivity Computation Done
INFO:root:Commit Extraction for Mercurius
INFO:root:Initializing Extraction
INFO:root:Starting New Extraction
INFO:root:Commit Extraction Complete
INFO:root:Start Writing Commit History Table for Mercurius
INFO:root:Commit History Table Written
INFO:root:Starting Inactivity Computation for Mercurius
INFO:root:Inactivity Computation Done
INFO:root:Commit Extraction for stateless4j
INFO:root:Initializing Extraction
INFO:root:Starting New Extraction
INFO:root:Commit Extraction Complete
INFO:root:Start Writing Commit History Table for stateless4j
INFO:root:Commit History Table Written
INFO:root:Starting Inactivity Computation for stateless4j
INFO:root:Inactivity Computation Done
INFO:root:Commit Extraction for MercuriusUpdater
INFO:root:Initializing Extraction
INFO:root:Starting New Extraction
INFO:root:Commit Extraction Complete
INFO:root:Start Writing Commit History Table for MercuriusUpdater
INFO:root:Commit History Table Written
INFO:root:Starting Inactivity Computation for MercuriusUpdater
INFO:root:Inactivity Computation Done
INFO:root:Commit Extraction for JavaWrapper
INFO:root:Initializing Extraction
INFO:root:Starting New Extraction
INFO:root:Commit Extraction Complete
INFO:root:Start Writing Commit History Table for JavaWrapper
INFO:root:Commit History Table Written
INFO:root:Starting Inactivity Computation for JavaWrapper
INFO:root:Inactivity Computation Done
INFO:root:Commit Extraction for Web
INFO:root:Initializing Extraction
INFO:root:Starting New Extraction
INFO:root:Commit Extraction Complete
INFO:root:Start Writing Commit History Table for Web
INFO:root:Commit History Table Written
INFO:root:Starting Inactivity Computation for Web
INFO:root:Inactivity Computation Done
INFO:root:Commit Extraction for FernFlower
INFO:root:Initializing Extraction
INFO:root:Starting New Extraction
INFO:root:Commit Extraction Complete
INFO:root:Start Writing Commit History Table for FernFlower
INFO:root:Commit History Table Written
INFO:root:Starting Inactivity Computation for FernFlower
INFO:root:Inactivity Computation Done
INFO:root:Commit Extraction for ForgeFlower
INFO:root:Initializing Extraction
INFO:root:Starting New Extraction
INFO:root:Commit Extraction Complete
INFO:root:Start Writing Commit History Table for ForgeFlower
INFO:root:Commit History Table Written
INFO:root:Starting Inactivity Computation for ForgeFlower
INFO:root:Inactivity Computation Done
INFO:root:Commit Extraction for AccessTransformers
INFO:root:Initializing Extraction
INFO:root:Starting New Extraction
INFO:root:Commit Extraction Complete
INFO:root:Start Writing Commit History Table for AccessTransformers
INFO:root:Commit History Table Written
INFO:root:Starting Inactivity Computation for AccessTransformers
INFO:root:Inactivity Computation Done
INFO:root:Commit Extraction for Scorge
INFO:root:Initializing Extraction
INFO:root:Starting New Extraction
INFO:root:Commit Extraction Complete
INFO:root:Start Writing Commit History Table for Scorge
INFO:root:Commit History Table Written
INFO:root:Starting Inactivity Computation for Scorge
INFO:root:Inactivity Computation Done
INFO:root:Commit Extraction for ForgeSPI
INFO:root:Initializing Extraction
INFO:root:Starting New Extraction
INFO:root:Commit Extraction Complete
INFO:root:Start Writing Commit History Table for ForgeSPI
INFO:root:Commit History Table Written
INFO:root:Starting Inactivity Computation for ForgeSPI
INFO:root:Inactivity Computation Done
INFO:root:Commit Extraction for CoreMods
INFO:root:Initializing Extraction
INFO:root:Starting New Extraction
INFO:root:Commit Extraction Complete
INFO:root:Start Writing Commit History Table for CoreMods
INFO:root:Commit History Table Written
INFO:root:Starting Inactivity Computation for CoreMods
INFO:root:Inactivity Computation Done
INFO:root:Commit Extraction for MCPConfig
INFO:root:Initializing Extraction
INFO:root:Starting New Extraction
INFO:root:Commit Extraction Complete
INFO:root:Start Writing Commit History Table for MCPConfig
INFO:root:Commit History Table Written
INFO:root:Starting Inactivity Computation for MCPConfig
INFO:root:Inactivity Computation Done
INFO:root:Commit Extraction for EventBus
INFO:root:Initializing Extraction
INFO:root:Starting New Extraction
INFO:root:Commit Extraction Complete
INFO:root:Start Writing Commit History Table for EventBus
INFO:root:Commit History Table Written
INFO:root:Starting Inactivity Computation for EventBus
INFO:root:Inactivity Computation Done
INFO:root:Commit Extraction for forgesharedlibrary
INFO:root:Initializing Extraction
INFO:root:Starting New Extraction
INFO:root:Commit Extraction Complete
INFO:root:Start Writing Commit History Table for forgesharedlibrary
INFO:root:Commit History Table Written
INFO:root:Starting Inactivity Computation for forgesharedlibrary
INFO:root:Inactivity Computation Done
INFO:root:Commit Extraction for MappingVerifier
INFO:root:Initializing Extraction
INFO:root:Starting New Extraction
INFO:root:Commit Extraction Complete
INFO:root:Start Writing Commit History Table for MappingVerifier
INFO:root:Commit History Table Written
INFO:root:Starting Inactivity Computation for MappingVerifier
INFO:root:Inactivity Computation Done
INFO:root:Commit Extraction for MergeTool
INFO:root:Initializing Extraction
INFO:root:Starting New Extraction
INFO:root:Commit Extraction Complete
INFO:root:Start Writing Commit History Table for MergeTool
INFO:root:Commit History Table Written
INFO:root:Starting Inactivity Computation for MergeTool
INFO:root:Inactivity Computation Done
INFO:root:Commit Extraction for BinaryPatcher
INFO:root:Initializing Extraction
INFO:root:Starting New Extraction
INFO:root:Commit Extraction Complete
INFO:root:Start Writing Commit History Table for BinaryPatcher
INFO:root:Commit History Table Written
INFO:root:Starting Inactivity Computation for BinaryPatcher
INFO:root:Inactivity Computation Done
INFO:root:Commit Extraction for JarSplitter
INFO:root:Initializing Extraction
INFO:root:Starting New Extraction
INFO:root:Commit Extraction Complete
INFO:root:Start Writing Commit History Table for JarSplitter
INFO:root:Commit History Table Written
INFO:root:Starting Inactivity Computation for JarSplitter
INFO:root:Inactivity Computation Done
INFO:root:Commit Extraction for paulscode
INFO:root:Initializing Extraction
INFO:root:Starting New Extraction
INFO:root:Commit Extraction Complete
INFO:root:Start Writing Commit History Table for paulscode
INFO:root:Commit History Table Written
INFO:root:Starting Inactivity Computation for paulscode
INFO:root:Inactivity Computation Done
INFO:root:Commit Extraction for InstallerTools
INFO:root:Initializing Extraction
INFO:root:Starting New Extraction
INFO:root:Commit Extraction Complete
INFO:root:Start Writing Commit History Table for InstallerTools
INFO:root:Commit History Table Written
INFO:root:Starting Inactivity Computation for InstallerTools
INFO:root:Inactivity Computation Done
INFO:root:Commit Extraction for Artifactural
INFO:root:Initializing Extraction
INFO:root:Starting New Extraction
INFO:root:Commit Extraction Complete
INFO:root:Start Writing Commit History Table for Artifactural
INFO:root:Commit History Table Written
INFO:root:Starting Inactivity Computation for Artifactural
INFO:root:Inactivity Computation Done
INFO:root:Commit Extraction for Unsafe
INFO:root:Initializing Extraction
INFO:root:Starting New Extraction
INFO:root:Commit Extraction Complete
INFO:root:Start Writing Commit History Table for Unsafe
INFO:root:Commit History Table Written
INFO:root:Starting Inactivity Computation for Unsafe
INFO:root:Inactivity Computation Done
INFO:root:Commit Extraction for .github
INFO:root:Initializing Extraction
INFO:root:Starting New Extraction
INFO:root:Commit Extraction Complete
INFO:root:Start Writing Commit History Table for .github
INFO:root:Commit History Table Written
INFO:root:Starting Inactivity Computation for .github
INFO:root:Inactivity Computation Done
INFO:root:Commit Extraction for DePigifier
INFO:root:Initializing Extraction
INFO:root:Starting New Extraction
INFO:root:Commit Extraction Complete
INFO:root:Start Writing Commit History Table for DePigifier
INFO:root:Commit History Table Written
INFO:root:Starting Inactivity Computation for DePigifier
INFO:root:Inactivity Computation Done
INFO:root:Commit Extraction for SrgUtils
INFO:root:Initializing Extraction
INFO:root:Starting New Extraction
INFO:root:Commit Extraction Complete
INFO:root:Start Writing Commit History Table for SrgUtils
INFO:root:Commit History Table Written
INFO:root:Starting Inactivity Computation for SrgUtils
INFO:root:Inactivity Computation Done
INFO:root:Commit Extraction for MCPCleanup
INFO:root:Initializing Extraction
INFO:root:Starting New Extraction
INFO:root:Commit Extraction Complete
INFO:root:Start Writing Commit History Table for MCPCleanup
INFO:root:Commit History Table Written
INFO:root:Starting Inactivity Computation for MCPCleanup
INFO:root:Inactivity Computation Done
INFO:root:Commit Extraction for LegacyDev
INFO:root:Initializing Extraction
INFO:root:Starting New Extraction
INFO:root:Commit Extraction Complete
INFO:root:Start Writing Commit History Table for LegacyDev
INFO:root:Commit History Table Written
INFO:root:Starting Inactivity Computation for LegacyDev
INFO:root:Inactivity Computation Done
INFO:root:Commit Extraction for gitpatcher
INFO:root:Initializing Extraction
INFO:root:Starting New Extraction
INFO:root:Commit Extraction Complete
INFO:root:Start Writing Commit History Table for gitpatcher
INFO:root:Commit History Table Written
INFO:root:Starting Inactivity Computation for gitpatcher
INFO:root:Inactivity Computation Done
INFO:root:Commit Extraction for typetools
INFO:root:Initializing Extraction
INFO:root:Starting New Extraction
INFO:root:Commit Extraction Complete
INFO:root:Start Writing Commit History Table for typetools
INFO:root:Commit History Table Written
INFO:root:Starting Inactivity Computation for typetools
INFO:root:Inactivity Computation Done
INFO:root:Commit Extraction for DiffPatch
INFO:root:Initializing Extraction
INFO:root:Starting New Extraction
INFO:root:Commit Extraction Complete
INFO:root:Start Writing Commit History Table for DiffPatch
INFO:root:Commit History Table Written
INFO:root:Starting Inactivity Computation for DiffPatch
INFO:root:Inactivity Computation Done
INFO:root:Commit Extraction for reposilite
INFO:root:Initializing Extraction
INFO:root:Starting New Extraction
INFO:root:Commit Extraction Complete
INFO:root:Start Writing Commit History Table for reposilite
INFO:root:Commit History Table Written
INFO:root:Starting Inactivity Computation for reposilite
INFO:root:Inactivity Computation Done
INFO:root:Commit Extraction for ProPatcher
INFO:root:Initializing Extraction
INFO:root:Starting New Extraction
INFO:root:Commit Extraction Complete
INFO:root:Start Writing Commit History Table for ProPatcher
INFO:root:Commit History Table Written
INFO:root:Starting Inactivity Computation for ProPatcher
INFO:root:Inactivity Computation Done
INFO:root:Commit Extraction for GradleUtils
INFO:root:Initializing Extraction
INFO:root:Starting New Extraction
INFO:root:Commit Extraction Complete
INFO:root:Start Writing Commit History Table for GradleUtils
INFO:root:Commit History Table Written
INFO:root:Starting Inactivity Computation for GradleUtils
INFO:root:Inactivity Computation Done
INFO:root:Commit Extraction for ForgeAutoRenamingTool
INFO:root:Initializing Extraction
INFO:root:Starting New Extraction
INFO:root:Commit Extraction Complete
INFO:root:Start Writing Commit History Table for ForgeAutoRenamingTool
INFO:root:Commit History Table Written
INFO:root:Starting Inactivity Computation for ForgeAutoRenamingTool
INFO:root:Inactivity Computation Done
INFO:root:Commit Extraction for JarCompatibilityChecker
INFO:root:Initializing Extraction
INFO:root:Starting New Extraction
INFO:root:Commit Extraction Complete
INFO:root:Start Writing Commit History Table for JarCompatibilityChecker
INFO:root:Commit History Table Written
INFO:root:Starting Inactivity Computation for JarCompatibilityChecker
INFO:root:Inactivity Computation Done
INFO:root:Commit Extraction for JarJar
INFO:root:Initializing Extraction
INFO:root:Starting New Extraction
INFO:root:Commit Extraction Complete
INFO:root:Start Writing Commit History Table for JarJar
INFO:root:Commit History Table Written
INFO:root:Starting Inactivity Computation for JarJar
INFO:root:Inactivity Computation Done
INFO:root:Commit Extraction for blog
INFO:root:Initializing Extraction
INFO:root:Starting New Extraction
INFO:root:Commit Extraction Complete
INFO:root:Start Writing Commit History Table for blog
INFO:root:Commit History Table Written
INFO:root:Starting Inactivity Computation for blog
INFO:root:Inactivity Computation Done
INFO:root:Commit Extraction for SharedActions
INFO:root:Initializing Extraction
INFO:root:Starting New Extraction
INFO:root:Commit Extraction Complete
INFO:root:Start Writing Commit History Table for SharedActions
INFO:root:Commit History Table Written
INFO:root:Starting Inactivity Computation for SharedActions
INFO:root:Inactivity Computation Done
INFO:root:Commit Extraction for Actionable
INFO:root:Initializing Extraction
INFO:root:Starting New Extraction
INFO:root:Commit Extraction Complete
INFO:root:Start Writing Commit History Table for Actionable
INFO:root:Commit History Table Written
INFO:root:Starting Inactivity Computation for Actionable
INFO:root:Inactivity Computation Done
INFO:root:Commit Extraction for Snowblower
INFO:root:Initializing Extraction
INFO:root:Starting New Extraction
INFO:root:Commit Extraction Complete
INFO:root:Start Writing Commit History Table for Snowblower
INFO:root:Commit History Table Written
INFO:root:Starting Inactivity Computation for Snowblower
INFO:root:Inactivity Computation Done
INFO:root:Commit Extraction for GroovyDSLImprover
INFO:root:Initializing Extraction
INFO:root:Starting New Extraction
INFO:root:Commit Extraction Complete
INFO:root:Start Writing Commit History Table for GroovyDSLImprover
INFO:root:Commit History Table Written
INFO:root:Starting Inactivity Computation for GroovyDSLImprover
INFO:root:Inactivity Computation Done
INFO:root:Commit Extraction COMPLETE for 50 of 50 Side Projects
INFO:root:Merging the Commits in the WHOLE MinecraftForge Organization
INFO:root:All the Organization commits have been merged with 
INFO:root:Commit History Table Written
INFO:root:Inactivity Computation Done
INFO:root:Commit Extraction SUCCESSFULLY COMPLETED
