INFO:root:Activity Extraction Started for crystal-lang.
INFO:root:Project crystal-lang/crystal Started Activities Extraction. 1 of 32
INFO:root:Starting Issue/PullRequests Extraction
INFO:root:Pulls Extraction Complete
INFO:root:Commit Extraction COMPLETE for 1 of 32 Side Projects
INFO:root:Project crystal-lang/homebrew-crystal Started Activities Extraction. 2 of 32
INFO:root:Starting Issue/PullRequests Extraction
INFO:root:Pulls Extraction Complete
INFO:root:Commit Extraction COMPLETE for 2 of 32 Side Projects
INFO:root:Project crystal-lang/crystal-mysql Started Activities Extraction. 3 of 32
INFO:root:Starting Issue/PullRequests Extraction
INFO:root:Pulls Extraction Complete
INFO:root:Commit Extraction COMPLETE for 3 of 32 Side Projects
INFO:root:Project crystal-lang/omnibus-crystal Started Activities Extraction. 4 of 32
INFO:root:Starting Issue/PullRequests Extraction
INFO:root:Pulls Extraction Complete
INFO:root:Commit Extraction COMPLETE for 4 of 32 Side Projects
INFO:root:Project crystal-lang/crystal_lib Started Activities Extraction. 5 of 32
INFO:root:Starting Issue/PullRequests Extraction
INFO:root:Pulls Extraction Complete
INFO:root:Commit Extraction COMPLETE for 5 of 32 Side Projects
INFO:root:Project crystal-lang/heroku-buildpack-crystal Started Activities Extraction. 6 of 32
INFO:root:Starting Issue/PullRequests Extraction
INFO:root:Pulls Extraction Complete
INFO:root:Commit Extraction COMPLETE for 6 of 32 Side Projects
INFO:root:Project crystal-lang/crystal-sqlite3 Started Activities Extraction. 7 of 32
INFO:root:Starting Issue/PullRequests Extraction
INFO:root:Pulls Extraction Complete
INFO:root:Commit Extraction COMPLETE for 7 of 32 Side Projects
INFO:root:Project crystal-lang/shards Started Activities Extraction. 8 of 32
INFO:root:Starting Issue/PullRequests Extraction
INFO:root:Pulls Extraction Complete
INFO:root:Commit Extraction COMPLETE for 8 of 32 Side Projects
INFO:root:Project crystal-lang/html_builder Started Activities Extraction. 9 of 32
INFO:root:Starting Issue/PullRequests Extraction
INFO:root:Pulls Extraction Complete
INFO:root:Commit Extraction COMPLETE for 9 of 32 Side Projects
INFO:root:Project crystal-lang/bdwgc Started Activities Extraction. 10 of 32
INFO:root:Starting Issue/PullRequests Extraction
INFO:root:Pulls Extraction Complete
INFO:root:Commit Extraction COMPLETE for 10 of 32 Side Projects
INFO:root:Project crystal-lang/crystal-db Started Activities Extraction. 11 of 32
INFO:root:Starting Issue/PullRequests Extraction
INFO:root:Pulls Extraction Complete
INFO:root:Commit Extraction COMPLETE for 11 of 32 Side Projects
INFO:root:Project crystal-lang/crystal-website Started Activities Extraction. 12 of 32
INFO:root:Starting Issue/PullRequests Extraction
INFO:root:Pulls Extraction Complete
INFO:root:Commit Extraction COMPLETE for 12 of 32 Side Projects
INFO:root:Project crystal-lang/crystal-book Started Activities Extraction. 13 of 32
INFO:root:Starting Issue/PullRequests Extraction
INFO:root:Pulls Extraction Complete
INFO:root:Commit Extraction COMPLETE for 13 of 32 Side Projects
INFO:root:Project crystal-lang/crystal-presents Started Activities Extraction. 14 of 32
INFO:root:Starting Issue/PullRequests Extraction
INFO:root:Pulls Extraction Complete
INFO:root:Commit Extraction COMPLETE for 14 of 32 Side Projects
INFO:root:Project crystal-lang/crystal-random Started Activities Extraction. 15 of 32
INFO:root:Starting Issue/PullRequests Extraction
INFO:root:Pulls Extraction Complete
INFO:root:Commit Extraction COMPLETE for 15 of 32 Side Projects
INFO:root:Project crystal-lang/distribution-scripts Started Activities Extraction. 16 of 32
INFO:root:Starting Issue/PullRequests Extraction
INFO:root:Pulls Extraction Complete
INFO:root:Commit Extraction COMPLETE for 16 of 32 Side Projects
INFO:root:Project crystal-lang/clang.cr Started Activities Extraction. 17 of 32
INFO:root:Starting Issue/PullRequests Extraction
INFO:root:Pulls Extraction Complete
INFO:root:Commit Extraction COMPLETE for 17 of 32 Side Projects
INFO:root:Project crystal-lang/crystal-env Started Activities Extraction. 18 of 32
INFO:root:Starting Issue/PullRequests Extraction
INFO:root:Pulls Extraction Complete
INFO:root:Commit Extraction COMPLETE for 18 of 32 Side Projects
INFO:root:Project crystal-lang/crystal-dist Started Activities Extraction. 19 of 32
INFO:root:Starting Issue/PullRequests Extraction
INFO:root:Pulls Extraction Complete
INFO:root:Commit Extraction COMPLETE for 19 of 32 Side Projects
INFO:root:Project crystal-lang/test-ecosystem Started Activities Extraction. 20 of 32
INFO:root:Starting Issue/PullRequests Extraction
INFO:root:Pulls Extraction Complete
INFO:root:Commit Extraction COMPLETE for 20 of 32 Side Projects
INFO:root:Project crystal-lang/bootstrap-script Started Activities Extraction. 21 of 32
INFO:root:Starting Issue/PullRequests Extraction
INFO:root:Pulls Extraction Complete
INFO:root:Commit Extraction COMPLETE for 21 of 32 Side Projects
INFO:root:Project crystal-lang/.github Started Activities Extraction. 22 of 32
INFO:root:Starting Issue/PullRequests Extraction
INFO:root:Pulls Extraction Complete
INFO:root:Commit Extraction COMPLETE for 22 of 32 Side Projects
INFO:root:Project crystal-lang/crystal-readline Started Activities Extraction. 23 of 32
INFO:root:Starting Issue/PullRequests Extraction
INFO:root:Pulls Extraction Complete
INFO:root:Commit Extraction COMPLETE for 23 of 32 Side Projects
INFO:root:Project crystal-lang/crystal-molinillo Started Activities Extraction. 24 of 32
INFO:root:Starting Issue/PullRequests Extraction
INFO:root:Pulls Extraction Complete
INFO:root:Commit Extraction COMPLETE for 24 of 32 Side Projects
INFO:root:Project crystal-lang/install-crystal Started Activities Extraction. 25 of 32
INFO:root:Starting Issue/PullRequests Extraction
INFO:root:Pulls Extraction Complete
INFO:root:Commit Extraction COMPLETE for 25 of 32 Side Projects
INFO:root:Project crystal-lang/json_mapping.cr Started Activities Extraction. 26 of 32
INFO:root:Starting Issue/PullRequests Extraction
INFO:root:Pulls Extraction Complete
INFO:root:Commit Extraction COMPLETE for 26 of 32 Side Projects
INFO:root:Project crystal-lang/yaml_mapping.cr Started Activities Extraction. 27 of 32
INFO:root:Starting Issue/PullRequests Extraction
INFO:root:Pulls Extraction Complete
INFO:root:Commit Extraction COMPLETE for 27 of 32 Side Projects
INFO:root:Project crystal-lang/crystal-infrastructure Started Activities Extraction. 28 of 32
INFO:root:Starting Issue/PullRequests Extraction
INFO:root:Pulls Extraction Complete
INFO:root:Commit Extraction COMPLETE for 28 of 32 Side Projects
INFO:root:Project crystal-lang/logger.cr Started Activities Extraction. 29 of 32
INFO:root:Starting Issue/PullRequests Extraction
INFO:root:Pulls Extraction Complete
INFO:root:Commit Extraction COMPLETE for 29 of 32 Side Projects
INFO:root:Project crystal-lang/osc-docker Started Activities Extraction. 30 of 32
INFO:root:Starting Issue/PullRequests Extraction
INFO:root:Pulls Extraction Complete
INFO:root:Commit Extraction COMPLETE for 30 of 32 Side Projects
INFO:root:Project crystal-lang/newsletter Started Activities Extraction. 31 of 32
INFO:root:Starting Issue/PullRequests Extraction
INFO:root:Pulls Extraction Complete
INFO:root:Commit Extraction COMPLETE for 31 of 32 Side Projects
INFO:root:Project crystal-lang/perf-tools Started Activities Extraction. 32 of 32
INFO:root:Starting Issue/PullRequests Extraction
INFO:root:Pulls Extraction Complete
INFO:root:Commit Extraction COMPLETE for 32 of 32 Side Projects
INFO:root:Commit Extraction SUCCESSFULLY COMPLETED
