INFO:root:Commit Extraction Started for crystal-lang.
INFO:root:Commit Extraction for crystal
INFO:root:Initializing Extraction
INFO:root:Starting New Extraction
WARNING:root:Execution Interrupted While Getting COMMITS
INFO:root:Commit Extraction Started for crystal-lang.
INFO:root:Commit Extraction for crystal
INFO:root:Initializing Extraction
INFO:root:Resuming Extraction
INFO:root:Commit Extraction Complete
INFO:root:Start Writing Commit History Table for crystal
INFO:root:Commit History Table Written
INFO:root:Starting Inactivity Computation for crystal
INFO:root:Inactivity Computation Done
INFO:root:Commit Extraction for homebrew-crystal
INFO:root:Initializing Extraction
INFO:root:Starting New Extraction
INFO:root:Commit Extraction Complete
INFO:root:Start Writing Commit History Table for homebrew-crystal
INFO:root:Commit History Table Written
INFO:root:Starting Inactivity Computation for homebrew-crystal
INFO:root:Inactivity Computation Done
INFO:root:Commit Extraction for crystal-mysql
INFO:root:Initializing Extraction
INFO:root:Starting New Extraction
INFO:root:Commit Extraction Complete
INFO:root:Start Writing Commit History Table for crystal-mysql
INFO:root:Commit History Table Written
INFO:root:Starting Inactivity Computation for crystal-mysql
INFO:root:Inactivity Computation Done
INFO:root:Commit Extraction for omnibus-crystal
INFO:root:Initializing Extraction
INFO:root:Starting New Extraction
INFO:root:Commit Extraction Complete
INFO:root:Start Writing Commit History Table for omnibus-crystal
INFO:root:Commit History Table Written
INFO:root:Starting Inactivity Computation for omnibus-crystal
INFO:root:Inactivity Computation Done
INFO:root:Commit Extraction for crystal_lib
INFO:root:Initializing Extraction
INFO:root:Starting New Extraction
INFO:root:Commit Extraction Complete
INFO:root:Start Writing Commit History Table for crystal_lib
INFO:root:Commit History Table Written
INFO:root:Starting Inactivity Computation for crystal_lib
INFO:root:Inactivity Computation Done
INFO:root:Commit Extraction for heroku-buildpack-crystal
INFO:root:Initializing Extraction
INFO:root:Starting New Extraction
INFO:root:Commit Extraction Complete
INFO:root:Start Writing Commit History Table for heroku-buildpack-crystal
INFO:root:Commit History Table Written
INFO:root:Starting Inactivity Computation for heroku-buildpack-crystal
INFO:root:Inactivity Computation Done
INFO:root:Commit Extraction for crystal-sqlite3
INFO:root:Initializing Extraction
INFO:root:Starting New Extraction
INFO:root:Commit Extraction Complete
INFO:root:Start Writing Commit History Table for crystal-sqlite3
INFO:root:Commit History Table Written
INFO:root:Starting Inactivity Computation for crystal-sqlite3
INFO:root:Inactivity Computation Done
INFO:root:Commit Extraction for shards
INFO:root:Initializing Extraction
INFO:root:Starting New Extraction
INFO:root:Commit Extraction Complete
INFO:root:Start Writing Commit History Table for shards
INFO:root:Commit History Table Written
INFO:root:Starting Inactivity Computation for shards
INFO:root:Inactivity Computation Done
INFO:root:Commit Extraction for html_builder
INFO:root:Initializing Extraction
INFO:root:Starting New Extraction
INFO:root:Commit Extraction Complete
INFO:root:Start Writing Commit History Table for html_builder
INFO:root:Commit History Table Written
INFO:root:Starting Inactivity Computation for html_builder
INFO:root:Inactivity Computation Done
INFO:root:Commit Extraction for bdwgc
INFO:root:Initializing Extraction
INFO:root:Starting New Extraction
INFO:root:Commit Extraction Complete
INFO:root:Start Writing Commit History Table for bdwgc
INFO:root:Commit History Table Written
INFO:root:Starting Inactivity Computation for bdwgc
INFO:root:Inactivity Computation Done
INFO:root:Commit Extraction for crystal-db
INFO:root:Initializing Extraction
INFO:root:Starting New Extraction
INFO:root:Commit Extraction Complete
INFO:root:Start Writing Commit History Table for crystal-db
INFO:root:Commit History Table Written
INFO:root:Starting Inactivity Computation for crystal-db
INFO:root:Inactivity Computation Done
INFO:root:Commit Extraction for crystal-website
INFO:root:Initializing Extraction
INFO:root:Starting New Extraction
INFO:root:Commit Extraction Complete
INFO:root:Start Writing Commit History Table for crystal-website
INFO:root:Commit History Table Written
INFO:root:Starting Inactivity Computation for crystal-website
INFO:root:Inactivity Computation Done
INFO:root:Commit Extraction for crystal-book
INFO:root:Initializing Extraction
INFO:root:Starting New Extraction
INFO:root:Commit Extraction Complete
INFO:root:Start Writing Commit History Table for crystal-book
INFO:root:Commit History Table Written
INFO:root:Starting Inactivity Computation for crystal-book
INFO:root:Inactivity Computation Done
INFO:root:Commit Extraction for crystal-presents
INFO:root:Initializing Extraction
INFO:root:Starting New Extraction
INFO:root:Commit Extraction Complete
INFO:root:No Commits for crystal-presents
INFO:root:Commit Extraction for crystal-random
INFO:root:Initializing Extraction
INFO:root:Starting New Extraction
INFO:root:Commit Extraction Complete
INFO:root:Start Writing Commit History Table for crystal-random
INFO:root:Commit History Table Written
INFO:root:Starting Inactivity Computation for crystal-random
INFO:root:Inactivity Computation Done
INFO:root:Commit Extraction for distribution-scripts
INFO:root:Initializing Extraction
INFO:root:Starting New Extraction
INFO:root:Commit Extraction Complete
INFO:root:Start Writing Commit History Table for distribution-scripts
INFO:root:Commit History Table Written
INFO:root:Starting Inactivity Computation for distribution-scripts
INFO:root:Inactivity Computation Done
INFO:root:Commit Extraction for clang.cr
INFO:root:Initializing Extraction
INFO:root:Starting New Extraction
INFO:root:Commit Extraction Complete
INFO:root:Start Writing Commit History Table for clang.cr
INFO:root:Commit History Table Written
INFO:root:Starting Inactivity Computation for clang.cr
INFO:root:Inactivity Computation Done
INFO:root:Commit Extraction for crystal-env
INFO:root:Initializing Extraction
INFO:root:Starting New Extraction
INFO:root:Commit Extraction Complete
INFO:root:No Commits for crystal-env
INFO:root:Commit Extraction for crystal-dist
INFO:root:Initializing Extraction
INFO:root:Starting New Extraction
INFO:root:Commit Extraction Complete
INFO:root:Start Writing Commit History Table for crystal-dist
INFO:root:Commit History Table Written
INFO:root:Starting Inactivity Computation for crystal-dist
INFO:root:Inactivity Computation Done
INFO:root:Commit Extraction for test-ecosystem
INFO:root:Initializing Extraction
INFO:root:Starting New Extraction
INFO:root:Commit Extraction Complete
INFO:root:Start Writing Commit History Table for test-ecosystem
INFO:root:Commit History Table Written
INFO:root:Starting Inactivity Computation for test-ecosystem
INFO:root:Inactivity Computation Done
INFO:root:Commit Extraction for bootstrap-script
INFO:root:Initializing Extraction
INFO:root:Starting New Extraction
INFO:root:Commit Extraction Complete
INFO:root:Start Writing Commit History Table for bootstrap-script
INFO:root:Commit History Table Written
INFO:root:Starting Inactivity Computation for bootstrap-script
INFO:root:Inactivity Computation Done
INFO:root:Commit Extraction for .github
INFO:root:Initializing Extraction
INFO:root:Starting New Extraction
INFO:root:Commit Extraction Complete
INFO:root:Start Writing Commit History Table for .github
INFO:root:Commit History Table Written
INFO:root:Starting Inactivity Computation for .github
INFO:root:Inactivity Computation Done
INFO:root:Commit Extraction for crystal-readline
INFO:root:Initializing Extraction
INFO:root:Starting New Extraction
INFO:root:Commit Extraction Complete
INFO:root:Start Writing Commit History Table for crystal-readline
INFO:root:Commit History Table Written
INFO:root:Starting Inactivity Computation for crystal-readline
INFO:root:Inactivity Computation Done
INFO:root:Commit Extraction for crystal-molinillo
INFO:root:Initializing Extraction
INFO:root:Starting New Extraction
INFO:root:Commit Extraction Complete
INFO:root:No Commits for crystal-molinillo
INFO:root:Commit Extraction for install-crystal
INFO:root:Initializing Extraction
INFO:root:Starting New Extraction
INFO:root:Commit Extraction Complete
INFO:root:No Commits for install-crystal
INFO:root:Commit Extraction for json_mapping.cr
INFO:root:Initializing Extraction
INFO:root:Starting New Extraction
INFO:root:Commit Extraction Complete
INFO:root:No Commits for json_mapping.cr
INFO:root:Commit Extraction for yaml_mapping.cr
INFO:root:Initializing Extraction
INFO:root:Starting New Extraction
INFO:root:Commit Extraction Complete
INFO:root:No Commits for yaml_mapping.cr
INFO:root:Commit Extraction for crystal-infrastructure
INFO:root:Initializing Extraction
INFO:root:Starting New Extraction
INFO:root:Commit Extraction Complete
INFO:root:No Commits for crystal-infrastructure
INFO:root:Commit Extraction for logger.cr
INFO:root:Initializing Extraction
INFO:root:Starting New Extraction
INFO:root:Commit Extraction Complete
INFO:root:No Commits for logger.cr
INFO:root:Commit Extraction for osc-docker
INFO:root:Initializing Extraction
INFO:root:Starting New Extraction
INFO:root:Commit Extraction Complete
INFO:root:No Commits for osc-docker
INFO:root:Commit Extraction for newsletter
INFO:root:Initializing Extraction
INFO:root:Starting New Extraction
INFO:root:Commit Extraction Complete
INFO:root:No Commits for newsletter
INFO:root:Commit Extraction for perf-tools
INFO:root:Initializing Extraction
INFO:root:Starting New Extraction
INFO:root:Commit Extraction Complete
INFO:root:No Commits for perf-tools
INFO:root:Commit Extraction COMPLETE for 31 of 31 Side Projects
INFO:root:Merging the Commits in the WHOLE crystal-lang Organization
INFO:root:All the Organization commits have been merged with 
INFO:root:Commit History Table Written
INFO:root:Inactivity Computation Done
INFO:root:Commit Extraction SUCCESSFULLY COMPLETED
