.circleci/config.yml
.editorconfig
.gitattributes
.github/ISSUE_TEMPLATE/bug-report.md
.github/ISSUE_TEMPLATE/config.yml
.github/ISSUE_TEMPLATE/discussion.md
.github/ISSUE_TEMPLATE/feature-request.md
.github/PULL_REQUEST_TEMPLATE/pull_request_template.md
.github/renovate.json
.github/workflows/aarch64.yml
.github/workflows/interpreter.yml
.github/workflows/linux.yml
.github/workflows/llvm.yml
.github/workflows/macos.yml
.github/workflows/openssl.yml
.github/workflows/regex-engine.yml
.github/workflows/smoke.yml
.github/workflows/wasm32.yml
.github/workflows/win.yml
.github/workflows/win_build_portable.yml
.gitignore
Brewfile
CHANGELOG.0.md
CHANGELOG.md
CODE_OF_CONDUCT.md
CONTRIBUTING.md
LICENSE
Makefile
Makefile.win
NOTICE.md
README.md
SECURITY.md
UPGRADING.md
bin/check-compiler-flag
bin/ci
bin/crystal
bin/crystal.bat
bin/crystal.ps1
etc/completion.bash
etc/completion.fish
etc/completion.zsh
etc/gdb/crystal_formatters.py
etc/lldb/crystal_formatters.py
etc/msvc/crystal.natvis
etc/win-ci/build-ffi.ps1
etc/win-ci/build-gc.ps1
etc/win-ci/build-iconv.ps1
etc/win-ci/build-mpir.ps1
etc/win-ci/build-openssl.ps1
etc/win-ci/build-pcre.ps1
etc/win-ci/build-pcre2.ps1
etc/win-ci/build-xml2.ps1
etc/win-ci/build-yaml.ps1
etc/win-ci/build-z.ps1
etc/win-ci/crystal.bmp
etc/win-ci/crystal.iss
etc/win-ci/crystal_small.bmp
etc/win-ci/setup.ps1
lib/markd/.github/workflows/linux-ci.yml
lib/markd/.github/workflows/release-version.yml
lib/markd/.gitignore
lib/markd/.vscode/launch.json
lib/markd/CHANGELOG.md
lib/markd/LICENSE
lib/markd/README.md
lib/markd/shard.yml
lib/markd/spec/api_spec.cr
lib/markd/spec/fixtures/regression.txt
lib/markd/spec/fixtures/smart_punct.txt
lib/markd/spec/fixtures/spec.txt
lib/markd/spec/markd_spec.cr
lib/markd/spec/spec_helper.cr
lib/markd/src/markd.cr
lib/markd/src/markd/html_entities.cr
lib/markd/src/markd/mappings/decode.cr
lib/markd/src/markd/mappings/entities.cr
lib/markd/src/markd/mappings/legacy.cr
lib/markd/src/markd/node.cr
lib/markd/src/markd/options.cr
lib/markd/src/markd/parser.cr
lib/markd/src/markd/parsers/block.cr
lib/markd/src/markd/parsers/inline.cr
lib/markd/src/markd/renderer.cr
lib/markd/src/markd/renderers/html_renderer.cr
lib/markd/src/markd/rule.cr
lib/markd/src/markd/rules/block_quote.cr
lib/markd/src/markd/rules/code_block.cr
lib/markd/src/markd/rules/document.cr
lib/markd/src/markd/rules/heading.cr
lib/markd/src/markd/rules/html_block.cr
lib/markd/src/markd/rules/item.cr
lib/markd/src/markd/rules/list.cr
lib/markd/src/markd/rules/paragraph.cr
lib/markd/src/markd/rules/thematic_break.cr
lib/markd/src/markd/utils.cr
lib/markd/src/markd/version.cr
lib/reply/.gitignore
lib/reply/CHANGELOG.md
lib/reply/LICENSE
lib/reply/README.md
lib/reply/examples/crystal_repl.cr
lib/reply/examples/repl.cr
lib/reply/shard.yml
lib/reply/spec/auto_completion_spec.cr
lib/reply/spec/char_reader_spec.cr
lib/reply/spec/expression_editor_spec.cr
lib/reply/spec/history_spec.cr
lib/reply/spec/reader_spec.cr
lib/reply/spec/spec_helper.cr
lib/reply/src/auto_completion.cr
lib/reply/src/char_reader.cr
lib/reply/src/expression_editor.cr
lib/reply/src/history.cr
lib/reply/src/reader.cr
lib/reply/src/reply.cr
lib/reply/src/term_cursor.cr
lib/reply/src/term_size.cr
man/crystal.1
samples/.gitignore
samples/2048.cr
samples/Makefile
samples/Makefile.win
samples/binary-trees.cr
samples/brainfuck.cr
samples/channel_primes.cr
samples/channel_select.cr
samples/compiler/formatter_example.cr
samples/compiler/transformer_example.cr
samples/compiler/visitor_example.cr
samples/conway.cr
samples/degree_days.cr
samples/egrep.cr
samples/fannkuch-redux.cr
samples/havlak.cr
samples/http_server.cr
samples/impl.cr
samples/llvm/brainfuck.cr
samples/mandelbrot.cr
samples/mandelbrot2.cr
samples/matmul.cr
samples/meteor.cr
samples/mt_gc_test.cr
samples/nbodies.cr
samples/neural_net.cr
samples/noise.cr
samples/pig.cr
samples/pretty_json.cr
samples/quine.cr
samples/red_black_tree.cr
samples/sdl/fire.cr
samples/sdl/fire.txt
samples/sdl/raytracer.cr
samples/sdl/sdl/lib_sdl.cr
samples/sdl/sdl/sdl.cr
samples/sdl/sdl/surface.cr
samples/sdl/tv.cr
samples/sdl/tv.txt
samples/sieve.cr
samples/spectral-norm.cr
samples/sudoku.cr
samples/tcp_client.cr
samples/tcp_server.cr
samples/text_raytracer.cr
samples/tree.cr
samples/wordcount.cr
scripts/docs-versions.sh
scripts/generate_grapheme_break_specs.cr
scripts/generate_grapheme_properties.cr
scripts/generate_ssl_server_defaults.cr
scripts/generate_unicode_data.cr
scripts/generate_windows_zone_names.cr
scripts/git/pre-commit
scripts/github-changelog.cr
scripts/grapheme_properties.ecr
scripts/print_regex_config.cr
scripts/release-update.sh
scripts/test_ssl_server.cr
scripts/unicode_data.ecr
scripts/update-distribution-scripts.sh
scripts/windows_zone_names.ecr
shell.nix
spec/all_spec.cr
spec/compiler/codegen/alias_spec.cr
spec/compiler/codegen/and_spec.cr
spec/compiler/codegen/array_literal_spec.cr
spec/compiler/codegen/asm_spec.cr
spec/compiler/codegen/automatic_cast_spec.cr
spec/compiler/codegen/block_spec.cr
spec/compiler/codegen/c_abi/c_abi_spec.cr
spec/compiler/codegen/c_abi/c_abi_x86_64_spec.cr
spec/compiler/codegen/c_enum_spec.cr
spec/compiler/codegen/c_struct_spec.cr
spec/compiler/codegen/c_union_spec.cr
spec/compiler/codegen/case_spec.cr
spec/compiler/codegen/cast_spec.cr
spec/compiler/codegen/class_spec.cr
spec/compiler/codegen/class_var_spec.cr
spec/compiler/codegen/closure_spec.cr
spec/compiler/codegen/const_spec.cr
spec/compiler/codegen/debug_spec.cr
spec/compiler/codegen/def_default_value_spec.cr
spec/compiler/codegen/def_spec.cr
spec/compiler/codegen/double_splat_spec.cr
spec/compiler/codegen/enum_spec.cr
spec/compiler/codegen/exception_spec.cr
spec/compiler/codegen/experimental_spec.cr
spec/compiler/codegen/extern_spec.cr
spec/compiler/codegen/generic_class_spec.cr
spec/compiler/codegen/hash_literal_spec.cr
spec/compiler/codegen/hooks_spec.cr
spec/compiler/codegen/if_spec.cr
spec/compiler/codegen/is_a_spec.cr
spec/compiler/codegen/lib_spec.cr
spec/compiler/codegen/macro_spec.cr
spec/compiler/codegen/magic_constants_spec.cr
spec/compiler/codegen/method_missing_spec.cr
spec/compiler/codegen/module_spec.cr
spec/compiler/codegen/multi_assign_spec.cr
spec/compiler/codegen/named_args_spec.cr
spec/compiler/codegen/named_tuple_spec.cr
spec/compiler/codegen/new_spec.cr
spec/compiler/codegen/next_spec.cr
spec/compiler/codegen/nilable_cast_spec.cr
spec/compiler/codegen/no_return_spec.cr
spec/compiler/codegen/not_spec.cr
spec/compiler/codegen/offsetof_spec.cr
spec/compiler/codegen/op_assign_spec.cr
spec/compiler/codegen/or_spec.cr
spec/compiler/codegen/pointer_spec.cr
spec/compiler/codegen/previous_def_spec.cr
spec/compiler/codegen/primitives_spec.cr
spec/compiler/codegen/private_spec.cr
spec/compiler/codegen/proc_spec.cr
spec/compiler/codegen/regex_literal_spec.cr
spec/compiler/codegen/responds_to_spec.cr
spec/compiler/codegen/return_spec.cr
spec/compiler/codegen/sizeof_spec.cr
spec/compiler/codegen/special_vars_spec.cr
spec/compiler/codegen/splat_spec.cr
spec/compiler/codegen/ssa_spec.cr
spec/compiler/codegen/struct_spec.cr
spec/compiler/codegen/super_spec.cr
spec/compiler/codegen/target_spec.cr
spec/compiler/codegen/thread_local_spec.cr
spec/compiler/codegen/tuple_spec.cr
spec/compiler/codegen/type_declaration_spec.cr
spec/compiler/codegen/uninitialized_spec.cr
spec/compiler/codegen/union_type_spec.cr
spec/compiler/codegen/until_spec.cr
spec/compiler/codegen/var_spec.cr
spec/compiler/codegen/virtual_spec.cr
spec/compiler/codegen/void_spec.cr
spec/compiler/codegen/while_spec.cr
spec/compiler/codegen/yield_with_scope_spec.cr
spec/compiler/compiler_spec.cr
spec/compiler/config_spec.cr
spec/compiler/crystal/commands/clear_cache_spec.cr
spec/compiler/crystal/tools/context_spec.cr
spec/compiler/crystal/tools/doc/doc_renderer_spec.cr
spec/compiler/crystal/tools/doc/generator_spec.cr
spec/compiler/crystal/tools/doc/macro_spec.cr
spec/compiler/crystal/tools/doc/method_spec.cr
spec/compiler/crystal/tools/doc/project_info_spec.cr
spec/compiler/crystal/tools/doc/type_spec.cr
spec/compiler/crystal/tools/doc_spec.cr
spec/compiler/crystal/tools/expand_spec.cr
spec/compiler/crystal/tools/format_spec.cr
spec/compiler/crystal/tools/hierarchy_spec.cr
spec/compiler/crystal/tools/implementations_spec.cr
spec/compiler/crystal/tools/init_spec.cr
spec/compiler/crystal/tools/playground_spec.cr
spec/compiler/crystal/tools/table_print_spec.cr
spec/compiler/crystal/types_spec.cr
spec/compiler/crystal_path/crystal_path_spec.cr
spec/compiler/crystal_path/other_test_files/other_test_files.cr
spec/compiler/crystal_path/test_files/file_one.cr
spec/compiler/crystal_path/test_files/file_two.cr
spec/compiler/crystal_path/test_files/src/file_three.cr
spec/compiler/crystal_path/test_files/src/test_files.cr
spec/compiler/crystal_path/test_files/src/test_files/another/another.cr
spec/compiler/crystal_path/test_files/src/test_files/file_four.cr
spec/compiler/crystal_path/test_files/src/yet_another/yet_another.cr
spec/compiler/crystal_path/test_files/test_folder/file_three.cr
spec/compiler/crystal_path/test_files/test_folder/not_a_crystal_file.txt
spec/compiler/crystal_path/test_files/test_folder/test_folder.cr
spec/compiler/data/args_test
spec/compiler/data/build
spec/compiler/data/compiler_sample
spec/compiler/data/ffi/sum.c
spec/compiler/data/interpreter/sum.c
spec/compiler/data/loader/bar.c
spec/compiler/data/loader/foo.c
spec/compiler/data/loader/foo2.c
spec/compiler/data/loader/ld.so/basic.conf
spec/compiler/data/loader/ld.so/basic2.conf
spec/compiler/data/loader/ld.so/include.conf
spec/compiler/data/visibility.h
spec/compiler/ffi/ffi_spec.cr
spec/compiler/formatter/formatter_spec.cr
spec/compiler/interpreter/autocast_spec.cr
spec/compiler/interpreter/blocks_spec.cr
spec/compiler/interpreter/bugs_spec.cr
spec/compiler/interpreter/calls_spec.cr
spec/compiler/interpreter/casts_spec.cr
spec/compiler/interpreter/class_vars_spec.cr
spec/compiler/interpreter/classes_spec.cr
spec/compiler/interpreter/closures_spec.cr
spec/compiler/interpreter/constants_spec.cr
spec/compiler/interpreter/control_flow_spec.cr
spec/compiler/interpreter/enum_spec.cr
spec/compiler/interpreter/exceptions_spec.cr
spec/compiler/interpreter/extern_spec.cr
spec/compiler/interpreter/integration_spec.cr
spec/compiler/interpreter/is_a_spec.cr
spec/compiler/interpreter/lib_spec.cr
spec/compiler/interpreter/multidispatch_spec.cr
spec/compiler/interpreter/named_tuple_spec.cr
spec/compiler/interpreter/pointers_spec.cr
spec/compiler/interpreter/primitives_spec.cr
spec/compiler/interpreter/procs_spec.cr
spec/compiler/interpreter/responds_to_spec.cr
spec/compiler/interpreter/sizeof_spec.cr
spec/compiler/interpreter/spec_helper.cr
spec/compiler/interpreter/special_vars_spec.cr
spec/compiler/interpreter/structs_spec.cr
spec/compiler/interpreter/symbol_spec.cr
spec/compiler/interpreter/tuple_spec.cr
spec/compiler/interpreter/typeof_spec.cr
spec/compiler/interpreter/types_spec.cr
spec/compiler/interpreter/unions_spec.cr
spec/compiler/interpreter_spec.cr
spec/compiler/lexer/lexer_comment_spec.cr
spec/compiler/lexer/lexer_doc_spec.cr
spec/compiler/lexer/lexer_macro_spec.cr
spec/compiler/lexer/lexer_objects/strings.cr
spec/compiler/lexer/lexer_spec.cr
spec/compiler/lexer/lexer_string_array_spec.cr
spec/compiler/lexer/lexer_string_spec.cr
spec/compiler/lexer/location_spec.cr
spec/compiler/loader/msvc_spec.cr
spec/compiler/loader/spec_helper.cr
spec/compiler/loader/unix_spec.cr
spec/compiler/macro/macro_expander_spec.cr
spec/compiler/macro/macro_methods_spec.cr
spec/compiler/normalize/and_spec.cr
spec/compiler/normalize/array_literal_spec.cr
spec/compiler/normalize/block_spec.cr
spec/compiler/normalize/case_spec.cr
spec/compiler/normalize/chained_comparisons_spec.cr
spec/compiler/normalize/def_spec.cr
spec/compiler/normalize/expressions_spec.cr
spec/compiler/normalize/hash_literal_spec.cr
spec/compiler/normalize/multi_assign_spec.cr
spec/compiler/normalize/op_assign_spec.cr
spec/compiler/normalize/or_spec.cr
spec/compiler/normalize/proc_pointer_spec.cr
spec/compiler/normalize/range_literal_spec.cr
spec/compiler/normalize/regex_spec.cr
spec/compiler/normalize/return_next_break_spec.cr
spec/compiler/normalize/select_spec.cr
spec/compiler/normalize/string_interpolation_spec.cr
spec/compiler/normalize/unless_spec.cr
spec/compiler/normalize/until_spec.cr
spec/compiler/parser/parser_doc_spec.cr
spec/compiler/parser/parser_spec.cr
spec/compiler/parser/to_s_spec.cr
spec/compiler/parser/warnings_spec.cr
spec/compiler/semantic/abstract_def_spec.cr
spec/compiler/semantic/alias_spec.cr
spec/compiler/semantic/annotation_spec.cr
spec/compiler/semantic/array_spec.cr
spec/compiler/semantic/automatic_cast_spec.cr
spec/compiler/semantic/block_spec.cr
spec/compiler/semantic/c_enum_spec.cr
spec/compiler/semantic/c_struct_spec.cr
spec/compiler/semantic/c_type_spec.cr
spec/compiler/semantic/c_union_spec.cr
spec/compiler/semantic/call_error_spec.cr
spec/compiler/semantic/case_spec.cr
spec/compiler/semantic/cast_spec.cr
spec/compiler/semantic/class_spec.cr
spec/compiler/semantic/class_var_spec.cr
spec/compiler/semantic/cleanup_spec.cr
spec/compiler/semantic/closure_spec.cr
spec/compiler/semantic/concrete_types_spec.cr
spec/compiler/semantic/const_spec.cr
spec/compiler/semantic/def_overload_spec.cr
spec/compiler/semantic/def_spec.cr
spec/compiler/semantic/did_you_mean_spec.cr
spec/compiler/semantic/doc_spec.cr
spec/compiler/semantic/double_splat_spec.cr
spec/compiler/semantic/enum_spec.cr
spec/compiler/semantic/exception_spec.cr
spec/compiler/semantic/extern_spec.cr
spec/compiler/semantic/external_internal_spec.cr
spec/compiler/semantic/fun_spec.cr
spec/compiler/semantic/generic_class_spec.cr
spec/compiler/semantic/hooks_spec.cr
spec/compiler/semantic/if_spec.cr
spec/compiler/semantic/initialize_spec.cr
spec/compiler/semantic/instance_var_spec.cr
spec/compiler/semantic/is_a_spec.cr
spec/compiler/semantic/lib_spec.cr
spec/compiler/semantic/macro_overload_spec.cr
spec/compiler/semantic/macro_spec.cr
spec/compiler/semantic/metaclass_spec.cr
spec/compiler/semantic/method_missing_spec.cr
spec/compiler/semantic/module_spec.cr
spec/compiler/semantic/multi_assign_spec.cr
spec/compiler/semantic/named_args_spec.cr
spec/compiler/semantic/named_tuple_spec.cr
spec/compiler/semantic/new_spec.cr
spec/compiler/semantic/nil_spec.cr
spec/compiler/semantic/nilable_cast_spec.cr
spec/compiler/semantic/nilable_instance_var_spec.cr
spec/compiler/semantic/no_return_spec.cr
spec/compiler/semantic/not_spec.cr
spec/compiler/semantic/offsetof_spec.cr
spec/compiler/semantic/pointer_spec.cr
spec/compiler/semantic/previous_def_spec.cr
spec/compiler/semantic/primitives_spec.cr
spec/compiler/semantic/private_spec.cr
spec/compiler/semantic/proc_spec.cr
spec/compiler/semantic/recursive_struct_check_spec.cr
spec/compiler/semantic/require_spec.cr
spec/compiler/semantic/responds_to_spec.cr
spec/compiler/semantic/restrictions_augmenter_spec.cr
spec/compiler/semantic/restrictions_spec.cr
spec/compiler/semantic/return_spec.cr
spec/compiler/semantic/sizeof_spec.cr
spec/compiler/semantic/special_vars_spec.cr
spec/compiler/semantic/splat_spec.cr
spec/compiler/semantic/ssa_spec.cr
spec/compiler/semantic/static_array_spec.cr
spec/compiler/semantic/struct_spec.cr
spec/compiler/semantic/super_spec.cr
spec/compiler/semantic/tuple_spec.cr
spec/compiler/semantic/uninitialized_spec.cr
spec/compiler/semantic/union_spec.cr
spec/compiler/semantic/var_spec.cr
spec/compiler/semantic/virtual_metaclass_spec.cr
spec/compiler/semantic/virtual_spec.cr
spec/compiler/semantic/visibility_modifiers_spec.cr
spec/compiler/semantic/warnings_spec.cr
spec/compiler/semantic/while_spec.cr
spec/compiler/semantic/yield_with_scope_spec.cr
spec/compiler/spec_helper.cr
spec/compiler/util_spec.cr
spec/compiler_spec.cr
spec/debug/arrays.cr
spec/debug/blocks.cr
spec/debug/driver.cr
spec/debug/extern_unions.cr
spec/debug/strings.cr
spec/debug/test.sh
spec/debug/top_level.cr
spec/generate_interpreter_spec.sh
spec/generate_wasm32_spec.sh
spec/interpreter_std_spec.cr
spec/llvm-ir/argless-initialize-debug-loc.cr
spec/llvm-ir/assign-unions.cr
spec/llvm-ir/cast-unions.cr
spec/llvm-ir/class-var-read-debug-loc.cr
spec/llvm-ir/const-read-debug-loc.cr
spec/llvm-ir/memcpy.cr
spec/llvm-ir/memset.cr
spec/llvm-ir/pass-closure-to-c-debug-loc.cr
spec/llvm-ir/proc-call-debug-loc.cr
spec/llvm-ir/proc-pointer-debug-loc.cr
spec/llvm-ir/test.sh
spec/llvm-ir/virtual-class-var-read-debug-loc.cr
spec/llvm-ir/virtual-metaclass-var-read-debug-loc.cr
spec/manual/badssl_spec.cr
spec/manual/digest_large_file_spec.cr
spec/manual/find_executable_spec.cr
spec/manual/gzip_large_file_spec.cr
spec/manual/https_client_spec.cr
spec/manual/string_normalize_spec.cr
spec/primitives/float_spec.cr
spec/primitives/int_spec.cr
spec/primitives/slice_spec.cr
spec/primitives_spec.cr
spec/spec_helper.cr
spec/std/array_spec.cr
spec/std/atomic_spec.cr
spec/std/base64_spec.cr
spec/std/benchmark_spec.cr
spec/std/big/big_decimal_spec.cr
spec/std/big/big_float_spec.cr
spec/std/big/big_int_spec.cr
spec/std/big/big_rational_spec.cr
spec/std/big/number_spec.cr
spec/std/bit_array_spec.cr
spec/std/bool_spec.cr
spec/std/box_spec.cr
spec/std/channel_spec.cr
spec/std/char/reader_spec.cr
spec/std/char_spec.cr
spec/std/class_spec.cr
spec/std/colorize_spec.cr
spec/std/comparable_spec.cr
spec/std/complex_spec.cr
spec/std/compress/deflate/deflate_spec.cr
spec/std/compress/gzip/gzip_spec.cr
spec/std/compress/zip/zip_file_spec.cr
spec/std/compress/zip/zip_spec.cr
spec/std/compress/zlib/reader_spec.cr
spec/std/compress/zlib/stress_spec.cr
spec/std/compress/zlib/writer_spec.cr
spec/std/concurrent/select_spec.cr
spec/std/concurrent_spec.cr
spec/std/crypto/bcrypt/base64_spec.cr
spec/std/crypto/bcrypt/password_spec.cr
spec/std/crypto/bcrypt_spec.cr
spec/std/crypto/blowfish_spec.cr
spec/std/crypto/subtle_spec.cr
spec/std/crystal/compiler_rt/ashlti3_spec.cr
spec/std/crystal/compiler_rt/ashrti3_spec.cr
spec/std/crystal/compiler_rt/divmod128_spec.cr
spec/std/crystal/compiler_rt/fixint_spec.cr
spec/std/crystal/compiler_rt/float_spec.cr
spec/std/crystal/compiler_rt/lshrti3_spec.cr
spec/std/crystal/compiler_rt/mulodi4_spec.cr
spec/std/crystal/compiler_rt/mulosi4_spec.cr
spec/std/crystal/compiler_rt/muloti4_spec.cr
spec/std/crystal/compiler_rt/multi3_spec.cr
spec/std/crystal/compiler_rt/powidf2_spec.cr
spec/std/crystal/compiler_rt/powisf2_spec.cr
spec/std/crystal/compiler_rt/spec_helper.cr
spec/std/crystal/digest/md5_spec.cr
spec/std/crystal/digest/sha1_spec.cr
spec/std/crystal/hasher_spec.cr
spec/std/crystal/pointer_linked_list_spec.cr
spec/std/crystal/syntax_highlighter/colorize_spec.cr
spec/std/crystal/syntax_highlighter/html_spec.cr
spec/std/csv/csv_build_spec.cr
spec/std/csv/csv_lex_spec.cr
spec/std/csv/csv_parse_spec.cr
spec/std/csv/csv_spec.cr
spec/std/data/android_tzdata
spec/std/data/argf_test_file_1.txt
spec/std/data/argf_test_file_2.txt
spec/std/data/argf_test_file_3.xml
spec/std/data/backtrace_sample
spec/std/data/blank_test_file.txt
spec/std/data/cipher_spec.ciphertext
spec/std/data/collect_within_ensure
spec/std/data/crash_backtrace_sample
spec/std/data/dir/dots/.dot.hidden
spec/std/data/dir/dots/.hidden/f1.txt
spec/std/data/dir/f1.txt
spec/std/data/dir/f2.txt
spec/std/data/dir/f3.txx
spec/std/data/dir/g2.txt
spec/std/data/dir/subdir/f1.txt
spec/std/data/dir/subdir/subdir2/f2.txt
spec/std/data/dir/subdir2/.gitkeep
spec/std/data/exception_backtrace_sample
spec/std/data/io_data_incomplete_multibyte_sequence.txt
spec/std/data/io_data_incomplete_multibyte_sequence_2.txt
spec/std/data/large_single_line_string.txt
spec/std/data/mime.types
spec/std/data/openssl/openssl.crt
spec/std/data/openssl/openssl.key
spec/std/data/static_file_handler/empty.txt
spec/std/data/static_file_handler/foo/bar.txt
spec/std/data/static_file_handler/range.txt
spec/std/data/static_file_handler/test.txt
spec/std/data/static_file_handler/test.txt.gz
spec/std/data/symlink.txt
spec/std/data/test.zip
spec/std/data/test_file.ini
spec/std/data/test_file.txt
spec/std/data/test_template.ecr
spec/std/data/test_template2.ecr
spec/std/data/test_template3.ecr
spec/std/data/test_template4.ecr
spec/std/data/test_template5.ecr
spec/std/data/test_template6.ecr
spec/std/data/websocket_longpacket.bin
spec/std/data/zoneinfo.zip
spec/std/data/zoneinfo/Foo/Bar
spec/std/data/zoneinfo/Foo/invalid
spec/std/deque_spec.cr
spec/std/digest/adler32_spec.cr
spec/std/digest/crc32_spec.cr
spec/std/digest/io_digest_spec.cr
spec/std/digest/md5_spec.cr
spec/std/digest/sha1_spec.cr
spec/std/digest/sha256_spec.cr
spec/std/digest/sha512_spec.cr
spec/std/digest/spec_helper.cr
spec/std/dir_spec.cr
spec/std/double_spec.cr
spec/std/ecr/ecr_lexer_spec.cr
spec/std/ecr/ecr_spec.cr
spec/std/enum_spec.cr
spec/std/enumerable_spec.cr
spec/std/env_spec.cr
spec/std/errno_spec.cr
spec/std/exception/call_stack_spec.cr
spec/std/exception_spec.cr
spec/std/file/tempfile_spec.cr
spec/std/file_spec.cr
spec/std/file_utils_spec.cr
spec/std/float_printer/diy_fp_spec.cr
spec/std/float_printer/grisu3_spec.cr
spec/std/float_printer/ieee_spec.cr
spec/std/float_printer_spec.cr
spec/std/float_spec.cr
spec/std/gc_spec.cr
spec/std/hash_spec.cr
spec/std/html_spec.cr
spec/std/http/chunked_content_spec.cr
spec/std/http/client/client_spec.cr
spec/std/http/client/response_spec.cr
spec/std/http/cookie_spec.cr
spec/std/http/formdata/builder_spec.cr
spec/std/http/formdata/parser_spec.cr
spec/std/http/formdata_spec.cr
spec/std/http/headers_spec.cr
spec/std/http/http_spec.cr
spec/std/http/params_spec.cr
spec/std/http/request_spec.cr
spec/std/http/server/handlers/compress_handler_spec.cr
spec/std/http/server/handlers/error_handler_spec.cr
spec/std/http/server/handlers/handler_spec.cr
spec/std/http/server/handlers/log_handler_spec.cr
spec/std/http/server/handlers/static_file_handler_spec.cr
spec/std/http/server/handlers/websocket_handler_spec.cr
spec/std/http/server/request_processor_spec.cr
spec/std/http/server/response_spec.cr
spec/std/http/server/server_spec.cr
spec/std/http/spec_helper.cr
spec/std/http/status_spec.cr
spec/std/http/web_socket_spec.cr
spec/std/humanize_spec.cr
spec/std/indexable/mutable_spec.cr
spec/std/indexable_spec.cr
spec/std/ini_spec.cr
spec/std/int_spec.cr
spec/std/io/argf_spec.cr
spec/std/io/buffered_spec.cr
spec/std/io/byte_format_spec.cr
spec/std/io/delimited_spec.cr
spec/std/io/file_descriptor_spec.cr
spec/std/io/hexdump_spec.cr
spec/std/io/io_spec.cr
spec/std/io/memory_spec.cr
spec/std/io/multi_writer_spec.cr
spec/std/io/sized_spec.cr
spec/std/io/stapled_spec.cr
spec/std/iterator_spec.cr
spec/std/json/any_spec.cr
spec/std/json/builder_spec.cr
spec/std/json/lexer_spec.cr
spec/std/json/parser_spec.cr
spec/std/json/pull_parser_spec.cr
spec/std/json/serializable_spec.cr
spec/std/json/serialization_spec.cr
spec/std/kernel_spec.cr
spec/std/levenshtein_spec.cr
spec/std/llvm/aarch64_spec.cr
spec/std/llvm/arm_abi_spec.cr
spec/std/llvm/llvm_spec.cr
spec/std/llvm/type_spec.cr
spec/std/llvm/x86_64_abi_spec.cr
spec/std/llvm/x86_abi_spec.cr
spec/std/log/broadcast_backend_spec.cr
spec/std/log/builder_spec.cr
spec/std/log/context_spec.cr
spec/std/log/dispatch_spec.cr
spec/std/log/env_config_spec.cr
spec/std/log/format_spec.cr
spec/std/log/io_backend_spec.cr
spec/std/log/log_spec.cr
spec/std/log/main_spec.cr
spec/std/log/metadata_spec.cr
spec/std/log/spec_spec.cr
spec/std/math_spec.cr
spec/std/mime/media_type_spec.cr
spec/std/mime/multipart/builder_spec.cr
spec/std/mime/multipart/parser_spec.cr
spec/std/mime/multipart_spec.cr
spec/std/mime_spec.cr
spec/std/mutex_spec.cr
spec/std/named_tuple_spec.cr
spec/std/number_spec.cr
spec/std/oauth/access_token_spec.cr
spec/std/oauth/authorization_header_spec.cr
spec/std/oauth/consumer_spec.cr
spec/std/oauth/params_spec.cr
spec/std/oauth/request_token_spec.cr
spec/std/oauth/signature_spec.cr
spec/std/oauth2/access_token_spec.cr
spec/std/oauth2/client_spec.cr
spec/std/oauth2/session_spec.cr
spec/std/object_spec.cr
spec/std/openssl/cipher_spec.cr
spec/std/openssl/digest_spec.cr
spec/std/openssl/hmac_spec.cr
spec/std/openssl/pkcs5_spec.cr
spec/std/openssl/ssl/context_spec.cr
spec/std/openssl/ssl/hostname_validation_spec.cr
spec/std/openssl/ssl/server_spec.cr
spec/std/openssl/ssl/socket_spec.cr
spec/std/openssl/x509/certificate_spec.cr
spec/std/openssl/x509/name_spec.cr
spec/std/option_parser_spec.cr
spec/std/path_spec.cr
spec/std/pointer_spec.cr
spec/std/pp_spec.cr
spec/std/pretty_print_spec.cr
spec/std/proc_spec.cr
spec/std/process/find_executable_spec.cr
spec/std/process/status_spec.cr
spec/std/process/utils_spec.cr
spec/std/process_spec.cr
spec/std/raise_spec.cr
spec/std/random/isaac_spec.cr
spec/std/random/pcg32_spec.cr
spec/std/random/secure_spec.cr
spec/std/random_spec.cr
spec/std/range_spec.cr
spec/std/record_spec.cr
spec/std/reference_spec.cr
spec/std/regex/match_data_spec.cr
spec/std/regex_spec.cr
spec/std/semantic_version_spec.cr
spec/std/set_spec.cr
spec/std/signal_spec.cr
spec/std/slice_spec.cr
spec/std/socket/address_spec.cr
spec/std/socket/addrinfo_spec.cr
spec/std/socket/socket_spec.cr
spec/std/socket/spec_helper.cr
spec/std/socket/tcp_server_spec.cr
spec/std/socket/tcp_socket_spec.cr
spec/std/socket/udp_socket_spec.cr
spec/std/socket/unix_server_spec.cr
spec/std/socket/unix_socket_spec.cr
spec/std/spec/context_spec.cr
spec/std/spec/expectations_spec.cr
spec/std/spec/filters_spec.cr
spec/std/spec/helpers/iterate_spec.cr
spec/std/spec/hooks_spec.cr
spec/std/spec/junit_formatter_spec.cr
spec/std/spec/spec_helper.cr
spec/std/spec/tap_formatter_spec.cr
spec/std/spec_helper.cr
spec/std/spec_spec.cr
spec/std/sprintf_spec.cr
spec/std/static_array_spec.cr
spec/std/string/grapheme_break_spec.cr
spec/std/string/grapheme_spec.cr
spec/std/string/spec_helper.cr
spec/std/string/utf16_spec.cr
spec/std/string_builder_spec.cr
spec/std/string_pool_spec.cr
spec/std/string_scanner_spec.cr
spec/std/string_spec.cr
spec/std/struct_spec.cr
spec/std/symbol_spec.cr
spec/std/syscall_spec.cr
spec/std/system/group_spec.cr
spec/std/system/user_spec.cr
spec/std/system_error_spec.cr
spec/std/system_spec.cr
spec/std/thread/condition_variable_spec.cr
spec/std/thread/mutex_spec.cr
spec/std/thread_spec.cr
spec/std/time/custom_formats_spec.cr
spec/std/time/format_spec.cr
spec/std/time/location_spec.cr
spec/std/time/span_spec.cr
spec/std/time/time_spec.cr
spec/std/tuple_spec.cr
spec/std/uint_spec.cr
spec/std/uri/params_spec.cr
spec/std/uri/punycode_spec.cr
spec/std/uri_spec.cr
spec/std/uuid/json_spec.cr
spec/std/uuid/yaml_spec.cr
spec/std/uuid_spec.cr
spec/std/va_list_spec.cr
spec/std/weak_ref_spec.cr
spec/std/winerror_spec.cr
spec/std/xml/builder_spec.cr
spec/std/xml/html_spec.cr
spec/std/xml/reader_spec.cr
spec/std/xml/xml_spec.cr
spec/std/xml/xpath_spec.cr
spec/std/yaml/any_spec.cr
spec/std/yaml/builder_spec.cr
spec/std/yaml/nodes/builder_spec.cr
spec/std/yaml/schema/core_spec.cr
spec/std/yaml/schema/fail_safe_spec.cr
spec/std/yaml/serializable_spec.cr
spec/std/yaml/serialization_spec.cr
spec/std/yaml/yaml_pull_parser_spec.cr
spec/std/yaml/yaml_spec.cr
spec/std_spec.cr
spec/support/channel.cr
spec/support/env.cr
spec/support/fibers.cr
spec/support/finalize.cr
spec/support/io.cr
spec/support/mt_abort_timeout.cr
spec/support/number.cr
spec/support/retry.cr
spec/support/ssl.cr
spec/support/syntax.cr
spec/support/tempfile.cr
spec/support/time.cr
spec/support/win32.cr
spec/wasm32_std_spec.cr
src/VERSION
src/annotations.cr
src/array.cr
src/atomic.cr
src/base64.cr
src/benchmark.cr
src/benchmark/bm.cr
src/benchmark/ips.cr
src/big.cr
src/big/big_decimal.cr
src/big/big_float.cr
src/big/big_int.cr
src/big/big_rational.cr
src/big/json.cr
src/big/lib_gmp.cr
src/big/number.cr
src/big/yaml.cr
src/bit_array.cr
src/bool.cr
src/box.cr
src/channel.cr
src/char.cr
src/char/reader.cr
src/class.cr
src/colorize.cr
src/comparable.cr
src/compiler/crystal.cr
src/compiler/crystal/annotatable.cr
src/compiler/crystal/codegen/asm.cr
src/compiler/crystal/codegen/ast.cr
src/compiler/crystal/codegen/cache_dir.cr
src/compiler/crystal/codegen/call.cr
src/compiler/crystal/codegen/cast.cr
src/compiler/crystal/codegen/class_var.cr
src/compiler/crystal/codegen/codegen.cr
src/compiler/crystal/codegen/cond.cr
src/compiler/crystal/codegen/const.cr
src/compiler/crystal/codegen/context.cr
src/compiler/crystal/codegen/crystal_llvm_builder.cr
src/compiler/crystal/codegen/debug.cr
src/compiler/crystal/codegen/exception.cr
src/compiler/crystal/codegen/experimental.cr
src/compiler/crystal/codegen/fun.cr
src/compiler/crystal/codegen/link.cr
src/compiler/crystal/codegen/llvm_builder_helper.cr
src/compiler/crystal/codegen/llvm_id.cr
src/compiler/crystal/codegen/llvm_typer.cr
src/compiler/crystal/codegen/match.cr
src/compiler/crystal/codegen/once.cr
src/compiler/crystal/codegen/phi.cr
src/compiler/crystal/codegen/primitives.cr
src/compiler/crystal/codegen/target.cr
src/compiler/crystal/codegen/type_id.cr
src/compiler/crystal/codegen/types.cr
src/compiler/crystal/codegen/unions.cr
src/compiler/crystal/command.cr
src/compiler/crystal/command/clear_cache.cr
src/compiler/crystal/command/cursor.cr
src/compiler/crystal/command/docs.cr
src/compiler/crystal/command/env.cr
src/compiler/crystal/command/eval.cr
src/compiler/crystal/command/format.cr
src/compiler/crystal/command/playground.cr
src/compiler/crystal/command/repl.cr
src/compiler/crystal/command/spec.cr
src/compiler/crystal/compiler.cr
src/compiler/crystal/config.cr
src/compiler/crystal/crystal_path.cr
src/compiler/crystal/error.cr
src/compiler/crystal/exception.cr
src/compiler/crystal/ffi/call_interface.cr
src/compiler/crystal/ffi/closure.cr
src/compiler/crystal/ffi/ffi.cr
src/compiler/crystal/ffi/lib_ffi.cr
src/compiler/crystal/ffi/type.cr
src/compiler/crystal/formatter.cr
src/compiler/crystal/interpreter.cr
src/compiler/crystal/interpreter/c.cr
src/compiler/crystal/interpreter/cast.cr
src/compiler/crystal/interpreter/class_vars.cr
src/compiler/crystal/interpreter/closure.cr
src/compiler/crystal/interpreter/closure_context.cr
src/compiler/crystal/interpreter/compiled_block.cr
src/compiler/crystal/interpreter/compiled_def.cr
src/compiler/crystal/interpreter/compiled_instructions.cr
src/compiler/crystal/interpreter/compiler.cr
src/compiler/crystal/interpreter/constants.cr
src/compiler/crystal/interpreter/context.cr
src/compiler/crystal/interpreter/debug.cr
src/compiler/crystal/interpreter/disassembler.cr
src/compiler/crystal/interpreter/escaping_exception.cr
src/compiler/crystal/interpreter/ffi_closure_context.cr
src/compiler/crystal/interpreter/instruction.cr
src/compiler/crystal/interpreter/instructions.cr
src/compiler/crystal/interpreter/interpreter.cr
src/compiler/crystal/interpreter/lib_function.cr
src/compiler/crystal/interpreter/local_vars.cr
src/compiler/crystal/interpreter/local_vars_gatherer.cr
src/compiler/crystal/interpreter/multidispatch.cr
src/compiler/crystal/interpreter/op_code.cr
src/compiler/crystal/interpreter/primitives.cr
src/compiler/crystal/interpreter/pry_reader.cr
src/compiler/crystal/interpreter/repl.cr
src/compiler/crystal/interpreter/repl_reader.cr
src/compiler/crystal/interpreter/to_bool.cr
src/compiler/crystal/interpreter/value.cr
src/compiler/crystal/loader.cr
src/compiler/crystal/loader/msvc.cr
src/compiler/crystal/loader/unix.cr
src/compiler/crystal/macros.cr
src/compiler/crystal/macros/interpreter.cr
src/compiler/crystal/macros/macros.cr
src/compiler/crystal/macros/methods.cr
src/compiler/crystal/macros/types.cr
src/compiler/crystal/program.cr
src/compiler/crystal/progress_tracker.cr
src/compiler/crystal/semantic.cr
src/compiler/crystal/semantic/abstract_def_checker.cr
src/compiler/crystal/semantic/ast.cr
src/compiler/crystal/semantic/bindings.cr
src/compiler/crystal/semantic/call.cr
src/compiler/crystal/semantic/call_error.cr
src/compiler/crystal/semantic/class_vars_initializer_visitor.cr
src/compiler/crystal/semantic/cleanup_transformer.cr
src/compiler/crystal/semantic/conversions.cr
src/compiler/crystal/semantic/cover.cr
src/compiler/crystal/semantic/default_arguments.cr
src/compiler/crystal/semantic/exception.cr
src/compiler/crystal/semantic/exhaustiveness_checker.cr
src/compiler/crystal/semantic/filters.cr
src/compiler/crystal/semantic/fix_missing_types.cr
src/compiler/crystal/semantic/flags.cr
src/compiler/crystal/semantic/hooks.cr
src/compiler/crystal/semantic/instance_vars_initializer_visitor.cr
src/compiler/crystal/semantic/lib.cr
src/compiler/crystal/semantic/literal_expander.cr
src/compiler/crystal/semantic/main_visitor.cr
src/compiler/crystal/semantic/match.cr
src/compiler/crystal/semantic/math_interpreter.cr
src/compiler/crystal/semantic/method_lookup.cr
src/compiler/crystal/semantic/method_missing.cr
src/compiler/crystal/semantic/new.cr
src/compiler/crystal/semantic/normalizer.cr
src/compiler/crystal/semantic/path_lookup.cr
src/compiler/crystal/semantic/recursive_struct_checker.cr
src/compiler/crystal/semantic/restrictions.cr
src/compiler/crystal/semantic/restrictions_augmenter.cr
src/compiler/crystal/semantic/semantic_visitor.cr
src/compiler/crystal/semantic/suggestions.cr
src/compiler/crystal/semantic/to_s.cr
src/compiler/crystal/semantic/top_level_visitor.cr
src/compiler/crystal/semantic/transformer.cr
src/compiler/crystal/semantic/type_declaration_processor.cr
src/compiler/crystal/semantic/type_declaration_visitor.cr
src/compiler/crystal/semantic/type_guess_visitor.cr
src/compiler/crystal/semantic/type_intersect.cr
src/compiler/crystal/semantic/type_lookup.cr
src/compiler/crystal/semantic/type_merge.cr
src/compiler/crystal/semantic/type_to_restriction.cr
src/compiler/crystal/semantic/warnings.cr
src/compiler/crystal/syntax.cr
src/compiler/crystal/syntax/ast.cr
src/compiler/crystal/syntax/exception.cr
src/compiler/crystal/syntax/lexer.cr
src/compiler/crystal/syntax/location.cr
src/compiler/crystal/syntax/parser.cr
src/compiler/crystal/syntax/to_s.cr
src/compiler/crystal/syntax/token.cr
src/compiler/crystal/syntax/transformer.cr
src/compiler/crystal/syntax/virtual_file.cr
src/compiler/crystal/syntax/visitor.cr
src/compiler/crystal/tools/context.cr
src/compiler/crystal/tools/doc.cr
src/compiler/crystal/tools/doc/constant.cr
src/compiler/crystal/tools/doc/generator.cr
src/compiler/crystal/tools/doc/html/404.html
src/compiler/crystal/tools/doc/html/_head.html
src/compiler/crystal/tools/doc/html/_list_items.html
src/compiler/crystal/tools/doc/html/_method_detail.html
src/compiler/crystal/tools/doc/html/_method_summary.html
src/compiler/crystal/tools/doc/html/_methods_inherited.html
src/compiler/crystal/tools/doc/html/_other_types.html
src/compiler/crystal/tools/doc/html/_sidebar.html
src/compiler/crystal/tools/doc/html/css/style.css
src/compiler/crystal/tools/doc/html/js/_navigator.js
src/compiler/crystal/tools/doc/html/js/_search.js
src/compiler/crystal/tools/doc/html/js/_usage-modal.js
src/compiler/crystal/tools/doc/html/js/_versions.js
src/compiler/crystal/tools/doc/html/js/doc.js
src/compiler/crystal/tools/doc/html/main.html
src/compiler/crystal/tools/doc/html/sitemap.xml
src/compiler/crystal/tools/doc/html/type.html
src/compiler/crystal/tools/doc/item.cr
src/compiler/crystal/tools/doc/macro.cr
src/compiler/crystal/tools/doc/main.cr
src/compiler/crystal/tools/doc/markd_doc_renderer.cr
src/compiler/crystal/tools/doc/method.cr
src/compiler/crystal/tools/doc/project_info.cr
src/compiler/crystal/tools/doc/relative_location.cr
src/compiler/crystal/tools/doc/templates.cr
src/compiler/crystal/tools/doc/to_json.cr
src/compiler/crystal/tools/doc/type.cr
src/compiler/crystal/tools/expand.cr
src/compiler/crystal/tools/formatter.cr
src/compiler/crystal/tools/git.cr
src/compiler/crystal/tools/implementations.cr
src/compiler/crystal/tools/init.cr
src/compiler/crystal/tools/init/template/editorconfig.ecr
src/compiler/crystal/tools/init/template/example.cr.ecr
src/compiler/crystal/tools/init/template/example_spec.cr.ecr
src/compiler/crystal/tools/init/template/gitignore.ecr
src/compiler/crystal/tools/init/template/license.ecr
src/compiler/crystal/tools/init/template/readme.md.ecr
src/compiler/crystal/tools/init/template/shard.yml.ecr
src/compiler/crystal/tools/init/template/spec_helper.cr.ecr
src/compiler/crystal/tools/playground.cr
src/compiler/crystal/tools/playground/agent.cr
src/compiler/crystal/tools/playground/agent_instrumentor_transformer.cr
src/compiler/crystal/tools/playground/public/application.css
src/compiler/crystal/tools/playground/public/application.js
src/compiler/crystal/tools/playground/public/favicon.ico
src/compiler/crystal/tools/playground/public/icon.svg
src/compiler/crystal/tools/playground/public/session.js
src/compiler/crystal/tools/playground/public/settings.js
src/compiler/crystal/tools/playground/public/vendor/ansi_up-1.3.0/ansi_up.js
src/compiler/crystal/tools/playground/public/vendor/ansi_up-1.3.0/theme.css
src/compiler/crystal/tools/playground/public/vendor/codemirror-5.38.0/addon/comment/comment.js
src/compiler/crystal/tools/playground/public/vendor/codemirror-5.38.0/lib/codemirror.css
src/compiler/crystal/tools/playground/public/vendor/codemirror-5.38.0/lib/codemirror.js
src/compiler/crystal/tools/playground/public/vendor/codemirror-5.38.0/mode/crystal/crystal.js
src/compiler/crystal/tools/playground/public/vendor/codemirror-5.38.0/theme/neat.css
src/compiler/crystal/tools/playground/public/vendor/jquery-2.2.1.min.js
src/compiler/crystal/tools/playground/public/vendor/materialize-v0.97.5/css/materialize.min.css
src/compiler/crystal/tools/playground/public/vendor/materialize-v0.97.5/js/materialize.min.js
src/compiler/crystal/tools/playground/public/vendor/octicons-19.5.0/octicons.css
src/compiler/crystal/tools/playground/public/vendor/octicons-19.5.0/octicons.svg
src/compiler/crystal/tools/playground/server.cr
src/compiler/crystal/tools/playground/views/_about.html
src/compiler/crystal/tools/playground/views/_index.html
src/compiler/crystal/tools/playground/views/_settings.html
src/compiler/crystal/tools/playground/views/_workbook.html.ecr
src/compiler/crystal/tools/playground/views/layout.html.ecr
src/compiler/crystal/tools/print_hierarchy.cr
src/compiler/crystal/tools/print_types_visitor.cr
src/compiler/crystal/tools/table_print.cr
src/compiler/crystal/tools/typed_def_processor.cr
src/compiler/crystal/types.cr
src/compiler/crystal/util.cr
src/compiler/crystal/warnings.cr
src/compiler/requires.cr
src/complex.cr
src/compress/deflate/deflate.cr
src/compress/deflate/reader.cr
src/compress/deflate/writer.cr
src/compress/gzip/gzip.cr
src/compress/gzip/header.cr
src/compress/gzip/reader.cr
src/compress/gzip/writer.cr
src/compress/zip/checksum_reader.cr
src/compress/zip/checksum_writer.cr
src/compress/zip/compression_method.cr
src/compress/zip/file.cr
src/compress/zip/file_info.cr
src/compress/zip/reader.cr
src/compress/zip/writer.cr
src/compress/zip/zip.cr
src/compress/zlib/reader.cr
src/compress/zlib/writer.cr
src/compress/zlib/zlib.cr
src/concurrent.cr
src/crypto/bcrypt.cr
src/crypto/bcrypt/base64.cr
src/crypto/bcrypt/blowfish.cr
src/crypto/bcrypt/password.cr
src/crypto/blowfish.cr
src/crypto/subtle.cr
src/crystal/at_exit_handlers.cr
src/crystal/atomic_semaphore.cr
src/crystal/compiler_rt.cr
src/crystal/compiler_rt/divmod128.cr
src/crystal/compiler_rt/fixint.cr
src/crystal/compiler_rt/float.cr
src/crystal/compiler_rt/mul.cr
src/crystal/compiler_rt/multi3.cr
src/crystal/compiler_rt/pow.cr
src/crystal/compiler_rt/shift.cr
src/crystal/datum.cr
src/crystal/digest/md5.cr
src/crystal/digest/sha1.cr
src/crystal/dwarf.cr
src/crystal/dwarf/abbrev.cr
src/crystal/dwarf/info.cr
src/crystal/dwarf/line_numbers.cr
src/crystal/dwarf/strings.cr
src/crystal/elf.cr
src/crystal/fiber_channel.cr
src/crystal/hasher.cr
src/crystal/iconv.cr
src/crystal/interpreter.cr
src/crystal/lib_iconv.cr
src/crystal/mach_o.cr
src/crystal/main.cr
src/crystal/once.cr
src/crystal/pointer_linked_list.cr
src/crystal/rw_lock.cr
src/crystal/scheduler.cr
src/crystal/small_deque.cr
src/crystal/spin_lock.cr
src/crystal/syntax_highlighter.cr
src/crystal/syntax_highlighter/colorize.cr
src/crystal/syntax_highlighter/html.cr
src/crystal/system.cr
src/crystal/system/dir.cr
src/crystal/system/env.cr
src/crystal/system/event_loop.cr
src/crystal/system/fiber.cr
src/crystal/system/file.cr
src/crystal/system/file_descriptor.cr
src/crystal/system/file_info.cr
src/crystal/system/group.cr
src/crystal/system/mime.cr
src/crystal/system/path.cr
src/crystal/system/print_error.cr
src/crystal/system/process.cr
src/crystal/system/random.cr
src/crystal/system/signal.cr
src/crystal/system/socket.cr
src/crystal/system/thread.cr
src/crystal/system/thread_condition_variable.cr
src/crystal/system/thread_linked_list.cr
src/crystal/system/thread_mutex.cr
src/crystal/system/time.cr
src/crystal/system/unix.cr
src/crystal/system/unix/arc4random.cr
src/crystal/system/unix/dir.cr
src/crystal/system/unix/env.cr
src/crystal/system/unix/event_libevent.cr
src/crystal/system/unix/event_loop_libevent.cr
src/crystal/system/unix/fiber.cr
src/crystal/system/unix/file.cr
src/crystal/system/unix/file_descriptor.cr
src/crystal/system/unix/file_info.cr
src/crystal/system/unix/getrandom.cr
src/crystal/system/unix/group.cr
src/crystal/system/unix/hostname.cr
src/crystal/system/unix/lib_event2.cr
src/crystal/system/unix/mime.cr
src/crystal/system/unix/path.cr
src/crystal/system/unix/process.cr
src/crystal/system/unix/pthread.cr
src/crystal/system/unix/pthread_condition_variable.cr
src/crystal/system/unix/pthread_mutex.cr
src/crystal/system/unix/signal.cr
src/crystal/system/unix/socket.cr
src/crystal/system/unix/syscall.cr
src/crystal/system/unix/sysconf_cpucount.cr
src/crystal/system/unix/sysctl_cpucount.cr
src/crystal/system/unix/time.cr
src/crystal/system/unix/urandom.cr
src/crystal/system/unix/user.cr
src/crystal/system/user.cr
src/crystal/system/wasi/cpucount.cr
src/crystal/system/wasi/dir.cr
src/crystal/system/wasi/event_loop.cr
src/crystal/system/wasi/fiber.cr
src/crystal/system/wasi/file.cr
src/crystal/system/wasi/file_descriptor.cr
src/crystal/system/wasi/group.cr
src/crystal/system/wasi/hostname.cr
src/crystal/system/wasi/lib_wasi.cr
src/crystal/system/wasi/main.cr
src/crystal/system/wasi/path.cr
src/crystal/system/wasi/process.cr
src/crystal/system/wasi/random.cr
src/crystal/system/wasi/signal.cr
src/crystal/system/wasi/socket.cr
src/crystal/system/wasi/thread.cr
src/crystal/system/wasi/thread_condition_variable.cr
src/crystal/system/wasi/thread_mutex.cr
src/crystal/system/wasi/user.cr
src/crystal/system/wasi/wasi.cr
src/crystal/system/win32/cpucount.cr
src/crystal/system/win32/crypto.cr
src/crystal/system/win32/delay_load.cr
src/crystal/system/win32/dir.cr
src/crystal/system/win32/env.cr
src/crystal/system/win32/event_loop_iocp.cr
src/crystal/system/win32/fiber.cr
src/crystal/system/win32/file.cr
src/crystal/system/win32/file_descriptor.cr
src/crystal/system/win32/file_info.cr
src/crystal/system/win32/hostname.cr
src/crystal/system/win32/library_archive.cr
src/crystal/system/win32/mime.cr
src/crystal/system/win32/path.cr
src/crystal/system/win32/process.cr
src/crystal/system/win32/random.cr
src/crystal/system/win32/signal.cr
src/crystal/system/win32/socket.cr
src/crystal/system/win32/thread.cr
src/crystal/system/win32/thread_condition_variable.cr
src/crystal/system/win32/thread_mutex.cr
src/crystal/system/win32/time.cr
src/crystal/system/win32/visual_studio.cr
src/crystal/system/win32/windows_registry.cr
src/crystal/system/win32/windows_sdk.cr
src/crystal/system/win32/wmain.cr
src/crystal/system/win32/zone_names.cr
src/crystal/system/windows.cr
src/crystal/thread_local_value.cr
src/csv.cr
src/csv/builder.cr
src/csv/error.cr
src/csv/lexer.cr
src/csv/lexer/io_based.cr
src/csv/lexer/string_based.cr
src/csv/parser.cr
src/csv/token.cr
src/deque.cr
src/digest.cr
src/digest/adler32.cr
src/digest/crc32.cr
src/digest/digest.cr
src/digest/io_digest.cr
src/digest/md5.cr
src/digest/sha1.cr
src/digest/sha256.cr
src/digest/sha512.cr
src/dir.cr
src/dir/glob.cr
src/docs_main.cr
src/docs_pseudo_methods.cr
src/ecr.cr
src/ecr/lexer.cr
src/ecr/macros.cr
src/ecr/process.cr
src/ecr/processor.cr
src/empty.cr
src/enum.cr
src/enumerable.cr
src/env.cr
src/errno.cr
src/exception.cr
src/exception/call_stack.cr
src/exception/call_stack/dwarf.cr
src/exception/call_stack/elf.cr
src/exception/call_stack/interpreter.cr
src/exception/call_stack/libunwind.cr
src/exception/call_stack/mach_o.cr
src/exception/call_stack/null.cr
src/exception/call_stack/stackwalk.cr
src/exception/lib_unwind.cr
src/fiber.cr
src/fiber/context.cr
src/fiber/context/aarch64.cr
src/fiber/context/arm.cr
src/fiber/context/i386.cr
src/fiber/context/interpreted.cr
src/fiber/context/wasm32.cr
src/fiber/context/x86_64-microsoft.cr
src/fiber/context/x86_64-sysv.cr
src/fiber/stack_pool.cr
src/file.cr
src/file/error.cr
src/file/info.cr
src/file/preader.cr
src/file/tempfile.cr
src/file_utils.cr
src/float.cr
src/float/printer.cr
src/float/printer/cached_powers.cr
src/float/printer/diy_fp.cr
src/float/printer/dragonbox.cr
src/float/printer/dragonbox_cache.cr
src/float/printer/grisu3.cr
src/float/printer/ieee.cr
src/gc.cr
src/gc/boehm.cr
src/gc/none.cr
src/hash.cr
src/html.cr
src/html/entities.cr
src/http.cr
src/http/client.cr
src/http/client/response.cr
src/http/common.cr
src/http/content.cr
src/http/cookie.cr
src/http/formdata.cr
src/http/formdata/builder.cr
src/http/formdata/parser.cr
src/http/formdata/part.cr
src/http/headers.cr
src/http/log.cr
src/http/params.cr
src/http/request.cr
src/http/server.cr
src/http/server/context.cr
src/http/server/handler.cr
src/http/server/handlers/compress_handler.cr
src/http/server/handlers/error_handler.cr
src/http/server/handlers/log_handler.cr
src/http/server/handlers/static_file_handler.cr
src/http/server/handlers/static_file_handler.html
src/http/server/handlers/websocket_handler.cr
src/http/server/request_processor.cr
src/http/server/response.cr
src/http/status.cr
src/http/web_socket.cr
src/http/web_socket/close_code.cr
src/http/web_socket/protocol.cr
src/humanize.cr
src/indexable.cr
src/indexable/mutable.cr
src/ini.cr
src/int.cr
src/intrinsics.cr
src/io.cr
src/io/argf.cr
src/io/buffered.cr
src/io/byte_format.cr
src/io/console.cr
src/io/delimited.cr
src/io/encoding.cr
src/io/encoding_stubs.cr
src/io/error.cr
src/io/evented.cr
src/io/file_descriptor.cr
src/io/hexdump.cr
src/io/memory.cr
src/io/multi_writer.cr
src/io/overlapped.cr
src/io/sized.cr
src/io/stapled.cr
src/iterable.cr
src/iterator.cr
src/json.cr
src/json/any.cr
src/json/builder.cr
src/json/from_json.cr
src/json/lexer.cr
src/json/lexer/io_based.cr
src/json/lexer/string_based.cr
src/json/parser.cr
src/json/pull_parser.cr
src/json/serialization.cr
src/json/to_json.cr
src/json/token.cr
src/kernel.cr
src/levenshtein.cr
src/lib_c.cr
src/lib_c/aarch64-android/c/arpa/inet.cr
src/lib_c/aarch64-android/c/dirent.cr
src/lib_c/aarch64-android/c/dlfcn.cr
src/lib_c/aarch64-android/c/elf.cr
src/lib_c/aarch64-android/c/errno.cr
src/lib_c/aarch64-android/c/fcntl.cr
src/lib_c/aarch64-android/c/grp.cr
src/lib_c/aarch64-android/c/iconv.cr
src/lib_c/aarch64-android/c/link.cr
src/lib_c/aarch64-android/c/netdb.cr
src/lib_c/aarch64-android/c/netinet/in.cr
src/lib_c/aarch64-android/c/netinet/tcp.cr
src/lib_c/aarch64-android/c/pthread.cr
src/lib_c/aarch64-android/c/pwd.cr
src/lib_c/aarch64-android/c/sched.cr
src/lib_c/aarch64-android/c/signal.cr
src/lib_c/aarch64-android/c/stdarg.cr
src/lib_c/aarch64-android/c/stddef.cr
src/lib_c/aarch64-android/c/stdint.cr
src/lib_c/aarch64-android/c/stdio.cr
src/lib_c/aarch64-android/c/stdlib.cr
src/lib_c/aarch64-android/c/string.cr
src/lib_c/aarch64-android/c/sys/file.cr
src/lib_c/aarch64-android/c/sys/mman.cr
src/lib_c/aarch64-android/c/sys/resource.cr
src/lib_c/aarch64-android/c/sys/select.cr
src/lib_c/aarch64-android/c/sys/socket.cr
src/lib_c/aarch64-android/c/sys/stat.cr
src/lib_c/aarch64-android/c/sys/syscall.cr
src/lib_c/aarch64-android/c/sys/system_properties.cr
src/lib_c/aarch64-android/c/sys/time.cr
src/lib_c/aarch64-android/c/sys/types.cr
src/lib_c/aarch64-android/c/sys/un.cr
src/lib_c/aarch64-android/c/sys/wait.cr
src/lib_c/aarch64-android/c/termios.cr
src/lib_c/aarch64-android/c/time.cr
src/lib_c/aarch64-android/c/unistd.cr
src/lib_c/aarch64-darwin/c/arpa/inet.cr
src/lib_c/aarch64-darwin/c/dirent.cr
src/lib_c/aarch64-darwin/c/dlfcn.cr
src/lib_c/aarch64-darwin/c/errno.cr
src/lib_c/aarch64-darwin/c/fcntl.cr
src/lib_c/aarch64-darwin/c/grp.cr
src/lib_c/aarch64-darwin/c/iconv.cr
src/lib_c/aarch64-darwin/c/mach/mach_time.cr
src/lib_c/aarch64-darwin/c/netdb.cr
src/lib_c/aarch64-darwin/c/netinet/in.cr
src/lib_c/aarch64-darwin/c/netinet/tcp.cr
src/lib_c/aarch64-darwin/c/pthread.cr
src/lib_c/aarch64-darwin/c/pwd.cr
src/lib_c/aarch64-darwin/c/sched.cr
src/lib_c/aarch64-darwin/c/signal.cr
src/lib_c/aarch64-darwin/c/stdarg.cr
src/lib_c/aarch64-darwin/c/stddef.cr
src/lib_c/aarch64-darwin/c/stdint.cr
src/lib_c/aarch64-darwin/c/stdio.cr
src/lib_c/aarch64-darwin/c/stdlib.cr
src/lib_c/aarch64-darwin/c/string.cr
src/lib_c/aarch64-darwin/c/sys/file.cr
src/lib_c/aarch64-darwin/c/sys/mman.cr
src/lib_c/aarch64-darwin/c/sys/resource.cr
src/lib_c/aarch64-darwin/c/sys/select.cr
src/lib_c/aarch64-darwin/c/sys/socket.cr
src/lib_c/aarch64-darwin/c/sys/stat.cr
src/lib_c/aarch64-darwin/c/sys/time.cr
src/lib_c/aarch64-darwin/c/sys/types.cr
src/lib_c/aarch64-darwin/c/sys/un.cr
src/lib_c/aarch64-darwin/c/sys/wait.cr
src/lib_c/aarch64-darwin/c/termios.cr
src/lib_c/aarch64-darwin/c/time.cr
src/lib_c/aarch64-darwin/c/unistd.cr
src/lib_c/aarch64-linux-gnu/c/arpa/inet.cr
src/lib_c/aarch64-linux-gnu/c/dirent.cr
src/lib_c/aarch64-linux-gnu/c/dlfcn.cr
src/lib_c/aarch64-linux-gnu/c/elf.cr
src/lib_c/aarch64-linux-gnu/c/errno.cr
src/lib_c/aarch64-linux-gnu/c/fcntl.cr
src/lib_c/aarch64-linux-gnu/c/grp.cr
src/lib_c/aarch64-linux-gnu/c/iconv.cr
src/lib_c/aarch64-linux-gnu/c/link.cr
src/lib_c/aarch64-linux-gnu/c/netdb.cr
src/lib_c/aarch64-linux-gnu/c/netinet/in.cr
src/lib_c/aarch64-linux-gnu/c/netinet/tcp.cr
src/lib_c/aarch64-linux-gnu/c/pthread.cr
src/lib_c/aarch64-linux-gnu/c/pwd.cr
src/lib_c/aarch64-linux-gnu/c/sched.cr
src/lib_c/aarch64-linux-gnu/c/signal.cr
src/lib_c/aarch64-linux-gnu/c/stdarg.cr
src/lib_c/aarch64-linux-gnu/c/stddef.cr
src/lib_c/aarch64-linux-gnu/c/stdint.cr
src/lib_c/aarch64-linux-gnu/c/stdio.cr
src/lib_c/aarch64-linux-gnu/c/stdlib.cr
src/lib_c/aarch64-linux-gnu/c/string.cr
src/lib_c/aarch64-linux-gnu/c/sys/file.cr
src/lib_c/aarch64-linux-gnu/c/sys/mman.cr
src/lib_c/aarch64-linux-gnu/c/sys/resource.cr
src/lib_c/aarch64-linux-gnu/c/sys/select.cr
src/lib_c/aarch64-linux-gnu/c/sys/socket.cr
src/lib_c/aarch64-linux-gnu/c/sys/stat.cr
src/lib_c/aarch64-linux-gnu/c/sys/time.cr
src/lib_c/aarch64-linux-gnu/c/sys/types.cr
src/lib_c/aarch64-linux-gnu/c/sys/un.cr
src/lib_c/aarch64-linux-gnu/c/sys/wait.cr
src/lib_c/aarch64-linux-gnu/c/termios.cr
src/lib_c/aarch64-linux-gnu/c/time.cr
src/lib_c/aarch64-linux-gnu/c/unistd.cr
src/lib_c/aarch64-linux-musl/c/arpa/inet.cr
src/lib_c/aarch64-linux-musl/c/dirent.cr
src/lib_c/aarch64-linux-musl/c/dlfcn.cr
src/lib_c/aarch64-linux-musl/c/elf.cr
src/lib_c/aarch64-linux-musl/c/errno.cr
src/lib_c/aarch64-linux-musl/c/fcntl.cr
src/lib_c/aarch64-linux-musl/c/grp.cr
src/lib_c/aarch64-linux-musl/c/iconv.cr
src/lib_c/aarch64-linux-musl/c/link.cr
src/lib_c/aarch64-linux-musl/c/netdb.cr
src/lib_c/aarch64-linux-musl/c/netinet/in.cr
src/lib_c/aarch64-linux-musl/c/netinet/tcp.cr
src/lib_c/aarch64-linux-musl/c/pthread.cr
src/lib_c/aarch64-linux-musl/c/pwd.cr
src/lib_c/aarch64-linux-musl/c/sched.cr
src/lib_c/aarch64-linux-musl/c/signal.cr
src/lib_c/aarch64-linux-musl/c/stdarg.cr
src/lib_c/aarch64-linux-musl/c/stddef.cr
src/lib_c/aarch64-linux-musl/c/stdint.cr
src/lib_c/aarch64-linux-musl/c/stdio.cr
src/lib_c/aarch64-linux-musl/c/stdlib.cr
src/lib_c/aarch64-linux-musl/c/string.cr
src/lib_c/aarch64-linux-musl/c/sys/file.cr
src/lib_c/aarch64-linux-musl/c/sys/mman.cr
src/lib_c/aarch64-linux-musl/c/sys/resource.cr
src/lib_c/aarch64-linux-musl/c/sys/select.cr
src/lib_c/aarch64-linux-musl/c/sys/socket.cr
src/lib_c/aarch64-linux-musl/c/sys/stat.cr
src/lib_c/aarch64-linux-musl/c/sys/time.cr
src/lib_c/aarch64-linux-musl/c/sys/types.cr
src/lib_c/aarch64-linux-musl/c/sys/un.cr
src/lib_c/aarch64-linux-musl/c/sys/wait.cr
src/lib_c/aarch64-linux-musl/c/termios.cr
src/lib_c/aarch64-linux-musl/c/time.cr
src/lib_c/aarch64-linux-musl/c/unistd.cr
src/lib_c/amd64-unknown-openbsd
src/lib_c/arm-linux-gnueabihf/c/arpa/inet.cr
src/lib_c/arm-linux-gnueabihf/c/dirent.cr
src/lib_c/arm-linux-gnueabihf/c/dlfcn.cr
src/lib_c/arm-linux-gnueabihf/c/elf.cr
src/lib_c/arm-linux-gnueabihf/c/errno.cr
src/lib_c/arm-linux-gnueabihf/c/fcntl.cr
src/lib_c/arm-linux-gnueabihf/c/grp.cr
src/lib_c/arm-linux-gnueabihf/c/iconv.cr
src/lib_c/arm-linux-gnueabihf/c/link.cr
src/lib_c/arm-linux-gnueabihf/c/netdb.cr
src/lib_c/arm-linux-gnueabihf/c/netinet/in.cr
src/lib_c/arm-linux-gnueabihf/c/netinet/tcp.cr
src/lib_c/arm-linux-gnueabihf/c/pthread.cr
src/lib_c/arm-linux-gnueabihf/c/pwd.cr
src/lib_c/arm-linux-gnueabihf/c/sched.cr
src/lib_c/arm-linux-gnueabihf/c/signal.cr
src/lib_c/arm-linux-gnueabihf/c/stdarg.cr
src/lib_c/arm-linux-gnueabihf/c/stddef.cr
src/lib_c/arm-linux-gnueabihf/c/stdint.cr
src/lib_c/arm-linux-gnueabihf/c/stdio.cr
src/lib_c/arm-linux-gnueabihf/c/stdlib.cr
src/lib_c/arm-linux-gnueabihf/c/string.cr
src/lib_c/arm-linux-gnueabihf/c/sys/file.cr
src/lib_c/arm-linux-gnueabihf/c/sys/mman.cr
src/lib_c/arm-linux-gnueabihf/c/sys/resource.cr
src/lib_c/arm-linux-gnueabihf/c/sys/select.cr
src/lib_c/arm-linux-gnueabihf/c/sys/socket.cr
src/lib_c/arm-linux-gnueabihf/c/sys/stat.cr
src/lib_c/arm-linux-gnueabihf/c/sys/time.cr
src/lib_c/arm-linux-gnueabihf/c/sys/types.cr
src/lib_c/arm-linux-gnueabihf/c/sys/un.cr
src/lib_c/arm-linux-gnueabihf/c/sys/wait.cr
src/lib_c/arm-linux-gnueabihf/c/termios.cr
src/lib_c/arm-linux-gnueabihf/c/time.cr
src/lib_c/arm-linux-gnueabihf/c/unistd.cr
src/lib_c/i386-linux-gnu/c/arpa/inet.cr
src/lib_c/i386-linux-gnu/c/dirent.cr
src/lib_c/i386-linux-gnu/c/dlfcn.cr
src/lib_c/i386-linux-gnu/c/elf.cr
src/lib_c/i386-linux-gnu/c/errno.cr
src/lib_c/i386-linux-gnu/c/fcntl.cr
src/lib_c/i386-linux-gnu/c/grp.cr
src/lib_c/i386-linux-gnu/c/iconv.cr
src/lib_c/i386-linux-gnu/c/link.cr
src/lib_c/i386-linux-gnu/c/netdb.cr
src/lib_c/i386-linux-gnu/c/netinet/in.cr
src/lib_c/i386-linux-gnu/c/netinet/tcp.cr
src/lib_c/i386-linux-gnu/c/pthread.cr
src/lib_c/i386-linux-gnu/c/pwd.cr
src/lib_c/i386-linux-gnu/c/sched.cr
src/lib_c/i386-linux-gnu/c/signal.cr
src/lib_c/i386-linux-gnu/c/stdarg.cr
src/lib_c/i386-linux-gnu/c/stddef.cr
src/lib_c/i386-linux-gnu/c/stdint.cr
src/lib_c/i386-linux-gnu/c/stdio.cr
src/lib_c/i386-linux-gnu/c/stdlib.cr
src/lib_c/i386-linux-gnu/c/string.cr
src/lib_c/i386-linux-gnu/c/sys/file.cr
src/lib_c/i386-linux-gnu/c/sys/mman.cr
src/lib_c/i386-linux-gnu/c/sys/resource.cr
src/lib_c/i386-linux-gnu/c/sys/select.cr
src/lib_c/i386-linux-gnu/c/sys/socket.cr
src/lib_c/i386-linux-gnu/c/sys/stat.cr
src/lib_c/i386-linux-gnu/c/sys/time.cr
src/lib_c/i386-linux-gnu/c/sys/types.cr
src/lib_c/i386-linux-gnu/c/sys/un.cr
src/lib_c/i386-linux-gnu/c/sys/wait.cr
src/lib_c/i386-linux-gnu/c/termios.cr
src/lib_c/i386-linux-gnu/c/time.cr
src/lib_c/i386-linux-gnu/c/unistd.cr
src/lib_c/i386-linux-musl/c/arpa/inet.cr
src/lib_c/i386-linux-musl/c/dirent.cr
src/lib_c/i386-linux-musl/c/dlfcn.cr
src/lib_c/i386-linux-musl/c/elf.cr
src/lib_c/i386-linux-musl/c/errno.cr
src/lib_c/i386-linux-musl/c/fcntl.cr
src/lib_c/i386-linux-musl/c/grp.cr
src/lib_c/i386-linux-musl/c/iconv.cr
src/lib_c/i386-linux-musl/c/link.cr
src/lib_c/i386-linux-musl/c/netdb.cr
src/lib_c/i386-linux-musl/c/netinet/in.cr
src/lib_c/i386-linux-musl/c/netinet/tcp.cr
src/lib_c/i386-linux-musl/c/pthread.cr
src/lib_c/i386-linux-musl/c/pwd.cr
src/lib_c/i386-linux-musl/c/sched.cr
src/lib_c/i386-linux-musl/c/signal.cr
src/lib_c/i386-linux-musl/c/stdarg.cr
src/lib_c/i386-linux-musl/c/stddef.cr
src/lib_c/i386-linux-musl/c/stdint.cr
src/lib_c/i386-linux-musl/c/stdio.cr
src/lib_c/i386-linux-musl/c/stdlib.cr
src/lib_c/i386-linux-musl/c/string.cr
src/lib_c/i386-linux-musl/c/sys/file.cr
src/lib_c/i386-linux-musl/c/sys/mman.cr
src/lib_c/i386-linux-musl/c/sys/resource.cr
src/lib_c/i386-linux-musl/c/sys/select.cr
src/lib_c/i386-linux-musl/c/sys/socket.cr
src/lib_c/i386-linux-musl/c/sys/stat.cr
src/lib_c/i386-linux-musl/c/sys/time.cr
src/lib_c/i386-linux-musl/c/sys/types.cr
src/lib_c/i386-linux-musl/c/sys/un.cr
src/lib_c/i386-linux-musl/c/sys/wait.cr
src/lib_c/i386-linux-musl/c/termios.cr
src/lib_c/i386-linux-musl/c/time.cr
src/lib_c/i386-linux-musl/c/unistd.cr
src/lib_c/i686-linux-gnu
src/lib_c/i686-linux-musl
src/lib_c/wasm32-wasi/c/arpa/inet.cr
src/lib_c/wasm32-wasi/c/errno.cr
src/lib_c/wasm32-wasi/c/fcntl.cr
src/lib_c/wasm32-wasi/c/iconv.cr
src/lib_c/wasm32-wasi/c/netdb.cr
src/lib_c/wasm32-wasi/c/netinet/in.cr
src/lib_c/wasm32-wasi/c/netinet/tcp.cr
src/lib_c/wasm32-wasi/c/sched.cr
src/lib_c/wasm32-wasi/c/stdarg.cr
src/lib_c/wasm32-wasi/c/stddef.cr
src/lib_c/wasm32-wasi/c/stdint.cr
src/lib_c/wasm32-wasi/c/stdio.cr
src/lib_c/wasm32-wasi/c/stdlib.cr
src/lib_c/wasm32-wasi/c/string.cr
src/lib_c/wasm32-wasi/c/sys/file.cr
src/lib_c/wasm32-wasi/c/sys/resource.cr
src/lib_c/wasm32-wasi/c/sys/select.cr
src/lib_c/wasm32-wasi/c/sys/socket.cr
src/lib_c/wasm32-wasi/c/sys/stat.cr
src/lib_c/wasm32-wasi/c/sys/time.cr
src/lib_c/wasm32-wasi/c/sys/times.cr
src/lib_c/wasm32-wasi/c/sys/types.cr
src/lib_c/wasm32-wasi/c/termios.cr
src/lib_c/wasm32-wasi/c/time.cr
src/lib_c/wasm32-wasi/c/unistd.cr
src/lib_c/x86_64-darwin/c/arpa/inet.cr
src/lib_c/x86_64-darwin/c/dirent.cr
src/lib_c/x86_64-darwin/c/dlfcn.cr
src/lib_c/x86_64-darwin/c/errno.cr
src/lib_c/x86_64-darwin/c/fcntl.cr
src/lib_c/x86_64-darwin/c/grp.cr
src/lib_c/x86_64-darwin/c/iconv.cr
src/lib_c/x86_64-darwin/c/mach/mach_time.cr
src/lib_c/x86_64-darwin/c/netdb.cr
src/lib_c/x86_64-darwin/c/netinet/in.cr
src/lib_c/x86_64-darwin/c/netinet/tcp.cr
src/lib_c/x86_64-darwin/c/pthread.cr
src/lib_c/x86_64-darwin/c/pwd.cr
src/lib_c/x86_64-darwin/c/sched.cr
src/lib_c/x86_64-darwin/c/signal.cr
src/lib_c/x86_64-darwin/c/stdarg.cr
src/lib_c/x86_64-darwin/c/stddef.cr
src/lib_c/x86_64-darwin/c/stdint.cr
src/lib_c/x86_64-darwin/c/stdio.cr
src/lib_c/x86_64-darwin/c/stdlib.cr
src/lib_c/x86_64-darwin/c/string.cr
src/lib_c/x86_64-darwin/c/sys/file.cr
src/lib_c/x86_64-darwin/c/sys/mman.cr
src/lib_c/x86_64-darwin/c/sys/resource.cr
src/lib_c/x86_64-darwin/c/sys/select.cr
src/lib_c/x86_64-darwin/c/sys/socket.cr
src/lib_c/x86_64-darwin/c/sys/stat.cr
src/lib_c/x86_64-darwin/c/sys/time.cr
src/lib_c/x86_64-darwin/c/sys/types.cr
src/lib_c/x86_64-darwin/c/sys/un.cr
src/lib_c/x86_64-darwin/c/sys/wait.cr
src/lib_c/x86_64-darwin/c/termios.cr
src/lib_c/x86_64-darwin/c/time.cr
src/lib_c/x86_64-darwin/c/unistd.cr
src/lib_c/x86_64-dragonfly/c/arpa/inet.cr
src/lib_c/x86_64-dragonfly/c/dirent.cr
src/lib_c/x86_64-dragonfly/c/dlfcn.cr
src/lib_c/x86_64-dragonfly/c/elf.cr
src/lib_c/x86_64-dragonfly/c/errno.cr
src/lib_c/x86_64-dragonfly/c/fcntl.cr
src/lib_c/x86_64-dragonfly/c/grp.cr
src/lib_c/x86_64-dragonfly/c/iconv.cr
src/lib_c/x86_64-dragonfly/c/link.cr
src/lib_c/x86_64-dragonfly/c/netdb.cr
src/lib_c/x86_64-dragonfly/c/netinet/in.cr
src/lib_c/x86_64-dragonfly/c/netinet/tcp.cr
src/lib_c/x86_64-dragonfly/c/pthread.cr
src/lib_c/x86_64-dragonfly/c/pwd.cr
src/lib_c/x86_64-dragonfly/c/sched.cr
src/lib_c/x86_64-dragonfly/c/signal.cr
src/lib_c/x86_64-dragonfly/c/stdarg.cr
src/lib_c/x86_64-dragonfly/c/stddef.cr
src/lib_c/x86_64-dragonfly/c/stdint.cr
src/lib_c/x86_64-dragonfly/c/stdio.cr
src/lib_c/x86_64-dragonfly/c/stdlib.cr
src/lib_c/x86_64-dragonfly/c/string.cr
src/lib_c/x86_64-dragonfly/c/sys/file.cr
src/lib_c/x86_64-dragonfly/c/sys/mman.cr
src/lib_c/x86_64-dragonfly/c/sys/resource.cr
src/lib_c/x86_64-dragonfly/c/sys/select.cr
src/lib_c/x86_64-dragonfly/c/sys/socket.cr
src/lib_c/x86_64-dragonfly/c/sys/stat.cr
src/lib_c/x86_64-dragonfly/c/sys/time.cr
src/lib_c/x86_64-dragonfly/c/sys/types.cr
src/lib_c/x86_64-dragonfly/c/sys/un.cr
src/lib_c/x86_64-dragonfly/c/sys/wait.cr
src/lib_c/x86_64-dragonfly/c/sysctl.cr
src/lib_c/x86_64-dragonfly/c/termios.cr
src/lib_c/x86_64-dragonfly/c/time.cr
src/lib_c/x86_64-dragonfly/c/unistd.cr
src/lib_c/x86_64-freebsd/c/arpa/inet.cr
src/lib_c/x86_64-freebsd/c/dirent.cr
src/lib_c/x86_64-freebsd/c/dlfcn.cr
src/lib_c/x86_64-freebsd/c/elf.cr
src/lib_c/x86_64-freebsd/c/errno.cr
src/lib_c/x86_64-freebsd/c/fcntl.cr
src/lib_c/x86_64-freebsd/c/grp.cr
src/lib_c/x86_64-freebsd/c/iconv.cr
src/lib_c/x86_64-freebsd/c/link.cr
src/lib_c/x86_64-freebsd/c/netdb.cr
src/lib_c/x86_64-freebsd/c/netinet/in.cr
src/lib_c/x86_64-freebsd/c/netinet/tcp.cr
src/lib_c/x86_64-freebsd/c/pthread.cr
src/lib_c/x86_64-freebsd/c/pwd.cr
src/lib_c/x86_64-freebsd/c/sched.cr
src/lib_c/x86_64-freebsd/c/signal.cr
src/lib_c/x86_64-freebsd/c/stdarg.cr
src/lib_c/x86_64-freebsd/c/stddef.cr
src/lib_c/x86_64-freebsd/c/stdint.cr
src/lib_c/x86_64-freebsd/c/stdio.cr
src/lib_c/x86_64-freebsd/c/stdlib.cr
src/lib_c/x86_64-freebsd/c/string.cr
src/lib_c/x86_64-freebsd/c/sys/file.cr
src/lib_c/x86_64-freebsd/c/sys/mman.cr
src/lib_c/x86_64-freebsd/c/sys/resource.cr
src/lib_c/x86_64-freebsd/c/sys/select.cr
src/lib_c/x86_64-freebsd/c/sys/socket.cr
src/lib_c/x86_64-freebsd/c/sys/stat.cr
src/lib_c/x86_64-freebsd/c/sys/time.cr
src/lib_c/x86_64-freebsd/c/sys/types.cr
src/lib_c/x86_64-freebsd/c/sys/un.cr
src/lib_c/x86_64-freebsd/c/sys/wait.cr
src/lib_c/x86_64-freebsd/c/sysctl.cr
src/lib_c/x86_64-freebsd/c/termios.cr
src/lib_c/x86_64-freebsd/c/time.cr
src/lib_c/x86_64-freebsd/c/unistd.cr
src/lib_c/x86_64-linux-gnu/c/arpa/inet.cr
src/lib_c/x86_64-linux-gnu/c/dirent.cr
src/lib_c/x86_64-linux-gnu/c/dlfcn.cr
src/lib_c/x86_64-linux-gnu/c/elf.cr
src/lib_c/x86_64-linux-gnu/c/errno.cr
src/lib_c/x86_64-linux-gnu/c/fcntl.cr
src/lib_c/x86_64-linux-gnu/c/grp.cr
src/lib_c/x86_64-linux-gnu/c/iconv.cr
src/lib_c/x86_64-linux-gnu/c/link.cr
src/lib_c/x86_64-linux-gnu/c/netdb.cr
src/lib_c/x86_64-linux-gnu/c/netinet/in.cr
src/lib_c/x86_64-linux-gnu/c/netinet/tcp.cr
src/lib_c/x86_64-linux-gnu/c/pthread.cr
src/lib_c/x86_64-linux-gnu/c/pwd.cr
src/lib_c/x86_64-linux-gnu/c/sched.cr
src/lib_c/x86_64-linux-gnu/c/signal.cr
src/lib_c/x86_64-linux-gnu/c/stdarg.cr
src/lib_c/x86_64-linux-gnu/c/stddef.cr
src/lib_c/x86_64-linux-gnu/c/stdint.cr
src/lib_c/x86_64-linux-gnu/c/stdio.cr
src/lib_c/x86_64-linux-gnu/c/stdlib.cr
src/lib_c/x86_64-linux-gnu/c/string.cr
src/lib_c/x86_64-linux-gnu/c/sys/file.cr
src/lib_c/x86_64-linux-gnu/c/sys/mman.cr
src/lib_c/x86_64-linux-gnu/c/sys/resource.cr
src/lib_c/x86_64-linux-gnu/c/sys/select.cr
src/lib_c/x86_64-linux-gnu/c/sys/socket.cr
src/lib_c/x86_64-linux-gnu/c/sys/stat.cr
src/lib_c/x86_64-linux-gnu/c/sys/time.cr
src/lib_c/x86_64-linux-gnu/c/sys/types.cr
src/lib_c/x86_64-linux-gnu/c/sys/un.cr
src/lib_c/x86_64-linux-gnu/c/sys/wait.cr
src/lib_c/x86_64-linux-gnu/c/termios.cr
src/lib_c/x86_64-linux-gnu/c/time.cr
src/lib_c/x86_64-linux-gnu/c/unistd.cr
src/lib_c/x86_64-linux-musl/c/arpa/inet.cr
src/lib_c/x86_64-linux-musl/c/dirent.cr
src/lib_c/x86_64-linux-musl/c/dlfcn.cr
src/lib_c/x86_64-linux-musl/c/elf.cr
src/lib_c/x86_64-linux-musl/c/errno.cr
src/lib_c/x86_64-linux-musl/c/fcntl.cr
src/lib_c/x86_64-linux-musl/c/grp.cr
src/lib_c/x86_64-linux-musl/c/iconv.cr
src/lib_c/x86_64-linux-musl/c/link.cr
src/lib_c/x86_64-linux-musl/c/netdb.cr
src/lib_c/x86_64-linux-musl/c/netinet/in.cr
src/lib_c/x86_64-linux-musl/c/netinet/tcp.cr
src/lib_c/x86_64-linux-musl/c/pthread.cr
src/lib_c/x86_64-linux-musl/c/pwd.cr
src/lib_c/x86_64-linux-musl/c/sched.cr
src/lib_c/x86_64-linux-musl/c/signal.cr
src/lib_c/x86_64-linux-musl/c/stdarg.cr
src/lib_c/x86_64-linux-musl/c/stddef.cr
src/lib_c/x86_64-linux-musl/c/stdint.cr
src/lib_c/x86_64-linux-musl/c/stdio.cr
src/lib_c/x86_64-linux-musl/c/stdlib.cr
src/lib_c/x86_64-linux-musl/c/string.cr
src/lib_c/x86_64-linux-musl/c/sys/file.cr
src/lib_c/x86_64-linux-musl/c/sys/mman.cr
src/lib_c/x86_64-linux-musl/c/sys/resource.cr
src/lib_c/x86_64-linux-musl/c/sys/select.cr
src/lib_c/x86_64-linux-musl/c/sys/socket.cr
src/lib_c/x86_64-linux-musl/c/sys/stat.cr
src/lib_c/x86_64-linux-musl/c/sys/time.cr
src/lib_c/x86_64-linux-musl/c/sys/types.cr
src/lib_c/x86_64-linux-musl/c/sys/un.cr
src/lib_c/x86_64-linux-musl/c/sys/wait.cr
src/lib_c/x86_64-linux-musl/c/termios.cr
src/lib_c/x86_64-linux-musl/c/time.cr
src/lib_c/x86_64-linux-musl/c/unistd.cr
src/lib_c/x86_64-macosx-darwin
src/lib_c/x86_64-netbsd/c/arpa/inet.cr
src/lib_c/x86_64-netbsd/c/dirent.cr
src/lib_c/x86_64-netbsd/c/dlfcn.cr
src/lib_c/x86_64-netbsd/c/elf.cr
src/lib_c/x86_64-netbsd/c/errno.cr
src/lib_c/x86_64-netbsd/c/fcntl.cr
src/lib_c/x86_64-netbsd/c/grp.cr
src/lib_c/x86_64-netbsd/c/iconv.cr
src/lib_c/x86_64-netbsd/c/link.cr
src/lib_c/x86_64-netbsd/c/netdb.cr
src/lib_c/x86_64-netbsd/c/netinet/in.cr
src/lib_c/x86_64-netbsd/c/netinet/tcp.cr
src/lib_c/x86_64-netbsd/c/pthread.cr
src/lib_c/x86_64-netbsd/c/pwd.cr
src/lib_c/x86_64-netbsd/c/sched.cr
src/lib_c/x86_64-netbsd/c/signal.cr
src/lib_c/x86_64-netbsd/c/stdarg.cr
src/lib_c/x86_64-netbsd/c/stddef.cr
src/lib_c/x86_64-netbsd/c/stdint.cr
src/lib_c/x86_64-netbsd/c/stdio.cr
src/lib_c/x86_64-netbsd/c/stdlib.cr
src/lib_c/x86_64-netbsd/c/string.cr
src/lib_c/x86_64-netbsd/c/sys/file.cr
src/lib_c/x86_64-netbsd/c/sys/mman.cr
src/lib_c/x86_64-netbsd/c/sys/resource.cr
src/lib_c/x86_64-netbsd/c/sys/select.cr
src/lib_c/x86_64-netbsd/c/sys/socket.cr
src/lib_c/x86_64-netbsd/c/sys/stat.cr
src/lib_c/x86_64-netbsd/c/sys/time.cr
src/lib_c/x86_64-netbsd/c/sys/types.cr
src/lib_c/x86_64-netbsd/c/sys/un.cr
src/lib_c/x86_64-netbsd/c/sys/wait.cr
src/lib_c/x86_64-netbsd/c/sysctl.cr
src/lib_c/x86_64-netbsd/c/termios.cr
src/lib_c/x86_64-netbsd/c/time.cr
src/lib_c/x86_64-netbsd/c/unistd.cr
src/lib_c/x86_64-openbsd/c/arpa/inet.cr
src/lib_c/x86_64-openbsd/c/dirent.cr
src/lib_c/x86_64-openbsd/c/dlfcn.cr
src/lib_c/x86_64-openbsd/c/elf.cr
src/lib_c/x86_64-openbsd/c/errno.cr
src/lib_c/x86_64-openbsd/c/fcntl.cr
src/lib_c/x86_64-openbsd/c/grp.cr
src/lib_c/x86_64-openbsd/c/iconv.cr
src/lib_c/x86_64-openbsd/c/link.cr
src/lib_c/x86_64-openbsd/c/netdb.cr
src/lib_c/x86_64-openbsd/c/netinet/in.cr
src/lib_c/x86_64-openbsd/c/netinet/tcp.cr
src/lib_c/x86_64-openbsd/c/pthread.cr
src/lib_c/x86_64-openbsd/c/pwd.cr
src/lib_c/x86_64-openbsd/c/sched.cr
src/lib_c/x86_64-openbsd/c/signal.cr
src/lib_c/x86_64-openbsd/c/stdarg.cr
src/lib_c/x86_64-openbsd/c/stddef.cr
src/lib_c/x86_64-openbsd/c/stdint.cr
src/lib_c/x86_64-openbsd/c/stdio.cr
src/lib_c/x86_64-openbsd/c/stdlib.cr
src/lib_c/x86_64-openbsd/c/string.cr
src/lib_c/x86_64-openbsd/c/sys/file.cr
src/lib_c/x86_64-openbsd/c/sys/mman.cr
src/lib_c/x86_64-openbsd/c/sys/resource.cr
src/lib_c/x86_64-openbsd/c/sys/select.cr
src/lib_c/x86_64-openbsd/c/sys/socket.cr
src/lib_c/x86_64-openbsd/c/sys/stat.cr
src/lib_c/x86_64-openbsd/c/sys/time.cr
src/lib_c/x86_64-openbsd/c/sys/types.cr
src/lib_c/x86_64-openbsd/c/sys/un.cr
src/lib_c/x86_64-openbsd/c/sys/wait.cr
src/lib_c/x86_64-openbsd/c/sysctl.cr
src/lib_c/x86_64-openbsd/c/termios.cr
src/lib_c/x86_64-openbsd/c/time.cr
src/lib_c/x86_64-openbsd/c/unistd.cr
src/lib_c/x86_64-portbld-freebsd
src/lib_c/x86_64-unknown-freebsd
src/lib_c/x86_64-windows-msvc/c/afunix.cr
src/lib_c/x86_64-windows-msvc/c/basetsd.cr
src/lib_c/x86_64-windows-msvc/c/combaseapi.cr
src/lib_c/x86_64-windows-msvc/c/consoleapi.cr
src/lib_c/x86_64-windows-msvc/c/consoleapi2.cr
src/lib_c/x86_64-windows-msvc/c/corecrt.cr
src/lib_c/x86_64-windows-msvc/c/dbghelp.cr
src/lib_c/x86_64-windows-msvc/c/delayimp.cr
src/lib_c/x86_64-windows-msvc/c/direct.cr
src/lib_c/x86_64-windows-msvc/c/errhandlingapi.cr
src/lib_c/x86_64-windows-msvc/c/errno.cr
src/lib_c/x86_64-windows-msvc/c/fcntl.cr
src/lib_c/x86_64-windows-msvc/c/fileapi.cr
src/lib_c/x86_64-windows-msvc/c/guiddef.cr
src/lib_c/x86_64-windows-msvc/c/handleapi.cr
src/lib_c/x86_64-windows-msvc/c/heapapi.cr
src/lib_c/x86_64-windows-msvc/c/in6addr.cr
src/lib_c/x86_64-windows-msvc/c/inaddr.cr
src/lib_c/x86_64-windows-msvc/c/int_safe.cr
src/lib_c/x86_64-windows-msvc/c/io.cr
src/lib_c/x86_64-windows-msvc/c/ioapiset.cr
src/lib_c/x86_64-windows-msvc/c/knownfolders.cr
src/lib_c/x86_64-windows-msvc/c/libloaderapi.cr
src/lib_c/x86_64-windows-msvc/c/malloc.cr
src/lib_c/x86_64-windows-msvc/c/memoryapi.cr
src/lib_c/x86_64-windows-msvc/c/minwinbase.cr
src/lib_c/x86_64-windows-msvc/c/mswsock.cr
src/lib_c/x86_64-windows-msvc/c/ntifs.cr
src/lib_c/x86_64-windows-msvc/c/ntsecapi.cr
src/lib_c/x86_64-windows-msvc/c/ntstatus.cr
src/lib_c/x86_64-windows-msvc/c/process.cr
src/lib_c/x86_64-windows-msvc/c/processenv.cr
src/lib_c/x86_64-windows-msvc/c/processthreadsapi.cr
src/lib_c/x86_64-windows-msvc/c/profileapi.cr
src/lib_c/x86_64-windows-msvc/c/regapix.cr
src/lib_c/x86_64-windows-msvc/c/sdkddkver.cr
src/lib_c/x86_64-windows-msvc/c/shlobj_core.cr
src/lib_c/x86_64-windows-msvc/c/signal.cr
src/lib_c/x86_64-windows-msvc/c/stdarg.cr
src/lib_c/x86_64-windows-msvc/c/stddef.cr
src/lib_c/x86_64-windows-msvc/c/stdint.cr
src/lib_c/x86_64-windows-msvc/c/stdio.cr
src/lib_c/x86_64-windows-msvc/c/stdlib.cr
src/lib_c/x86_64-windows-msvc/c/string.cr
src/lib_c/x86_64-windows-msvc/c/stringapiset.cr
src/lib_c/x86_64-windows-msvc/c/synchapi.cr
src/lib_c/x86_64-windows-msvc/c/sys/stat.cr
src/lib_c/x86_64-windows-msvc/c/sys/types.cr
src/lib_c/x86_64-windows-msvc/c/sys/utime.cr
src/lib_c/x86_64-windows-msvc/c/sysinfoapi.cr
src/lib_c/x86_64-windows-msvc/c/timezoneapi.cr
src/lib_c/x86_64-windows-msvc/c/tlhelp32.cr
src/lib_c/x86_64-windows-msvc/c/win_def.cr
src/lib_c/x86_64-windows-msvc/c/winbase.cr
src/lib_c/x86_64-windows-msvc/c/wincrypt.cr
src/lib_c/x86_64-windows-msvc/c/windows.cr
src/lib_c/x86_64-windows-msvc/c/winioctl.cr
src/lib_c/x86_64-windows-msvc/c/winnls.cr
src/lib_c/x86_64-windows-msvc/c/winnt.cr
src/lib_c/x86_64-windows-msvc/c/winreg.cr
src/lib_c/x86_64-windows-msvc/c/winsock2.cr
src/lib_c/x86_64-windows-msvc/c/ws2def.cr
src/lib_c/x86_64-windows-msvc/c/ws2ipdef.cr
src/lib_c/x86_64-windows-msvc/c/ws2tcpip.cr
src/lib_c/x86_64-windows-msvc/c/wtypesbase.cr
src/lib_z/lib_z.cr
src/llvm.cr
src/llvm/abi.cr
src/llvm/abi/aarch64.cr
src/llvm/abi/arm.cr
src/llvm/abi/wasm32.cr
src/llvm/abi/x86.cr
src/llvm/abi/x86_64.cr
src/llvm/abi/x86_win64.cr
src/llvm/basic_block.cr
src/llvm/basic_block_collection.cr
src/llvm/builder.cr
src/llvm/context.cr
src/llvm/di_builder.cr
src/llvm/enums.cr
src/llvm/enums/atomic.cr
src/llvm/ext/find-llvm-config
src/llvm/ext/llvm-versions.txt
src/llvm/ext/llvm_ext.cc
src/llvm/function.cr
src/llvm/function_collection.cr
src/llvm/function_pass_manager.cr
src/llvm/generic_value.cr
src/llvm/global_collection.cr
src/llvm/instruction_collection.cr
src/llvm/jit_compiler.cr
src/llvm/lib_llvm.cr
src/llvm/lib_llvm_ext.cr
src/llvm/memory_buffer.cr
src/llvm/module.cr
src/llvm/module_pass_manager.cr
src/llvm/operand_bundle_def.cr
src/llvm/parameter_collection.cr
src/llvm/pass_builder_options.cr
src/llvm/pass_manager_builder.cr
src/llvm/pass_registry.cr
src/llvm/phi_table.cr
src/llvm/target.cr
src/llvm/target_data.cr
src/llvm/target_machine.cr
src/llvm/type.cr
src/llvm/value.cr
src/llvm/value_methods.cr
src/log.cr
src/log/backend.cr
src/log/broadcast_backend.cr
src/log/builder.cr
src/log/dispatch.cr
src/log/entry.cr
src/log/format.cr
src/log/io_backend.cr
src/log/json.cr
src/log/log.cr
src/log/main.cr
src/log/memory_backend.cr
src/log/metadata.cr
src/log/setup.cr
src/log/spec.cr
src/macros.cr
src/math/libm.cr
src/math/math.cr
src/mime.cr
src/mime/media_type.cr
src/mime/multipart.cr
src/mime/multipart/builder.cr
src/mime/multipart/parser.cr
src/mime/multipart/state.cr
src/mutex.cr
src/named_tuple.cr
src/nil.cr
src/number.cr
src/oauth.cr
src/oauth/access_token.cr
src/oauth/authorization_header.cr
src/oauth/consumer.cr
src/oauth/error.cr
src/oauth/oauth.cr
src/oauth/params.cr
src/oauth/request_token.cr
src/oauth/signature.cr
src/oauth2.cr
src/oauth2/access_token/access_token.cr
src/oauth2/access_token/bearer.cr
src/oauth2/access_token/mac.cr
src/oauth2/auth_scheme.cr
src/oauth2/client.cr
src/oauth2/error.cr
src/oauth2/oauth2.cr
src/oauth2/session.cr
src/object.cr
src/openssl.cr
src/openssl/algorithm.cr
src/openssl/bio.cr
src/openssl/cipher.cr
src/openssl/digest.cr
src/openssl/error.cr
src/openssl/hmac.cr
src/openssl/lib_crypto.cr
src/openssl/lib_ssl.cr
src/openssl/md5.cr
src/openssl/pkcs5.cr
src/openssl/sha1.cr
src/openssl/ssl/context.cr
src/openssl/ssl/defaults.cr
src/openssl/ssl/hostname_validation.cr
src/openssl/ssl/server.cr
src/openssl/ssl/socket.cr
src/openssl/x509/certificate.cr
src/openssl/x509/extension.cr
src/openssl/x509/name.cr
src/openssl/x509/x509.cr
src/option_parser.cr
src/path.cr
src/pointer.cr
src/prelude.cr
src/pretty_print.cr
src/primitives.cr
src/proc.cr
src/process.cr
src/process/executable_path.cr
src/process/shell.cr
src/process/status.cr
src/raise.cr
src/random.cr
src/random/isaac.cr
src/random/pcg32.cr
src/random/secure.cr
src/range.cr
src/range/bsearch.cr
src/reference.cr
src/regex.cr
src/regex/engine.cr
src/regex/lib_pcre.cr
src/regex/lib_pcre2.cr
src/regex/match_data.cr
src/regex/pcre.cr
src/regex/pcre2.cr
src/semantic_version.cr
src/set.cr
src/signal.cr
src/slice.cr
src/slice/sort.cr
src/socket.cr
src/socket/address.cr
src/socket/addrinfo.cr
src/socket/common.cr
src/socket/ip_socket.cr
src/socket/server.cr
src/socket/tcp_server.cr
src/socket/tcp_socket.cr
src/socket/udp_socket.cr
src/socket/unix_server.cr
src/socket/unix_socket.cr
src/spec.cr
src/spec/cli.cr
src/spec/context.cr
src/spec/dsl.cr
src/spec/example.cr
src/spec/example/procsy.cr
src/spec/example_group/procsy.cr
src/spec/expectations.cr
src/spec/filters.cr
src/spec/formatter.cr
src/spec/helpers/iterate.cr
src/spec/helpers/string.cr
src/spec/item.cr
src/spec/junit_formatter.cr
src/spec/methods.cr
src/spec/source.cr
src/spec/tap_formatter.cr
src/static_array.cr
src/steppable.cr
src/string.cr
src/string/builder.cr
src/string/formatter.cr
src/string/grapheme.cr
src/string/grapheme/grapheme.cr
src/string/grapheme/properties.cr
src/string/utf16.cr
src/string_pool.cr
src/string_scanner.cr
src/struct.cr
src/symbol.cr
src/syscall.cr
src/syscall/aarch64-linux.cr
src/syscall/arm-linux.cr
src/syscall/i386-linux.cr
src/syscall/x86_64-linux.cr
src/system.cr
src/system/group.cr
src/system/user.cr
src/system_error.cr
src/termios.cr
src/time.cr
src/time/format.cr
src/time/format/custom/http_date.cr
src/time/format/custom/iso_8601.cr
src/time/format/custom/rfc_2822.cr
src/time/format/custom/rfc_3339.cr
src/time/format/custom/yaml_date.cr
src/time/format/formatter.cr
src/time/format/parser.cr
src/time/format/pattern.cr
src/time/location.cr
src/time/location/loader.cr
src/time/span.cr
src/tuple.cr
src/unicode/data.cr
src/unicode/unicode.cr
src/union.cr
src/uri.cr
src/uri/encoding.cr
src/uri/json.cr
src/uri/params.cr
src/uri/punycode.cr
src/uri/uri_parser.cr
src/uri/yaml.cr
src/uuid.cr
src/uuid/json.cr
src/uuid/yaml.cr
src/va_list.cr
src/value.cr
src/wasi_error.cr
src/weak_ref.cr
src/winerror.cr
src/xml.cr
src/xml/attribute_type.cr
src/xml/attributes.cr
src/xml/builder.cr
src/xml/error.cr
src/xml/html_parser_options.cr
src/xml/libxml2.cr
src/xml/namespace.cr
src/xml/node.cr
src/xml/node/type.cr
src/xml/node_set.cr
src/xml/parser_options.cr
src/xml/reader.cr
src/xml/reader/type.cr
src/xml/save_options.cr
src/xml/xpath_context.cr
src/yaml.cr
src/yaml/any.cr
src/yaml/builder.cr
src/yaml/enums.cr
src/yaml/from_yaml.cr
src/yaml/lib_yaml.cr
src/yaml/nodes.cr
src/yaml/nodes/builder.cr
src/yaml/nodes/nodes.cr
src/yaml/nodes/parser.cr
src/yaml/parse_context.cr
src/yaml/parser.cr
src/yaml/pull_parser.cr
src/yaml/schema/core.cr
src/yaml/schema/core/parser.cr
src/yaml/schema/fail_safe.cr
src/yaml/serialization.cr
src/yaml/to_yaml.cr
