Ruby;Brewfile
Makefile;Makefile
Makefile;Makefile.win
Shell;bin/check-compiler-flag
Shell;bin/ci
Shell;bin/crystal
Shell;etc/completion.bash
Shell;etc/completion.fish
Shell;etc/completion.zsh
Shell;scripts/docs-versions.sh
Shell;scripts/git/pre-commit
Shell;scripts/release-update.sh
Shell;scripts/update-distribution-scripts.sh
Shell;spec/debug/test.sh
Shell;spec/generate_interpreter_spec.sh
Shell;spec/generate_wasm32_spec.sh
Shell;spec/llvm-ir/test.sh
Shell;src/llvm/ext/find-llvm-config
Batchfile;bin/crystal.bat
PowerShell;bin/crystal.ps1
PowerShell;etc/win-ci/build-ffi.ps1
PowerShell;etc/win-ci/build-gc.ps1
PowerShell;etc/win-ci/build-iconv.ps1
PowerShell;etc/win-ci/build-mpir.ps1
PowerShell;etc/win-ci/build-openssl.ps1
PowerShell;etc/win-ci/build-pcre.ps1
PowerShell;etc/win-ci/build-pcre2.ps1
PowerShell;etc/win-ci/build-xml2.ps1
PowerShell;etc/win-ci/build-yaml.ps1
PowerShell;etc/win-ci/build-z.ps1
PowerShell;etc/win-ci/setup.ps1
Python;etc/gdb/crystal_formatters.py
Python;etc/lldb/crystal_formatters.py
Inno Setup;etc/win-ci/crystal.iss
Crystal;scripts/generate_grapheme_break_specs.cr
Crystal;scripts/generate_grapheme_properties.cr
Crystal;scripts/generate_ssl_server_defaults.cr
Crystal;scripts/generate_unicode_data.cr
Crystal;scripts/generate_windows_zone_names.cr
Crystal;scripts/github-changelog.cr
Crystal;scripts/print_regex_config.cr
Crystal;scripts/test_ssl_server.cr
Crystal;spec/all_spec.cr
Crystal;spec/compiler/codegen/alias_spec.cr
Crystal;spec/compiler/codegen/and_spec.cr
Crystal;spec/compiler/codegen/array_literal_spec.cr
Crystal;spec/compiler/codegen/asm_spec.cr
Crystal;spec/compiler/codegen/automatic_cast_spec.cr
Crystal;spec/compiler/codegen/block_spec.cr
Crystal;spec/compiler/codegen/c_abi/c_abi_spec.cr
Crystal;spec/compiler/codegen/c_abi/c_abi_x86_64_spec.cr
Crystal;spec/compiler/codegen/c_enum_spec.cr
Crystal;spec/compiler/codegen/c_struct_spec.cr
Crystal;spec/compiler/codegen/c_union_spec.cr
Crystal;spec/compiler/codegen/case_spec.cr
Crystal;spec/compiler/codegen/cast_spec.cr
Crystal;spec/compiler/codegen/class_spec.cr
Crystal;spec/compiler/codegen/class_var_spec.cr
Crystal;spec/compiler/codegen/closure_spec.cr
Crystal;spec/compiler/codegen/const_spec.cr
Crystal;spec/compiler/codegen/debug_spec.cr
Crystal;spec/compiler/codegen/def_default_value_spec.cr
Crystal;spec/compiler/codegen/def_spec.cr
Crystal;spec/compiler/codegen/double_splat_spec.cr
Crystal;spec/compiler/codegen/enum_spec.cr
Crystal;spec/compiler/codegen/exception_spec.cr
Crystal;spec/compiler/codegen/experimental_spec.cr
Crystal;spec/compiler/codegen/extern_spec.cr
Crystal;spec/compiler/codegen/generic_class_spec.cr
Crystal;spec/compiler/codegen/hash_literal_spec.cr
Crystal;spec/compiler/codegen/hooks_spec.cr
Crystal;spec/compiler/codegen/if_spec.cr
Crystal;spec/compiler/codegen/is_a_spec.cr
Crystal;spec/compiler/codegen/lib_spec.cr
Crystal;spec/compiler/codegen/macro_spec.cr
Crystal;spec/compiler/codegen/magic_constants_spec.cr
Crystal;spec/compiler/codegen/method_missing_spec.cr
Crystal;spec/compiler/codegen/module_spec.cr
Crystal;spec/compiler/codegen/multi_assign_spec.cr
Crystal;spec/compiler/codegen/named_args_spec.cr
Crystal;spec/compiler/codegen/named_tuple_spec.cr
Crystal;spec/compiler/codegen/new_spec.cr
Crystal;spec/compiler/codegen/next_spec.cr
Crystal;spec/compiler/codegen/nilable_cast_spec.cr
Crystal;spec/compiler/codegen/no_return_spec.cr
Crystal;spec/compiler/codegen/not_spec.cr
Crystal;spec/compiler/codegen/offsetof_spec.cr
Crystal;spec/compiler/codegen/op_assign_spec.cr
Crystal;spec/compiler/codegen/or_spec.cr
Crystal;spec/compiler/codegen/pointer_spec.cr
Crystal;spec/compiler/codegen/previous_def_spec.cr
Crystal;spec/compiler/codegen/primitives_spec.cr
Crystal;spec/compiler/codegen/private_spec.cr
Crystal;spec/compiler/codegen/proc_spec.cr
Crystal;spec/compiler/codegen/regex_literal_spec.cr
Crystal;spec/compiler/codegen/responds_to_spec.cr
Crystal;spec/compiler/codegen/return_spec.cr
Crystal;spec/compiler/codegen/sizeof_spec.cr
Crystal;spec/compiler/codegen/special_vars_spec.cr
Crystal;spec/compiler/codegen/splat_spec.cr
Crystal;spec/compiler/codegen/ssa_spec.cr
Crystal;spec/compiler/codegen/struct_spec.cr
Crystal;spec/compiler/codegen/super_spec.cr
Crystal;spec/compiler/codegen/target_spec.cr
Crystal;spec/compiler/codegen/thread_local_spec.cr
Crystal;spec/compiler/codegen/tuple_spec.cr
Crystal;spec/compiler/codegen/type_declaration_spec.cr
Crystal;spec/compiler/codegen/uninitialized_spec.cr
Crystal;spec/compiler/codegen/union_type_spec.cr
Crystal;spec/compiler/codegen/until_spec.cr
Crystal;spec/compiler/codegen/var_spec.cr
Crystal;spec/compiler/codegen/virtual_spec.cr
Crystal;spec/compiler/codegen/void_spec.cr
Crystal;spec/compiler/codegen/while_spec.cr
Crystal;spec/compiler/codegen/yield_with_scope_spec.cr
Crystal;spec/compiler/compiler_spec.cr
Crystal;spec/compiler/config_spec.cr
Crystal;spec/compiler/crystal/commands/clear_cache_spec.cr
Crystal;spec/compiler/crystal/tools/context_spec.cr
Crystal;spec/compiler/crystal/tools/doc/doc_renderer_spec.cr
Crystal;spec/compiler/crystal/tools/doc/generator_spec.cr
Crystal;spec/compiler/crystal/tools/doc/macro_spec.cr
Crystal;spec/compiler/crystal/tools/doc/method_spec.cr
Crystal;spec/compiler/crystal/tools/doc/project_info_spec.cr
Crystal;spec/compiler/crystal/tools/doc/type_spec.cr
Crystal;spec/compiler/crystal/tools/doc_spec.cr
Crystal;spec/compiler/crystal/tools/expand_spec.cr
Crystal;spec/compiler/crystal/tools/format_spec.cr
Crystal;spec/compiler/crystal/tools/hierarchy_spec.cr
Crystal;spec/compiler/crystal/tools/implementations_spec.cr
Crystal;spec/compiler/crystal/tools/init_spec.cr
Crystal;spec/compiler/crystal/tools/playground_spec.cr
Crystal;spec/compiler/crystal/tools/table_print_spec.cr
Crystal;spec/compiler/crystal/types_spec.cr
Crystal;spec/compiler/crystal_path/crystal_path_spec.cr
Crystal;spec/compiler/ffi/ffi_spec.cr
Crystal;spec/compiler/formatter/formatter_spec.cr
Crystal;spec/compiler/interpreter/autocast_spec.cr
Crystal;spec/compiler/interpreter/blocks_spec.cr
Crystal;spec/compiler/interpreter/bugs_spec.cr
Crystal;spec/compiler/interpreter/calls_spec.cr
Crystal;spec/compiler/interpreter/casts_spec.cr
Crystal;spec/compiler/interpreter/class_vars_spec.cr
Crystal;spec/compiler/interpreter/classes_spec.cr
Crystal;spec/compiler/interpreter/closures_spec.cr
Crystal;spec/compiler/interpreter/constants_spec.cr
Crystal;spec/compiler/interpreter/control_flow_spec.cr
Crystal;spec/compiler/interpreter/enum_spec.cr
Crystal;spec/compiler/interpreter/exceptions_spec.cr
Crystal;spec/compiler/interpreter/extern_spec.cr
Crystal;spec/compiler/interpreter/integration_spec.cr
Crystal;spec/compiler/interpreter/is_a_spec.cr
Crystal;spec/compiler/interpreter/lib_spec.cr
Crystal;spec/compiler/interpreter/multidispatch_spec.cr
Crystal;spec/compiler/interpreter/named_tuple_spec.cr
Crystal;spec/compiler/interpreter/pointers_spec.cr
Crystal;spec/compiler/interpreter/primitives_spec.cr
Crystal;spec/compiler/interpreter/procs_spec.cr
Crystal;spec/compiler/interpreter/responds_to_spec.cr
Crystal;spec/compiler/interpreter/sizeof_spec.cr
Crystal;spec/compiler/interpreter/spec_helper.cr
Crystal;spec/compiler/interpreter/special_vars_spec.cr
Crystal;spec/compiler/interpreter/structs_spec.cr
Crystal;spec/compiler/interpreter/symbol_spec.cr
Crystal;spec/compiler/interpreter/tuple_spec.cr
Crystal;spec/compiler/interpreter/typeof_spec.cr
Crystal;spec/compiler/interpreter/types_spec.cr
Crystal;spec/compiler/interpreter/unions_spec.cr
Crystal;spec/compiler/interpreter_spec.cr
Crystal;spec/compiler/lexer/lexer_comment_spec.cr
Crystal;spec/compiler/lexer/lexer_doc_spec.cr
Crystal;spec/compiler/lexer/lexer_macro_spec.cr
Crystal;spec/compiler/lexer/lexer_objects/strings.cr
Crystal;spec/compiler/lexer/lexer_spec.cr
Crystal;spec/compiler/lexer/lexer_string_array_spec.cr
Crystal;spec/compiler/lexer/lexer_string_spec.cr
Crystal;spec/compiler/lexer/location_spec.cr
Crystal;spec/compiler/loader/msvc_spec.cr
Crystal;spec/compiler/loader/spec_helper.cr
Crystal;spec/compiler/loader/unix_spec.cr
Crystal;spec/compiler/macro/macro_expander_spec.cr
Crystal;spec/compiler/macro/macro_methods_spec.cr
Crystal;spec/compiler/normalize/and_spec.cr
Crystal;spec/compiler/normalize/array_literal_spec.cr
Crystal;spec/compiler/normalize/block_spec.cr
Crystal;spec/compiler/normalize/case_spec.cr
Crystal;spec/compiler/normalize/chained_comparisons_spec.cr
Crystal;spec/compiler/normalize/def_spec.cr
Crystal;spec/compiler/normalize/expressions_spec.cr
Crystal;spec/compiler/normalize/hash_literal_spec.cr
Crystal;spec/compiler/normalize/multi_assign_spec.cr
Crystal;spec/compiler/normalize/op_assign_spec.cr
Crystal;spec/compiler/normalize/or_spec.cr
Crystal;spec/compiler/normalize/proc_pointer_spec.cr
Crystal;spec/compiler/normalize/range_literal_spec.cr
Crystal;spec/compiler/normalize/regex_spec.cr
Crystal;spec/compiler/normalize/return_next_break_spec.cr
Crystal;spec/compiler/normalize/select_spec.cr
Crystal;spec/compiler/normalize/string_interpolation_spec.cr
Crystal;spec/compiler/normalize/unless_spec.cr
Crystal;spec/compiler/normalize/until_spec.cr
Crystal;spec/compiler/parser/parser_doc_spec.cr
Crystal;spec/compiler/parser/parser_spec.cr
Crystal;spec/compiler/parser/to_s_spec.cr
Crystal;spec/compiler/parser/warnings_spec.cr
Crystal;spec/compiler/semantic/abstract_def_spec.cr
Crystal;spec/compiler/semantic/alias_spec.cr
Crystal;spec/compiler/semantic/annotation_spec.cr
Crystal;spec/compiler/semantic/array_spec.cr
Crystal;spec/compiler/semantic/automatic_cast_spec.cr
Crystal;spec/compiler/semantic/block_spec.cr
Crystal;spec/compiler/semantic/c_enum_spec.cr
Crystal;spec/compiler/semantic/c_struct_spec.cr
Crystal;spec/compiler/semantic/c_type_spec.cr
Crystal;spec/compiler/semantic/c_union_spec.cr
Crystal;spec/compiler/semantic/call_error_spec.cr
Crystal;spec/compiler/semantic/case_spec.cr
Crystal;spec/compiler/semantic/cast_spec.cr
Crystal;spec/compiler/semantic/class_spec.cr
Crystal;spec/compiler/semantic/class_var_spec.cr
Crystal;spec/compiler/semantic/cleanup_spec.cr
Crystal;spec/compiler/semantic/closure_spec.cr
Crystal;spec/compiler/semantic/concrete_types_spec.cr
Crystal;spec/compiler/semantic/const_spec.cr
Crystal;spec/compiler/semantic/def_overload_spec.cr
Crystal;spec/compiler/semantic/def_spec.cr
Crystal;spec/compiler/semantic/did_you_mean_spec.cr
Crystal;spec/compiler/semantic/doc_spec.cr
Crystal;spec/compiler/semantic/double_splat_spec.cr
Crystal;spec/compiler/semantic/enum_spec.cr
Crystal;spec/compiler/semantic/exception_spec.cr
Crystal;spec/compiler/semantic/extern_spec.cr
Crystal;spec/compiler/semantic/external_internal_spec.cr
Crystal;spec/compiler/semantic/fun_spec.cr
Crystal;spec/compiler/semantic/generic_class_spec.cr
Crystal;spec/compiler/semantic/hooks_spec.cr
Crystal;spec/compiler/semantic/if_spec.cr
Crystal;spec/compiler/semantic/initialize_spec.cr
Crystal;spec/compiler/semantic/instance_var_spec.cr
Crystal;spec/compiler/semantic/is_a_spec.cr
Crystal;spec/compiler/semantic/lib_spec.cr
Crystal;spec/compiler/semantic/macro_overload_spec.cr
Crystal;spec/compiler/semantic/macro_spec.cr
Crystal;spec/compiler/semantic/metaclass_spec.cr
Crystal;spec/compiler/semantic/method_missing_spec.cr
Crystal;spec/compiler/semantic/module_spec.cr
Crystal;spec/compiler/semantic/multi_assign_spec.cr
Crystal;spec/compiler/semantic/named_args_spec.cr
Crystal;spec/compiler/semantic/named_tuple_spec.cr
Crystal;spec/compiler/semantic/new_spec.cr
Crystal;spec/compiler/semantic/nil_spec.cr
Crystal;spec/compiler/semantic/nilable_cast_spec.cr
Crystal;spec/compiler/semantic/nilable_instance_var_spec.cr
Crystal;spec/compiler/semantic/no_return_spec.cr
Crystal;spec/compiler/semantic/not_spec.cr
Crystal;spec/compiler/semantic/offsetof_spec.cr
Crystal;spec/compiler/semantic/pointer_spec.cr
Crystal;spec/compiler/semantic/previous_def_spec.cr
Crystal;spec/compiler/semantic/primitives_spec.cr
Crystal;spec/compiler/semantic/private_spec.cr
Crystal;spec/compiler/semantic/proc_spec.cr
Crystal;spec/compiler/semantic/recursive_struct_check_spec.cr
Crystal;spec/compiler/semantic/require_spec.cr
Crystal;spec/compiler/semantic/responds_to_spec.cr
Crystal;spec/compiler/semantic/restrictions_augmenter_spec.cr
Crystal;spec/compiler/semantic/restrictions_spec.cr
Crystal;spec/compiler/semantic/return_spec.cr
Crystal;spec/compiler/semantic/sizeof_spec.cr
Crystal;spec/compiler/semantic/special_vars_spec.cr
Crystal;spec/compiler/semantic/splat_spec.cr
Crystal;spec/compiler/semantic/ssa_spec.cr
Crystal;spec/compiler/semantic/static_array_spec.cr
Crystal;spec/compiler/semantic/struct_spec.cr
Crystal;spec/compiler/semantic/super_spec.cr
Crystal;spec/compiler/semantic/tuple_spec.cr
Crystal;spec/compiler/semantic/uninitialized_spec.cr
Crystal;spec/compiler/semantic/union_spec.cr
Crystal;spec/compiler/semantic/var_spec.cr
Crystal;spec/compiler/semantic/virtual_metaclass_spec.cr
Crystal;spec/compiler/semantic/virtual_spec.cr
Crystal;spec/compiler/semantic/visibility_modifiers_spec.cr
Crystal;spec/compiler/semantic/warnings_spec.cr
Crystal;spec/compiler/semantic/while_spec.cr
Crystal;spec/compiler/semantic/yield_with_scope_spec.cr
Crystal;spec/compiler/spec_helper.cr
Crystal;spec/compiler/util_spec.cr
Crystal;spec/compiler_spec.cr
Crystal;spec/debug/arrays.cr
Crystal;spec/debug/blocks.cr
Crystal;spec/debug/driver.cr
Crystal;spec/debug/extern_unions.cr
Crystal;spec/debug/strings.cr
Crystal;spec/debug/top_level.cr
Crystal;spec/llvm-ir/argless-initialize-debug-loc.cr
Crystal;spec/llvm-ir/assign-unions.cr
Crystal;spec/llvm-ir/cast-unions.cr
Crystal;spec/llvm-ir/class-var-read-debug-loc.cr
Crystal;spec/llvm-ir/const-read-debug-loc.cr
Crystal;spec/llvm-ir/memcpy.cr
Crystal;spec/llvm-ir/memset.cr
Crystal;spec/llvm-ir/pass-closure-to-c-debug-loc.cr
Crystal;spec/llvm-ir/proc-call-debug-loc.cr
Crystal;spec/llvm-ir/proc-pointer-debug-loc.cr
Crystal;spec/llvm-ir/virtual-class-var-read-debug-loc.cr
Crystal;spec/llvm-ir/virtual-metaclass-var-read-debug-loc.cr
Crystal;spec/manual/badssl_spec.cr
Crystal;spec/manual/digest_large_file_spec.cr
Crystal;spec/manual/find_executable_spec.cr
Crystal;spec/manual/gzip_large_file_spec.cr
Crystal;spec/manual/https_client_spec.cr
Crystal;spec/manual/string_normalize_spec.cr
Crystal;spec/primitives/float_spec.cr
Crystal;spec/primitives/int_spec.cr
Crystal;spec/primitives/slice_spec.cr
Crystal;spec/primitives_spec.cr
Crystal;spec/spec_helper.cr
Crystal;spec/std/array_spec.cr
Crystal;spec/std/atomic_spec.cr
Crystal;spec/std/base64_spec.cr
Crystal;spec/std/benchmark_spec.cr
Crystal;spec/std/big/big_decimal_spec.cr
Crystal;spec/std/big/big_float_spec.cr
Crystal;spec/std/big/big_int_spec.cr
Crystal;spec/std/big/big_rational_spec.cr
Crystal;spec/std/big/number_spec.cr
Crystal;spec/std/bit_array_spec.cr
Crystal;spec/std/bool_spec.cr
Crystal;spec/std/box_spec.cr
Crystal;spec/std/channel_spec.cr
Crystal;spec/std/char/reader_spec.cr
Crystal;spec/std/char_spec.cr
Crystal;spec/std/class_spec.cr
Crystal;spec/std/colorize_spec.cr
Crystal;spec/std/comparable_spec.cr
Crystal;spec/std/complex_spec.cr
Crystal;spec/std/compress/deflate/deflate_spec.cr
Crystal;spec/std/compress/gzip/gzip_spec.cr
Crystal;spec/std/compress/zip/zip_file_spec.cr
Crystal;spec/std/compress/zip/zip_spec.cr
Crystal;spec/std/compress/zlib/reader_spec.cr
Crystal;spec/std/compress/zlib/stress_spec.cr
Crystal;spec/std/compress/zlib/writer_spec.cr
Crystal;spec/std/concurrent/select_spec.cr
Crystal;spec/std/concurrent_spec.cr
Crystal;spec/std/crypto/bcrypt/base64_spec.cr
Crystal;spec/std/crypto/bcrypt/password_spec.cr
Crystal;spec/std/crypto/bcrypt_spec.cr
Crystal;spec/std/crypto/blowfish_spec.cr
Crystal;spec/std/crypto/subtle_spec.cr
Crystal;spec/std/crystal/compiler_rt/ashlti3_spec.cr
Crystal;spec/std/crystal/compiler_rt/ashrti3_spec.cr
Crystal;spec/std/crystal/compiler_rt/divmod128_spec.cr
Crystal;spec/std/crystal/compiler_rt/fixint_spec.cr
Crystal;spec/std/crystal/compiler_rt/float_spec.cr
Crystal;spec/std/crystal/compiler_rt/lshrti3_spec.cr
Crystal;spec/std/crystal/compiler_rt/mulodi4_spec.cr
Crystal;spec/std/crystal/compiler_rt/mulosi4_spec.cr
Crystal;spec/std/crystal/compiler_rt/muloti4_spec.cr
Crystal;spec/std/crystal/compiler_rt/multi3_spec.cr
Crystal;spec/std/crystal/compiler_rt/powidf2_spec.cr
Crystal;spec/std/crystal/compiler_rt/powisf2_spec.cr
Crystal;spec/std/crystal/compiler_rt/spec_helper.cr
Crystal;spec/std/crystal/digest/md5_spec.cr
Crystal;spec/std/crystal/digest/sha1_spec.cr
Crystal;spec/std/crystal/hasher_spec.cr
Crystal;spec/std/crystal/pointer_linked_list_spec.cr
Crystal;spec/std/crystal/syntax_highlighter/colorize_spec.cr
Crystal;spec/std/crystal/syntax_highlighter/html_spec.cr
Crystal;spec/std/csv/csv_build_spec.cr
Crystal;spec/std/csv/csv_lex_spec.cr
Crystal;spec/std/csv/csv_parse_spec.cr
Crystal;spec/std/csv/csv_spec.cr
Crystal;spec/std/deque_spec.cr
Crystal;spec/std/digest/adler32_spec.cr
Crystal;spec/std/digest/crc32_spec.cr
Crystal;spec/std/digest/io_digest_spec.cr
Crystal;spec/std/digest/md5_spec.cr
Crystal;spec/std/digest/sha1_spec.cr
Crystal;spec/std/digest/sha256_spec.cr
Crystal;spec/std/digest/sha512_spec.cr
Crystal;spec/std/digest/spec_helper.cr
Crystal;spec/std/dir_spec.cr
Crystal;spec/std/double_spec.cr
Crystal;spec/std/ecr/ecr_lexer_spec.cr
Crystal;spec/std/ecr/ecr_spec.cr
Crystal;spec/std/enum_spec.cr
Crystal;spec/std/enumerable_spec.cr
Crystal;spec/std/env_spec.cr
Crystal;spec/std/errno_spec.cr
Crystal;spec/std/exception/call_stack_spec.cr
Crystal;spec/std/exception_spec.cr
Crystal;spec/std/file/tempfile_spec.cr
Crystal;spec/std/file_spec.cr
Crystal;spec/std/file_utils_spec.cr
Crystal;spec/std/float_printer/diy_fp_spec.cr
Crystal;spec/std/float_printer/grisu3_spec.cr
Crystal;spec/std/float_printer/ieee_spec.cr
Crystal;spec/std/float_printer_spec.cr
Crystal;spec/std/float_spec.cr
Crystal;spec/std/gc_spec.cr
Crystal;spec/std/hash_spec.cr
Crystal;spec/std/html_spec.cr
Crystal;spec/std/http/chunked_content_spec.cr
Crystal;spec/std/http/client/client_spec.cr
Crystal;spec/std/http/client/response_spec.cr
Crystal;spec/std/http/cookie_spec.cr
Crystal;spec/std/http/formdata/builder_spec.cr
Crystal;spec/std/http/formdata/parser_spec.cr
Crystal;spec/std/http/formdata_spec.cr
Crystal;spec/std/http/headers_spec.cr
Crystal;spec/std/http/http_spec.cr
Crystal;spec/std/http/params_spec.cr
Crystal;spec/std/http/request_spec.cr
Crystal;spec/std/http/server/handlers/compress_handler_spec.cr
Crystal;spec/std/http/server/handlers/error_handler_spec.cr
Crystal;spec/std/http/server/handlers/handler_spec.cr
Crystal;spec/std/http/server/handlers/log_handler_spec.cr
Crystal;spec/std/http/server/handlers/static_file_handler_spec.cr
Crystal;spec/std/http/server/handlers/websocket_handler_spec.cr
Crystal;spec/std/http/server/request_processor_spec.cr
Crystal;spec/std/http/server/response_spec.cr
Crystal;spec/std/http/server/server_spec.cr
Crystal;spec/std/http/spec_helper.cr
Crystal;spec/std/http/status_spec.cr
Crystal;spec/std/http/web_socket_spec.cr
Crystal;spec/std/humanize_spec.cr
Crystal;spec/std/indexable/mutable_spec.cr
Crystal;spec/std/indexable_spec.cr
Crystal;spec/std/ini_spec.cr
Crystal;spec/std/int_spec.cr
Crystal;spec/std/io/argf_spec.cr
Crystal;spec/std/io/buffered_spec.cr
Crystal;spec/std/io/byte_format_spec.cr
Crystal;spec/std/io/delimited_spec.cr
Crystal;spec/std/io/file_descriptor_spec.cr
Crystal;spec/std/io/hexdump_spec.cr
Crystal;spec/std/io/io_spec.cr
Crystal;spec/std/io/memory_spec.cr
Crystal;spec/std/io/multi_writer_spec.cr
Crystal;spec/std/io/sized_spec.cr
Crystal;spec/std/io/stapled_spec.cr
Crystal;spec/std/iterator_spec.cr
Crystal;spec/std/json/any_spec.cr
Crystal;spec/std/json/builder_spec.cr
Crystal;spec/std/json/lexer_spec.cr
Crystal;spec/std/json/parser_spec.cr
Crystal;spec/std/json/pull_parser_spec.cr
Crystal;spec/std/json/serializable_spec.cr
Crystal;spec/std/json/serialization_spec.cr
Crystal;spec/std/kernel_spec.cr
Crystal;spec/std/levenshtein_spec.cr
Crystal;spec/std/llvm/aarch64_spec.cr
Crystal;spec/std/llvm/arm_abi_spec.cr
Crystal;spec/std/llvm/llvm_spec.cr
Crystal;spec/std/llvm/type_spec.cr
Crystal;spec/std/llvm/x86_64_abi_spec.cr
Crystal;spec/std/llvm/x86_abi_spec.cr
Crystal;spec/std/log/broadcast_backend_spec.cr
Crystal;spec/std/log/builder_spec.cr
Crystal;spec/std/log/context_spec.cr
Crystal;spec/std/log/dispatch_spec.cr
Crystal;spec/std/log/env_config_spec.cr
Crystal;spec/std/log/format_spec.cr
Crystal;spec/std/log/io_backend_spec.cr
Crystal;spec/std/log/log_spec.cr
Crystal;spec/std/log/main_spec.cr
Crystal;spec/std/log/metadata_spec.cr
Crystal;spec/std/log/spec_spec.cr
Crystal;spec/std/math_spec.cr
Crystal;spec/std/mime/media_type_spec.cr
Crystal;spec/std/mime/multipart/builder_spec.cr
Crystal;spec/std/mime/multipart/parser_spec.cr
Crystal;spec/std/mime/multipart_spec.cr
Crystal;spec/std/mime_spec.cr
Crystal;spec/std/mutex_spec.cr
Crystal;spec/std/named_tuple_spec.cr
Crystal;spec/std/number_spec.cr
Crystal;spec/std/oauth/access_token_spec.cr
Crystal;spec/std/oauth/authorization_header_spec.cr
Crystal;spec/std/oauth/consumer_spec.cr
Crystal;spec/std/oauth/params_spec.cr
Crystal;spec/std/oauth/request_token_spec.cr
Crystal;spec/std/oauth/signature_spec.cr
Crystal;spec/std/oauth2/access_token_spec.cr
Crystal;spec/std/oauth2/client_spec.cr
Crystal;spec/std/oauth2/session_spec.cr
Crystal;spec/std/object_spec.cr
Crystal;spec/std/openssl/cipher_spec.cr
Crystal;spec/std/openssl/digest_spec.cr
Crystal;spec/std/openssl/hmac_spec.cr
Crystal;spec/std/openssl/pkcs5_spec.cr
Crystal;spec/std/openssl/ssl/context_spec.cr
Crystal;spec/std/openssl/ssl/hostname_validation_spec.cr
Crystal;spec/std/openssl/ssl/server_spec.cr
Crystal;spec/std/openssl/ssl/socket_spec.cr
Crystal;spec/std/openssl/x509/certificate_spec.cr
Crystal;spec/std/openssl/x509/name_spec.cr
Crystal;spec/std/option_parser_spec.cr
Crystal;spec/std/path_spec.cr
Crystal;spec/std/pointer_spec.cr
Crystal;spec/std/pp_spec.cr
Crystal;spec/std/pretty_print_spec.cr
Crystal;spec/std/proc_spec.cr
Crystal;spec/std/process/find_executable_spec.cr
Crystal;spec/std/process/status_spec.cr
Crystal;spec/std/process/utils_spec.cr
Crystal;spec/std/process_spec.cr
Crystal;spec/std/raise_spec.cr
Crystal;spec/std/random/isaac_spec.cr
Crystal;spec/std/random/pcg32_spec.cr
Crystal;spec/std/random/secure_spec.cr
Crystal;spec/std/random_spec.cr
Crystal;spec/std/range_spec.cr
Crystal;spec/std/record_spec.cr
Crystal;spec/std/reference_spec.cr
Crystal;spec/std/regex/match_data_spec.cr
Crystal;spec/std/regex_spec.cr
Crystal;spec/std/semantic_version_spec.cr
Crystal;spec/std/set_spec.cr
Crystal;spec/std/signal_spec.cr
Crystal;spec/std/slice_spec.cr
Crystal;spec/std/socket/address_spec.cr
Crystal;spec/std/socket/addrinfo_spec.cr
Crystal;spec/std/socket/socket_spec.cr
Crystal;spec/std/socket/spec_helper.cr
Crystal;spec/std/socket/tcp_server_spec.cr
Crystal;spec/std/socket/tcp_socket_spec.cr
Crystal;spec/std/socket/udp_socket_spec.cr
Crystal;spec/std/socket/unix_server_spec.cr
Crystal;spec/std/socket/unix_socket_spec.cr
Crystal;spec/std/spec/context_spec.cr
Crystal;spec/std/spec/expectations_spec.cr
Crystal;spec/std/spec/filters_spec.cr
Crystal;spec/std/spec/helpers/iterate_spec.cr
Crystal;spec/std/spec/hooks_spec.cr
Crystal;spec/std/spec/junit_formatter_spec.cr
Crystal;spec/std/spec/spec_helper.cr
Crystal;spec/std/spec/tap_formatter_spec.cr
Crystal;spec/std/spec_helper.cr
Crystal;spec/std/spec_spec.cr
Crystal;spec/std/sprintf_spec.cr
Crystal;spec/std/static_array_spec.cr
Crystal;spec/std/string/grapheme_spec.cr
Crystal;spec/std/string/spec_helper.cr
Crystal;spec/std/string/utf16_spec.cr
Crystal;spec/std/string_builder_spec.cr
Crystal;spec/std/string_pool_spec.cr
Crystal;spec/std/string_scanner_spec.cr
Crystal;spec/std/string_spec.cr
Crystal;spec/std/struct_spec.cr
Crystal;spec/std/symbol_spec.cr
Crystal;spec/std/syscall_spec.cr
Crystal;spec/std/system/group_spec.cr
Crystal;spec/std/system/user_spec.cr
Crystal;spec/std/system_error_spec.cr
Crystal;spec/std/system_spec.cr
Crystal;spec/std/thread/condition_variable_spec.cr
Crystal;spec/std/thread/mutex_spec.cr
Crystal;spec/std/thread_spec.cr
Crystal;spec/std/time/custom_formats_spec.cr
Crystal;spec/std/time/format_spec.cr
Crystal;spec/std/time/location_spec.cr
Crystal;spec/std/time/span_spec.cr
Crystal;spec/std/time/time_spec.cr
Crystal;spec/std/tuple_spec.cr
Crystal;spec/std/uint_spec.cr
Crystal;spec/std/uri/params_spec.cr
Crystal;spec/std/uri/punycode_spec.cr
Crystal;spec/std/uri_spec.cr
Crystal;spec/std/uuid/json_spec.cr
Crystal;spec/std/uuid/yaml_spec.cr
Crystal;spec/std/uuid_spec.cr
Crystal;spec/std/va_list_spec.cr
Crystal;spec/std/weak_ref_spec.cr
Crystal;spec/std/winerror_spec.cr
Crystal;spec/std/xml/builder_spec.cr
Crystal;spec/std/xml/html_spec.cr
Crystal;spec/std/xml/reader_spec.cr
Crystal;spec/std/xml/xml_spec.cr
Crystal;spec/std/xml/xpath_spec.cr
Crystal;spec/std/yaml/any_spec.cr
Crystal;spec/std/yaml/builder_spec.cr
Crystal;spec/std/yaml/nodes/builder_spec.cr
Crystal;spec/std/yaml/schema/core_spec.cr
Crystal;spec/std/yaml/schema/fail_safe_spec.cr
Crystal;spec/std/yaml/serializable_spec.cr
Crystal;spec/std/yaml/serialization_spec.cr
Crystal;spec/std/yaml/yaml_pull_parser_spec.cr
Crystal;spec/std/yaml/yaml_spec.cr
Crystal;spec/std_spec.cr
Crystal;spec/support/channel.cr
Crystal;spec/support/env.cr
Crystal;spec/support/fibers.cr
Crystal;spec/support/finalize.cr
Crystal;spec/support/io.cr
Crystal;spec/support/mt_abort_timeout.cr
Crystal;spec/support/number.cr
Crystal;spec/support/retry.cr
Crystal;spec/support/ssl.cr
Crystal;spec/support/syntax.cr
Crystal;spec/support/tempfile.cr
Crystal;spec/support/time.cr
Crystal;spec/support/win32.cr
Crystal;src/annotations.cr
Crystal;src/array.cr
Crystal;src/atomic.cr
Crystal;src/base64.cr
Crystal;src/benchmark.cr
Crystal;src/benchmark/bm.cr
Crystal;src/benchmark/ips.cr
Crystal;src/big.cr
Crystal;src/big/big_decimal.cr
Crystal;src/big/big_float.cr
Crystal;src/big/big_int.cr
Crystal;src/big/big_rational.cr
Crystal;src/big/json.cr
Crystal;src/big/lib_gmp.cr
Crystal;src/big/number.cr
Crystal;src/big/yaml.cr
Crystal;src/bit_array.cr
Crystal;src/bool.cr
Crystal;src/box.cr
Crystal;src/channel.cr
Crystal;src/char.cr
Crystal;src/char/reader.cr
Crystal;src/class.cr
Crystal;src/colorize.cr
Crystal;src/comparable.cr
Crystal;src/compiler/crystal.cr
Crystal;src/compiler/crystal/annotatable.cr
Crystal;src/compiler/crystal/codegen/asm.cr
Crystal;src/compiler/crystal/codegen/ast.cr
Crystal;src/compiler/crystal/codegen/cache_dir.cr
Crystal;src/compiler/crystal/codegen/call.cr
Crystal;src/compiler/crystal/codegen/cast.cr
Crystal;src/compiler/crystal/codegen/class_var.cr
Crystal;src/compiler/crystal/codegen/codegen.cr
Crystal;src/compiler/crystal/codegen/cond.cr
Crystal;src/compiler/crystal/codegen/const.cr
Crystal;src/compiler/crystal/codegen/context.cr
Crystal;src/compiler/crystal/codegen/crystal_llvm_builder.cr
Crystal;src/compiler/crystal/codegen/debug.cr
Crystal;src/compiler/crystal/codegen/exception.cr
Crystal;src/compiler/crystal/codegen/experimental.cr
Crystal;src/compiler/crystal/codegen/fun.cr
Crystal;src/compiler/crystal/codegen/link.cr
Crystal;src/compiler/crystal/codegen/llvm_builder_helper.cr
Crystal;src/compiler/crystal/codegen/llvm_id.cr
Crystal;src/compiler/crystal/codegen/llvm_typer.cr
Crystal;src/compiler/crystal/codegen/match.cr
Crystal;src/compiler/crystal/codegen/once.cr
Crystal;src/compiler/crystal/codegen/phi.cr
Crystal;src/compiler/crystal/codegen/primitives.cr
Crystal;src/compiler/crystal/codegen/target.cr
Crystal;src/compiler/crystal/codegen/type_id.cr
Crystal;src/compiler/crystal/codegen/types.cr
Crystal;src/compiler/crystal/codegen/unions.cr
Crystal;src/compiler/crystal/command.cr
Crystal;src/compiler/crystal/command/clear_cache.cr
Crystal;src/compiler/crystal/command/cursor.cr
Crystal;src/compiler/crystal/command/docs.cr
Crystal;src/compiler/crystal/command/env.cr
Crystal;src/compiler/crystal/command/eval.cr
Crystal;src/compiler/crystal/command/format.cr
Crystal;src/compiler/crystal/command/playground.cr
Crystal;src/compiler/crystal/command/repl.cr
Crystal;src/compiler/crystal/command/spec.cr
Crystal;src/compiler/crystal/compiler.cr
Crystal;src/compiler/crystal/config.cr
Crystal;src/compiler/crystal/crystal_path.cr
Crystal;src/compiler/crystal/error.cr
Crystal;src/compiler/crystal/exception.cr
Crystal;src/compiler/crystal/ffi/call_interface.cr
Crystal;src/compiler/crystal/ffi/closure.cr
Crystal;src/compiler/crystal/ffi/ffi.cr
Crystal;src/compiler/crystal/ffi/lib_ffi.cr
Crystal;src/compiler/crystal/ffi/type.cr
Crystal;src/compiler/crystal/formatter.cr
Crystal;src/compiler/crystal/interpreter.cr
Crystal;src/compiler/crystal/interpreter/c.cr
Crystal;src/compiler/crystal/interpreter/cast.cr
Crystal;src/compiler/crystal/interpreter/class_vars.cr
Crystal;src/compiler/crystal/interpreter/closure.cr
Crystal;src/compiler/crystal/interpreter/closure_context.cr
Crystal;src/compiler/crystal/interpreter/compiled_block.cr
Crystal;src/compiler/crystal/interpreter/compiled_def.cr
Crystal;src/compiler/crystal/interpreter/compiled_instructions.cr
Crystal;src/compiler/crystal/interpreter/compiler.cr
Crystal;src/compiler/crystal/interpreter/constants.cr
Crystal;src/compiler/crystal/interpreter/context.cr
Crystal;src/compiler/crystal/interpreter/debug.cr
Crystal;src/compiler/crystal/interpreter/disassembler.cr
Crystal;src/compiler/crystal/interpreter/escaping_exception.cr
Crystal;src/compiler/crystal/interpreter/ffi_closure_context.cr
Crystal;src/compiler/crystal/interpreter/instruction.cr
Crystal;src/compiler/crystal/interpreter/instructions.cr
Crystal;src/compiler/crystal/interpreter/interpreter.cr
Crystal;src/compiler/crystal/interpreter/lib_function.cr
Crystal;src/compiler/crystal/interpreter/local_vars.cr
Crystal;src/compiler/crystal/interpreter/local_vars_gatherer.cr
Crystal;src/compiler/crystal/interpreter/multidispatch.cr
Crystal;src/compiler/crystal/interpreter/op_code.cr
Crystal;src/compiler/crystal/interpreter/primitives.cr
Crystal;src/compiler/crystal/interpreter/pry_reader.cr
Crystal;src/compiler/crystal/interpreter/repl.cr
Crystal;src/compiler/crystal/interpreter/repl_reader.cr
Crystal;src/compiler/crystal/interpreter/to_bool.cr
Crystal;src/compiler/crystal/interpreter/value.cr
Crystal;src/compiler/crystal/loader.cr
Crystal;src/compiler/crystal/loader/msvc.cr
Crystal;src/compiler/crystal/loader/unix.cr
Crystal;src/compiler/crystal/macros.cr
Crystal;src/compiler/crystal/macros/interpreter.cr
Crystal;src/compiler/crystal/macros/macros.cr
Crystal;src/compiler/crystal/macros/methods.cr
Crystal;src/compiler/crystal/macros/types.cr
Crystal;src/compiler/crystal/program.cr
Crystal;src/compiler/crystal/progress_tracker.cr
Crystal;src/compiler/crystal/semantic.cr
Crystal;src/compiler/crystal/semantic/abstract_def_checker.cr
Crystal;src/compiler/crystal/semantic/ast.cr
Crystal;src/compiler/crystal/semantic/bindings.cr
Crystal;src/compiler/crystal/semantic/call.cr
Crystal;src/compiler/crystal/semantic/call_error.cr
Crystal;src/compiler/crystal/semantic/class_vars_initializer_visitor.cr
Crystal;src/compiler/crystal/semantic/cleanup_transformer.cr
Crystal;src/compiler/crystal/semantic/conversions.cr
Crystal;src/compiler/crystal/semantic/cover.cr
Crystal;src/compiler/crystal/semantic/default_arguments.cr
Crystal;src/compiler/crystal/semantic/exception.cr
Crystal;src/compiler/crystal/semantic/exhaustiveness_checker.cr
Crystal;src/compiler/crystal/semantic/filters.cr
Crystal;src/compiler/crystal/semantic/fix_missing_types.cr
Crystal;src/compiler/crystal/semantic/flags.cr
Crystal;src/compiler/crystal/semantic/hooks.cr
Crystal;src/compiler/crystal/semantic/instance_vars_initializer_visitor.cr
Crystal;src/compiler/crystal/semantic/lib.cr
Crystal;src/compiler/crystal/semantic/literal_expander.cr
Crystal;src/compiler/crystal/semantic/main_visitor.cr
Crystal;src/compiler/crystal/semantic/match.cr
Crystal;src/compiler/crystal/semantic/math_interpreter.cr
Crystal;src/compiler/crystal/semantic/method_lookup.cr
Crystal;src/compiler/crystal/semantic/method_missing.cr
Crystal;src/compiler/crystal/semantic/new.cr
Crystal;src/compiler/crystal/semantic/normalizer.cr
Crystal;src/compiler/crystal/semantic/path_lookup.cr
Crystal;src/compiler/crystal/semantic/recursive_struct_checker.cr
Crystal;src/compiler/crystal/semantic/restrictions.cr
Crystal;src/compiler/crystal/semantic/restrictions_augmenter.cr
Crystal;src/compiler/crystal/semantic/semantic_visitor.cr
Crystal;src/compiler/crystal/semantic/suggestions.cr
Crystal;src/compiler/crystal/semantic/to_s.cr
Crystal;src/compiler/crystal/semantic/top_level_visitor.cr
Crystal;src/compiler/crystal/semantic/transformer.cr
Crystal;src/compiler/crystal/semantic/type_declaration_processor.cr
Crystal;src/compiler/crystal/semantic/type_declaration_visitor.cr
Crystal;src/compiler/crystal/semantic/type_guess_visitor.cr
Crystal;src/compiler/crystal/semantic/type_intersect.cr
Crystal;src/compiler/crystal/semantic/type_lookup.cr
Crystal;src/compiler/crystal/semantic/type_merge.cr
Crystal;src/compiler/crystal/semantic/type_to_restriction.cr
Crystal;src/compiler/crystal/semantic/warnings.cr
Crystal;src/compiler/crystal/syntax.cr
Crystal;src/compiler/crystal/syntax/ast.cr
Crystal;src/compiler/crystal/syntax/exception.cr
Crystal;src/compiler/crystal/syntax/lexer.cr
Crystal;src/compiler/crystal/syntax/location.cr
Crystal;src/compiler/crystal/syntax/parser.cr
Crystal;src/compiler/crystal/syntax/to_s.cr
Crystal;src/compiler/crystal/syntax/token.cr
Crystal;src/compiler/crystal/syntax/transformer.cr
Crystal;src/compiler/crystal/syntax/virtual_file.cr
Crystal;src/compiler/crystal/syntax/visitor.cr
Crystal;src/compiler/crystal/tools/context.cr
Crystal;src/compiler/crystal/tools/doc.cr
Crystal;src/compiler/crystal/tools/doc/constant.cr
Crystal;src/compiler/crystal/tools/doc/generator.cr
Crystal;src/compiler/crystal/tools/doc/item.cr
Crystal;src/compiler/crystal/tools/doc/macro.cr
Crystal;src/compiler/crystal/tools/doc/main.cr
Crystal;src/compiler/crystal/tools/doc/markd_doc_renderer.cr
Crystal;src/compiler/crystal/tools/doc/method.cr
Crystal;src/compiler/crystal/tools/doc/project_info.cr
Crystal;src/compiler/crystal/tools/doc/relative_location.cr
Crystal;src/compiler/crystal/tools/doc/templates.cr
Crystal;src/compiler/crystal/tools/doc/to_json.cr
Crystal;src/compiler/crystal/tools/doc/type.cr
Crystal;src/compiler/crystal/tools/expand.cr
Crystal;src/compiler/crystal/tools/formatter.cr
Crystal;src/compiler/crystal/tools/git.cr
Crystal;src/compiler/crystal/tools/implementations.cr
Crystal;src/compiler/crystal/tools/init.cr
Crystal;src/compiler/crystal/tools/playground.cr
Crystal;src/compiler/crystal/tools/playground/agent.cr
Crystal;src/compiler/crystal/tools/playground/agent_instrumentor_transformer.cr
Crystal;src/compiler/crystal/tools/playground/server.cr
Crystal;src/compiler/crystal/tools/print_hierarchy.cr
Crystal;src/compiler/crystal/tools/print_types_visitor.cr
Crystal;src/compiler/crystal/tools/table_print.cr
Crystal;src/compiler/crystal/tools/typed_def_processor.cr
Crystal;src/compiler/crystal/types.cr
Crystal;src/compiler/crystal/util.cr
Crystal;src/compiler/crystal/warnings.cr
Crystal;src/compiler/requires.cr
Crystal;src/complex.cr
Crystal;src/compress/deflate/deflate.cr
Crystal;src/compress/deflate/reader.cr
Crystal;src/compress/deflate/writer.cr
Crystal;src/compress/gzip/gzip.cr
Crystal;src/compress/gzip/header.cr
Crystal;src/compress/gzip/reader.cr
Crystal;src/compress/gzip/writer.cr
Crystal;src/compress/zip/checksum_reader.cr
Crystal;src/compress/zip/checksum_writer.cr
Crystal;src/compress/zip/compression_method.cr
Crystal;src/compress/zip/file.cr
Crystal;src/compress/zip/file_info.cr
Crystal;src/compress/zip/reader.cr
Crystal;src/compress/zip/writer.cr
Crystal;src/compress/zip/zip.cr
Crystal;src/compress/zlib/reader.cr
Crystal;src/compress/zlib/writer.cr
Crystal;src/compress/zlib/zlib.cr
Crystal;src/concurrent.cr
Crystal;src/crypto/bcrypt.cr
Crystal;src/crypto/bcrypt/base64.cr
Crystal;src/crypto/bcrypt/blowfish.cr
Crystal;src/crypto/bcrypt/password.cr
Crystal;src/crypto/blowfish.cr
Crystal;src/crypto/subtle.cr
Crystal;src/crystal/at_exit_handlers.cr
Crystal;src/crystal/atomic_semaphore.cr
Crystal;src/crystal/compiler_rt.cr
Crystal;src/crystal/compiler_rt/divmod128.cr
Crystal;src/crystal/compiler_rt/fixint.cr
Crystal;src/crystal/compiler_rt/float.cr
Crystal;src/crystal/compiler_rt/mul.cr
Crystal;src/crystal/compiler_rt/multi3.cr
Crystal;src/crystal/compiler_rt/pow.cr
Crystal;src/crystal/compiler_rt/shift.cr
Crystal;src/crystal/datum.cr
Crystal;src/crystal/digest/md5.cr
Crystal;src/crystal/digest/sha1.cr
Crystal;src/crystal/dwarf.cr
Crystal;src/crystal/dwarf/abbrev.cr
Crystal;src/crystal/dwarf/info.cr
Crystal;src/crystal/dwarf/line_numbers.cr
Crystal;src/crystal/dwarf/strings.cr
Crystal;src/crystal/elf.cr
Crystal;src/crystal/fiber_channel.cr
Crystal;src/crystal/hasher.cr
Crystal;src/crystal/iconv.cr
Crystal;src/crystal/interpreter.cr
Crystal;src/crystal/lib_iconv.cr
Crystal;src/crystal/mach_o.cr
Crystal;src/crystal/main.cr
Crystal;src/crystal/once.cr
Crystal;src/crystal/pointer_linked_list.cr
Crystal;src/crystal/rw_lock.cr
Crystal;src/crystal/scheduler.cr
Crystal;src/crystal/small_deque.cr
Crystal;src/crystal/spin_lock.cr
Crystal;src/crystal/syntax_highlighter.cr
Crystal;src/crystal/syntax_highlighter/colorize.cr
Crystal;src/crystal/syntax_highlighter/html.cr
Crystal;src/crystal/system.cr
Crystal;src/crystal/system/dir.cr
Crystal;src/crystal/system/env.cr
Crystal;src/crystal/system/event_loop.cr
Crystal;src/crystal/system/fiber.cr
Crystal;src/crystal/system/file.cr
Crystal;src/crystal/system/file_descriptor.cr
Crystal;src/crystal/system/file_info.cr
Crystal;src/crystal/system/group.cr
Crystal;src/crystal/system/mime.cr
Crystal;src/crystal/system/path.cr
Crystal;src/crystal/system/print_error.cr
Crystal;src/crystal/system/process.cr
Crystal;src/crystal/system/random.cr
Crystal;src/crystal/system/signal.cr
Crystal;src/crystal/system/socket.cr
Crystal;src/crystal/system/thread.cr
Crystal;src/crystal/system/thread_condition_variable.cr
Crystal;src/crystal/system/thread_linked_list.cr
Crystal;src/crystal/system/thread_mutex.cr
Crystal;src/crystal/system/time.cr
Crystal;src/crystal/system/unix.cr
Crystal;src/crystal/system/unix/arc4random.cr
Crystal;src/crystal/system/unix/dir.cr
Crystal;src/crystal/system/unix/env.cr
Crystal;src/crystal/system/unix/event_libevent.cr
Crystal;src/crystal/system/unix/event_loop_libevent.cr
Crystal;src/crystal/system/unix/fiber.cr
Crystal;src/crystal/system/unix/file.cr
Crystal;src/crystal/system/unix/file_descriptor.cr
Crystal;src/crystal/system/unix/file_info.cr
Crystal;src/crystal/system/unix/getrandom.cr
Crystal;src/crystal/system/unix/group.cr
Crystal;src/crystal/system/unix/hostname.cr
Crystal;src/crystal/system/unix/lib_event2.cr
Crystal;src/crystal/system/unix/mime.cr
Crystal;src/crystal/system/unix/path.cr
Crystal;src/crystal/system/unix/process.cr
Crystal;src/crystal/system/unix/pthread.cr
Crystal;src/crystal/system/unix/pthread_condition_variable.cr
Crystal;src/crystal/system/unix/pthread_mutex.cr
Crystal;src/crystal/system/unix/signal.cr
Crystal;src/crystal/system/unix/socket.cr
Crystal;src/crystal/system/unix/syscall.cr
Crystal;src/crystal/system/unix/sysconf_cpucount.cr
Crystal;src/crystal/system/unix/sysctl_cpucount.cr
Crystal;src/crystal/system/unix/time.cr
Crystal;src/crystal/system/unix/urandom.cr
Crystal;src/crystal/system/unix/user.cr
Crystal;src/crystal/system/user.cr
Crystal;src/crystal/system/wasi/cpucount.cr
Crystal;src/crystal/system/wasi/dir.cr
Crystal;src/crystal/system/wasi/event_loop.cr
Crystal;src/crystal/system/wasi/fiber.cr
Crystal;src/crystal/system/wasi/file.cr
Crystal;src/crystal/system/wasi/file_descriptor.cr
Crystal;src/crystal/system/wasi/group.cr
Crystal;src/crystal/system/wasi/hostname.cr
Crystal;src/crystal/system/wasi/lib_wasi.cr
Crystal;src/crystal/system/wasi/main.cr
Crystal;src/crystal/system/wasi/path.cr
Crystal;src/crystal/system/wasi/process.cr
Crystal;src/crystal/system/wasi/random.cr
Crystal;src/crystal/system/wasi/signal.cr
Crystal;src/crystal/system/wasi/socket.cr
Crystal;src/crystal/system/wasi/thread.cr
Crystal;src/crystal/system/wasi/thread_condition_variable.cr
Crystal;src/crystal/system/wasi/thread_mutex.cr
Crystal;src/crystal/system/wasi/user.cr
Crystal;src/crystal/system/wasi/wasi.cr
Crystal;src/crystal/system/win32/cpucount.cr
Crystal;src/crystal/system/win32/crypto.cr
Crystal;src/crystal/system/win32/delay_load.cr
Crystal;src/crystal/system/win32/dir.cr
Crystal;src/crystal/system/win32/env.cr
Crystal;src/crystal/system/win32/event_loop_iocp.cr
Crystal;src/crystal/system/win32/fiber.cr
Crystal;src/crystal/system/win32/file.cr
Crystal;src/crystal/system/win32/file_descriptor.cr
Crystal;src/crystal/system/win32/file_info.cr
Crystal;src/crystal/system/win32/hostname.cr
Crystal;src/crystal/system/win32/library_archive.cr
Crystal;src/crystal/system/win32/mime.cr
Crystal;src/crystal/system/win32/path.cr
Crystal;src/crystal/system/win32/process.cr
Crystal;src/crystal/system/win32/random.cr
Crystal;src/crystal/system/win32/signal.cr
Crystal;src/crystal/system/win32/socket.cr
Crystal;src/crystal/system/win32/thread.cr
Crystal;src/crystal/system/win32/thread_condition_variable.cr
Crystal;src/crystal/system/win32/thread_mutex.cr
Crystal;src/crystal/system/win32/time.cr
Crystal;src/crystal/system/win32/visual_studio.cr
Crystal;src/crystal/system/win32/windows_registry.cr
Crystal;src/crystal/system/win32/windows_sdk.cr
Crystal;src/crystal/system/win32/wmain.cr
Crystal;src/crystal/system/windows.cr
Crystal;src/crystal/thread_local_value.cr
Crystal;src/csv.cr
Crystal;src/csv/builder.cr
Crystal;src/csv/error.cr
Crystal;src/csv/lexer.cr
Crystal;src/csv/lexer/io_based.cr
Crystal;src/csv/lexer/string_based.cr
Crystal;src/csv/parser.cr
Crystal;src/csv/token.cr
Crystal;src/deque.cr
Crystal;src/digest.cr
Crystal;src/digest/adler32.cr
Crystal;src/digest/crc32.cr
Crystal;src/digest/digest.cr
Crystal;src/digest/io_digest.cr
Crystal;src/digest/md5.cr
Crystal;src/digest/sha1.cr
Crystal;src/digest/sha256.cr
Crystal;src/digest/sha512.cr
Crystal;src/dir.cr
Crystal;src/dir/glob.cr
Crystal;src/docs_main.cr
Crystal;src/docs_pseudo_methods.cr
Crystal;src/ecr.cr
Crystal;src/ecr/lexer.cr
Crystal;src/ecr/macros.cr
Crystal;src/ecr/process.cr
Crystal;src/ecr/processor.cr
Crystal;src/empty.cr
Crystal;src/enum.cr
Crystal;src/enumerable.cr
Crystal;src/env.cr
Crystal;src/errno.cr
Crystal;src/exception.cr
Crystal;src/exception/call_stack.cr
Crystal;src/exception/call_stack/dwarf.cr
Crystal;src/exception/call_stack/elf.cr
Crystal;src/exception/call_stack/interpreter.cr
Crystal;src/exception/call_stack/libunwind.cr
Crystal;src/exception/call_stack/mach_o.cr
Crystal;src/exception/call_stack/null.cr
Crystal;src/exception/call_stack/stackwalk.cr
Crystal;src/exception/lib_unwind.cr
Crystal;src/fiber.cr
Crystal;src/fiber/context.cr
Crystal;src/fiber/context/aarch64.cr
Crystal;src/fiber/context/arm.cr
Crystal;src/fiber/context/i386.cr
Crystal;src/fiber/context/interpreted.cr
Crystal;src/fiber/context/wasm32.cr
Crystal;src/fiber/context/x86_64-microsoft.cr
Crystal;src/fiber/context/x86_64-sysv.cr
Crystal;src/fiber/stack_pool.cr
Crystal;src/file.cr
Crystal;src/file/error.cr
Crystal;src/file/info.cr
Crystal;src/file/preader.cr
Crystal;src/file/tempfile.cr
Crystal;src/file_utils.cr
Crystal;src/float.cr
Crystal;src/float/printer.cr
Crystal;src/float/printer/cached_powers.cr
Crystal;src/float/printer/diy_fp.cr
Crystal;src/float/printer/dragonbox.cr
Crystal;src/float/printer/dragonbox_cache.cr
Crystal;src/float/printer/grisu3.cr
Crystal;src/float/printer/ieee.cr
Crystal;src/gc.cr
Crystal;src/gc/boehm.cr
Crystal;src/gc/none.cr
Crystal;src/hash.cr
Crystal;src/html.cr
Crystal;src/html/entities.cr
Crystal;src/http.cr
Crystal;src/http/client.cr
Crystal;src/http/client/response.cr
Crystal;src/http/common.cr
Crystal;src/http/content.cr
Crystal;src/http/cookie.cr
Crystal;src/http/formdata.cr
Crystal;src/http/formdata/builder.cr
Crystal;src/http/formdata/parser.cr
Crystal;src/http/formdata/part.cr
Crystal;src/http/headers.cr
Crystal;src/http/log.cr
Crystal;src/http/params.cr
Crystal;src/http/request.cr
Crystal;src/http/server.cr
Crystal;src/http/server/context.cr
Crystal;src/http/server/handler.cr
Crystal;src/http/server/handlers/compress_handler.cr
Crystal;src/http/server/handlers/error_handler.cr
Crystal;src/http/server/handlers/log_handler.cr
Crystal;src/http/server/handlers/static_file_handler.cr
Crystal;src/http/server/handlers/websocket_handler.cr
Crystal;src/http/server/request_processor.cr
Crystal;src/http/server/response.cr
Crystal;src/http/status.cr
Crystal;src/http/web_socket.cr
Crystal;src/http/web_socket/close_code.cr
Crystal;src/http/web_socket/protocol.cr
Crystal;src/humanize.cr
Crystal;src/indexable.cr
Crystal;src/indexable/mutable.cr
Crystal;src/ini.cr
Crystal;src/int.cr
Crystal;src/intrinsics.cr
Crystal;src/io.cr
Crystal;src/io/argf.cr
Crystal;src/io/buffered.cr
Crystal;src/io/byte_format.cr
Crystal;src/io/console.cr
Crystal;src/io/delimited.cr
Crystal;src/io/encoding.cr
Crystal;src/io/encoding_stubs.cr
Crystal;src/io/error.cr
Crystal;src/io/evented.cr
Crystal;src/io/file_descriptor.cr
Crystal;src/io/hexdump.cr
Crystal;src/io/memory.cr
Crystal;src/io/multi_writer.cr
Crystal;src/io/overlapped.cr
Crystal;src/io/sized.cr
Crystal;src/io/stapled.cr
Crystal;src/iterable.cr
Crystal;src/iterator.cr
Crystal;src/json.cr
Crystal;src/json/any.cr
Crystal;src/json/builder.cr
Crystal;src/json/from_json.cr
Crystal;src/json/lexer.cr
Crystal;src/json/lexer/io_based.cr
Crystal;src/json/lexer/string_based.cr
Crystal;src/json/parser.cr
Crystal;src/json/pull_parser.cr
Crystal;src/json/serialization.cr
Crystal;src/json/to_json.cr
Crystal;src/json/token.cr
Crystal;src/kernel.cr
Crystal;src/levenshtein.cr
Crystal;src/lib_c.cr
Crystal;src/lib_c/aarch64-android/c/arpa/inet.cr
Crystal;src/lib_c/aarch64-android/c/dirent.cr
Crystal;src/lib_c/aarch64-android/c/dlfcn.cr
Crystal;src/lib_c/aarch64-android/c/elf.cr
Crystal;src/lib_c/aarch64-android/c/errno.cr
Crystal;src/lib_c/aarch64-android/c/fcntl.cr
Crystal;src/lib_c/aarch64-android/c/grp.cr
Crystal;src/lib_c/aarch64-android/c/iconv.cr
Crystal;src/lib_c/aarch64-android/c/link.cr
Crystal;src/lib_c/aarch64-android/c/netdb.cr
Crystal;src/lib_c/aarch64-android/c/netinet/in.cr
Crystal;src/lib_c/aarch64-android/c/netinet/tcp.cr
Crystal;src/lib_c/aarch64-android/c/pthread.cr
Crystal;src/lib_c/aarch64-android/c/pwd.cr
Crystal;src/lib_c/aarch64-android/c/sched.cr
Crystal;src/lib_c/aarch64-android/c/signal.cr
Crystal;src/lib_c/aarch64-android/c/stdarg.cr
Crystal;src/lib_c/aarch64-android/c/stddef.cr
Crystal;src/lib_c/aarch64-android/c/stdint.cr
Crystal;src/lib_c/aarch64-android/c/stdio.cr
Crystal;src/lib_c/aarch64-android/c/stdlib.cr
Crystal;src/lib_c/aarch64-android/c/string.cr
Crystal;src/lib_c/aarch64-android/c/sys/file.cr
Crystal;src/lib_c/aarch64-android/c/sys/mman.cr
Crystal;src/lib_c/aarch64-android/c/sys/resource.cr
Crystal;src/lib_c/aarch64-android/c/sys/select.cr
Crystal;src/lib_c/aarch64-android/c/sys/socket.cr
Crystal;src/lib_c/aarch64-android/c/sys/stat.cr
Crystal;src/lib_c/aarch64-android/c/sys/syscall.cr
Crystal;src/lib_c/aarch64-android/c/sys/system_properties.cr
Crystal;src/lib_c/aarch64-android/c/sys/time.cr
Crystal;src/lib_c/aarch64-android/c/sys/types.cr
Crystal;src/lib_c/aarch64-android/c/sys/un.cr
Crystal;src/lib_c/aarch64-android/c/sys/wait.cr
Crystal;src/lib_c/aarch64-android/c/termios.cr
Crystal;src/lib_c/aarch64-android/c/time.cr
Crystal;src/lib_c/aarch64-android/c/unistd.cr
Crystal;src/lib_c/aarch64-darwin/c/arpa/inet.cr
Crystal;src/lib_c/aarch64-darwin/c/dirent.cr
Crystal;src/lib_c/aarch64-darwin/c/dlfcn.cr
Crystal;src/lib_c/aarch64-darwin/c/errno.cr
Crystal;src/lib_c/aarch64-darwin/c/fcntl.cr
Crystal;src/lib_c/aarch64-darwin/c/grp.cr
Crystal;src/lib_c/aarch64-darwin/c/iconv.cr
Crystal;src/lib_c/aarch64-darwin/c/mach/mach_time.cr
Crystal;src/lib_c/aarch64-darwin/c/netdb.cr
Crystal;src/lib_c/aarch64-darwin/c/netinet/in.cr
Crystal;src/lib_c/aarch64-darwin/c/netinet/tcp.cr
Crystal;src/lib_c/aarch64-darwin/c/pthread.cr
Crystal;src/lib_c/aarch64-darwin/c/pwd.cr
Crystal;src/lib_c/aarch64-darwin/c/sched.cr
Crystal;src/lib_c/aarch64-darwin/c/signal.cr
Crystal;src/lib_c/aarch64-darwin/c/stdarg.cr
Crystal;src/lib_c/aarch64-darwin/c/stddef.cr
Crystal;src/lib_c/aarch64-darwin/c/stdint.cr
Crystal;src/lib_c/aarch64-darwin/c/stdio.cr
Crystal;src/lib_c/aarch64-darwin/c/stdlib.cr
Crystal;src/lib_c/aarch64-darwin/c/string.cr
Crystal;src/lib_c/aarch64-darwin/c/sys/file.cr
Crystal;src/lib_c/aarch64-darwin/c/sys/mman.cr
Crystal;src/lib_c/aarch64-darwin/c/sys/resource.cr
Crystal;src/lib_c/aarch64-darwin/c/sys/select.cr
Crystal;src/lib_c/aarch64-darwin/c/sys/socket.cr
Crystal;src/lib_c/aarch64-darwin/c/sys/stat.cr
Crystal;src/lib_c/aarch64-darwin/c/sys/time.cr
Crystal;src/lib_c/aarch64-darwin/c/sys/types.cr
Crystal;src/lib_c/aarch64-darwin/c/sys/un.cr
Crystal;src/lib_c/aarch64-darwin/c/sys/wait.cr
Crystal;src/lib_c/aarch64-darwin/c/termios.cr
Crystal;src/lib_c/aarch64-darwin/c/time.cr
Crystal;src/lib_c/aarch64-darwin/c/unistd.cr
Crystal;src/lib_c/aarch64-linux-gnu/c/arpa/inet.cr
Crystal;src/lib_c/aarch64-linux-gnu/c/dirent.cr
Crystal;src/lib_c/aarch64-linux-gnu/c/dlfcn.cr
Crystal;src/lib_c/aarch64-linux-gnu/c/elf.cr
Crystal;src/lib_c/aarch64-linux-gnu/c/errno.cr
Crystal;src/lib_c/aarch64-linux-gnu/c/fcntl.cr
Crystal;src/lib_c/aarch64-linux-gnu/c/grp.cr
Crystal;src/lib_c/aarch64-linux-gnu/c/iconv.cr
Crystal;src/lib_c/aarch64-linux-gnu/c/link.cr
Crystal;src/lib_c/aarch64-linux-gnu/c/netdb.cr
Crystal;src/lib_c/aarch64-linux-gnu/c/netinet/in.cr
Crystal;src/lib_c/aarch64-linux-gnu/c/netinet/tcp.cr
Crystal;src/lib_c/aarch64-linux-gnu/c/pthread.cr
Crystal;src/lib_c/aarch64-linux-gnu/c/pwd.cr
Crystal;src/lib_c/aarch64-linux-gnu/c/sched.cr
Crystal;src/lib_c/aarch64-linux-gnu/c/signal.cr
Crystal;src/lib_c/aarch64-linux-gnu/c/stdarg.cr
Crystal;src/lib_c/aarch64-linux-gnu/c/stddef.cr
Crystal;src/lib_c/aarch64-linux-gnu/c/stdint.cr
Crystal;src/lib_c/aarch64-linux-gnu/c/stdio.cr
Crystal;src/lib_c/aarch64-linux-gnu/c/stdlib.cr
Crystal;src/lib_c/aarch64-linux-gnu/c/string.cr
Crystal;src/lib_c/aarch64-linux-gnu/c/sys/file.cr
Crystal;src/lib_c/aarch64-linux-gnu/c/sys/mman.cr
Crystal;src/lib_c/aarch64-linux-gnu/c/sys/resource.cr
Crystal;src/lib_c/aarch64-linux-gnu/c/sys/select.cr
Crystal;src/lib_c/aarch64-linux-gnu/c/sys/socket.cr
Crystal;src/lib_c/aarch64-linux-gnu/c/sys/stat.cr
Crystal;src/lib_c/aarch64-linux-gnu/c/sys/time.cr
Crystal;src/lib_c/aarch64-linux-gnu/c/sys/types.cr
Crystal;src/lib_c/aarch64-linux-gnu/c/sys/un.cr
Crystal;src/lib_c/aarch64-linux-gnu/c/sys/wait.cr
Crystal;src/lib_c/aarch64-linux-gnu/c/termios.cr
Crystal;src/lib_c/aarch64-linux-gnu/c/time.cr
Crystal;src/lib_c/aarch64-linux-gnu/c/unistd.cr
Crystal;src/lib_c/aarch64-linux-musl/c/arpa/inet.cr
Crystal;src/lib_c/aarch64-linux-musl/c/dirent.cr
Crystal;src/lib_c/aarch64-linux-musl/c/dlfcn.cr
Crystal;src/lib_c/aarch64-linux-musl/c/elf.cr
Crystal;src/lib_c/aarch64-linux-musl/c/errno.cr
Crystal;src/lib_c/aarch64-linux-musl/c/fcntl.cr
Crystal;src/lib_c/aarch64-linux-musl/c/grp.cr
Crystal;src/lib_c/aarch64-linux-musl/c/iconv.cr
Crystal;src/lib_c/aarch64-linux-musl/c/link.cr
Crystal;src/lib_c/aarch64-linux-musl/c/netdb.cr
Crystal;src/lib_c/aarch64-linux-musl/c/netinet/in.cr
Crystal;src/lib_c/aarch64-linux-musl/c/netinet/tcp.cr
Crystal;src/lib_c/aarch64-linux-musl/c/pthread.cr
Crystal;src/lib_c/aarch64-linux-musl/c/pwd.cr
Crystal;src/lib_c/aarch64-linux-musl/c/sched.cr
Crystal;src/lib_c/aarch64-linux-musl/c/signal.cr
Crystal;src/lib_c/aarch64-linux-musl/c/stdarg.cr
Crystal;src/lib_c/aarch64-linux-musl/c/stddef.cr
Crystal;src/lib_c/aarch64-linux-musl/c/stdint.cr
Crystal;src/lib_c/aarch64-linux-musl/c/stdio.cr
Crystal;src/lib_c/aarch64-linux-musl/c/stdlib.cr
Crystal;src/lib_c/aarch64-linux-musl/c/string.cr
Crystal;src/lib_c/aarch64-linux-musl/c/sys/file.cr
Crystal;src/lib_c/aarch64-linux-musl/c/sys/mman.cr
Crystal;src/lib_c/aarch64-linux-musl/c/sys/resource.cr
Crystal;src/lib_c/aarch64-linux-musl/c/sys/select.cr
Crystal;src/lib_c/aarch64-linux-musl/c/sys/socket.cr
Crystal;src/lib_c/aarch64-linux-musl/c/sys/stat.cr
Crystal;src/lib_c/aarch64-linux-musl/c/sys/time.cr
Crystal;src/lib_c/aarch64-linux-musl/c/sys/types.cr
Crystal;src/lib_c/aarch64-linux-musl/c/sys/un.cr
Crystal;src/lib_c/aarch64-linux-musl/c/sys/wait.cr
Crystal;src/lib_c/aarch64-linux-musl/c/termios.cr
Crystal;src/lib_c/aarch64-linux-musl/c/time.cr
Crystal;src/lib_c/aarch64-linux-musl/c/unistd.cr
Crystal;src/lib_c/arm-linux-gnueabihf/c/arpa/inet.cr
Crystal;src/lib_c/arm-linux-gnueabihf/c/dirent.cr
Crystal;src/lib_c/arm-linux-gnueabihf/c/dlfcn.cr
Crystal;src/lib_c/arm-linux-gnueabihf/c/elf.cr
Crystal;src/lib_c/arm-linux-gnueabihf/c/errno.cr
Crystal;src/lib_c/arm-linux-gnueabihf/c/fcntl.cr
Crystal;src/lib_c/arm-linux-gnueabihf/c/grp.cr
Crystal;src/lib_c/arm-linux-gnueabihf/c/iconv.cr
Crystal;src/lib_c/arm-linux-gnueabihf/c/link.cr
Crystal;src/lib_c/arm-linux-gnueabihf/c/netdb.cr
Crystal;src/lib_c/arm-linux-gnueabihf/c/netinet/in.cr
Crystal;src/lib_c/arm-linux-gnueabihf/c/netinet/tcp.cr
Crystal;src/lib_c/arm-linux-gnueabihf/c/pthread.cr
Crystal;src/lib_c/arm-linux-gnueabihf/c/pwd.cr
Crystal;src/lib_c/arm-linux-gnueabihf/c/sched.cr
Crystal;src/lib_c/arm-linux-gnueabihf/c/signal.cr
Crystal;src/lib_c/arm-linux-gnueabihf/c/stdarg.cr
Crystal;src/lib_c/arm-linux-gnueabihf/c/stddef.cr
Crystal;src/lib_c/arm-linux-gnueabihf/c/stdint.cr
Crystal;src/lib_c/arm-linux-gnueabihf/c/stdio.cr
Crystal;src/lib_c/arm-linux-gnueabihf/c/stdlib.cr
Crystal;src/lib_c/arm-linux-gnueabihf/c/string.cr
Crystal;src/lib_c/arm-linux-gnueabihf/c/sys/file.cr
Crystal;src/lib_c/arm-linux-gnueabihf/c/sys/mman.cr
Crystal;src/lib_c/arm-linux-gnueabihf/c/sys/resource.cr
Crystal;src/lib_c/arm-linux-gnueabihf/c/sys/select.cr
Crystal;src/lib_c/arm-linux-gnueabihf/c/sys/socket.cr
Crystal;src/lib_c/arm-linux-gnueabihf/c/sys/stat.cr
Crystal;src/lib_c/arm-linux-gnueabihf/c/sys/time.cr
Crystal;src/lib_c/arm-linux-gnueabihf/c/sys/types.cr
Crystal;src/lib_c/arm-linux-gnueabihf/c/sys/un.cr
Crystal;src/lib_c/arm-linux-gnueabihf/c/sys/wait.cr
Crystal;src/lib_c/arm-linux-gnueabihf/c/termios.cr
Crystal;src/lib_c/arm-linux-gnueabihf/c/time.cr
Crystal;src/lib_c/arm-linux-gnueabihf/c/unistd.cr
Crystal;src/lib_c/i386-linux-gnu/c/arpa/inet.cr
Crystal;src/lib_c/i386-linux-gnu/c/dirent.cr
Crystal;src/lib_c/i386-linux-gnu/c/dlfcn.cr
Crystal;src/lib_c/i386-linux-gnu/c/elf.cr
Crystal;src/lib_c/i386-linux-gnu/c/errno.cr
Crystal;src/lib_c/i386-linux-gnu/c/fcntl.cr
Crystal;src/lib_c/i386-linux-gnu/c/grp.cr
Crystal;src/lib_c/i386-linux-gnu/c/iconv.cr
Crystal;src/lib_c/i386-linux-gnu/c/link.cr
Crystal;src/lib_c/i386-linux-gnu/c/netdb.cr
Crystal;src/lib_c/i386-linux-gnu/c/netinet/in.cr
Crystal;src/lib_c/i386-linux-gnu/c/netinet/tcp.cr
Crystal;src/lib_c/i386-linux-gnu/c/pthread.cr
Crystal;src/lib_c/i386-linux-gnu/c/pwd.cr
Crystal;src/lib_c/i386-linux-gnu/c/sched.cr
Crystal;src/lib_c/i386-linux-gnu/c/signal.cr
Crystal;src/lib_c/i386-linux-gnu/c/stdarg.cr
Crystal;src/lib_c/i386-linux-gnu/c/stddef.cr
Crystal;src/lib_c/i386-linux-gnu/c/stdint.cr
Crystal;src/lib_c/i386-linux-gnu/c/stdio.cr
Crystal;src/lib_c/i386-linux-gnu/c/stdlib.cr
Crystal;src/lib_c/i386-linux-gnu/c/string.cr
Crystal;src/lib_c/i386-linux-gnu/c/sys/file.cr
Crystal;src/lib_c/i386-linux-gnu/c/sys/mman.cr
Crystal;src/lib_c/i386-linux-gnu/c/sys/resource.cr
Crystal;src/lib_c/i386-linux-gnu/c/sys/select.cr
Crystal;src/lib_c/i386-linux-gnu/c/sys/socket.cr
Crystal;src/lib_c/i386-linux-gnu/c/sys/stat.cr
Crystal;src/lib_c/i386-linux-gnu/c/sys/time.cr
Crystal;src/lib_c/i386-linux-gnu/c/sys/types.cr
Crystal;src/lib_c/i386-linux-gnu/c/sys/un.cr
Crystal;src/lib_c/i386-linux-gnu/c/sys/wait.cr
Crystal;src/lib_c/i386-linux-gnu/c/termios.cr
Crystal;src/lib_c/i386-linux-gnu/c/time.cr
Crystal;src/lib_c/i386-linux-gnu/c/unistd.cr
Crystal;src/lib_c/i386-linux-musl/c/arpa/inet.cr
Crystal;src/lib_c/i386-linux-musl/c/dirent.cr
Crystal;src/lib_c/i386-linux-musl/c/dlfcn.cr
Crystal;src/lib_c/i386-linux-musl/c/elf.cr
Crystal;src/lib_c/i386-linux-musl/c/errno.cr
Crystal;src/lib_c/i386-linux-musl/c/fcntl.cr
Crystal;src/lib_c/i386-linux-musl/c/grp.cr
Crystal;src/lib_c/i386-linux-musl/c/iconv.cr
Crystal;src/lib_c/i386-linux-musl/c/link.cr
Crystal;src/lib_c/i386-linux-musl/c/netdb.cr
Crystal;src/lib_c/i386-linux-musl/c/netinet/in.cr
Crystal;src/lib_c/i386-linux-musl/c/netinet/tcp.cr
Crystal;src/lib_c/i386-linux-musl/c/pthread.cr
Crystal;src/lib_c/i386-linux-musl/c/pwd.cr
Crystal;src/lib_c/i386-linux-musl/c/sched.cr
Crystal;src/lib_c/i386-linux-musl/c/signal.cr
Crystal;src/lib_c/i386-linux-musl/c/stdarg.cr
Crystal;src/lib_c/i386-linux-musl/c/stddef.cr
Crystal;src/lib_c/i386-linux-musl/c/stdint.cr
Crystal;src/lib_c/i386-linux-musl/c/stdio.cr
Crystal;src/lib_c/i386-linux-musl/c/stdlib.cr
Crystal;src/lib_c/i386-linux-musl/c/string.cr
Crystal;src/lib_c/i386-linux-musl/c/sys/file.cr
Crystal;src/lib_c/i386-linux-musl/c/sys/mman.cr
Crystal;src/lib_c/i386-linux-musl/c/sys/resource.cr
Crystal;src/lib_c/i386-linux-musl/c/sys/select.cr
Crystal;src/lib_c/i386-linux-musl/c/sys/socket.cr
Crystal;src/lib_c/i386-linux-musl/c/sys/stat.cr
Crystal;src/lib_c/i386-linux-musl/c/sys/time.cr
Crystal;src/lib_c/i386-linux-musl/c/sys/types.cr
Crystal;src/lib_c/i386-linux-musl/c/sys/un.cr
Crystal;src/lib_c/i386-linux-musl/c/sys/wait.cr
Crystal;src/lib_c/i386-linux-musl/c/termios.cr
Crystal;src/lib_c/i386-linux-musl/c/time.cr
Crystal;src/lib_c/i386-linux-musl/c/unistd.cr
Crystal;src/lib_c/wasm32-wasi/c/arpa/inet.cr
Crystal;src/lib_c/wasm32-wasi/c/errno.cr
Crystal;src/lib_c/wasm32-wasi/c/fcntl.cr
Crystal;src/lib_c/wasm32-wasi/c/iconv.cr
Crystal;src/lib_c/wasm32-wasi/c/netdb.cr
Crystal;src/lib_c/wasm32-wasi/c/netinet/in.cr
Crystal;src/lib_c/wasm32-wasi/c/netinet/tcp.cr
Crystal;src/lib_c/wasm32-wasi/c/sched.cr
Crystal;src/lib_c/wasm32-wasi/c/stdarg.cr
Crystal;src/lib_c/wasm32-wasi/c/stddef.cr
Crystal;src/lib_c/wasm32-wasi/c/stdint.cr
Crystal;src/lib_c/wasm32-wasi/c/stdio.cr
Crystal;src/lib_c/wasm32-wasi/c/stdlib.cr
Crystal;src/lib_c/wasm32-wasi/c/string.cr
Crystal;src/lib_c/wasm32-wasi/c/sys/resource.cr
Crystal;src/lib_c/wasm32-wasi/c/sys/select.cr
Crystal;src/lib_c/wasm32-wasi/c/sys/socket.cr
Crystal;src/lib_c/wasm32-wasi/c/sys/stat.cr
Crystal;src/lib_c/wasm32-wasi/c/sys/time.cr
Crystal;src/lib_c/wasm32-wasi/c/sys/times.cr
Crystal;src/lib_c/wasm32-wasi/c/sys/types.cr
Crystal;src/lib_c/wasm32-wasi/c/termios.cr
Crystal;src/lib_c/wasm32-wasi/c/time.cr
Crystal;src/lib_c/wasm32-wasi/c/unistd.cr
Crystal;src/lib_c/x86_64-darwin/c/arpa/inet.cr
Crystal;src/lib_c/x86_64-darwin/c/dirent.cr
Crystal;src/lib_c/x86_64-darwin/c/dlfcn.cr
Crystal;src/lib_c/x86_64-darwin/c/errno.cr
Crystal;src/lib_c/x86_64-darwin/c/fcntl.cr
Crystal;src/lib_c/x86_64-darwin/c/grp.cr
Crystal;src/lib_c/x86_64-darwin/c/iconv.cr
Crystal;src/lib_c/x86_64-darwin/c/mach/mach_time.cr
Crystal;src/lib_c/x86_64-darwin/c/netdb.cr
Crystal;src/lib_c/x86_64-darwin/c/netinet/in.cr
Crystal;src/lib_c/x86_64-darwin/c/netinet/tcp.cr
Crystal;src/lib_c/x86_64-darwin/c/pthread.cr
Crystal;src/lib_c/x86_64-darwin/c/pwd.cr
Crystal;src/lib_c/x86_64-darwin/c/sched.cr
Crystal;src/lib_c/x86_64-darwin/c/signal.cr
Crystal;src/lib_c/x86_64-darwin/c/stdarg.cr
Crystal;src/lib_c/x86_64-darwin/c/stddef.cr
Crystal;src/lib_c/x86_64-darwin/c/stdint.cr
Crystal;src/lib_c/x86_64-darwin/c/stdio.cr
Crystal;src/lib_c/x86_64-darwin/c/stdlib.cr
Crystal;src/lib_c/x86_64-darwin/c/string.cr
Crystal;src/lib_c/x86_64-darwin/c/sys/file.cr
Crystal;src/lib_c/x86_64-darwin/c/sys/mman.cr
Crystal;src/lib_c/x86_64-darwin/c/sys/resource.cr
Crystal;src/lib_c/x86_64-darwin/c/sys/select.cr
Crystal;src/lib_c/x86_64-darwin/c/sys/socket.cr
Crystal;src/lib_c/x86_64-darwin/c/sys/stat.cr
Crystal;src/lib_c/x86_64-darwin/c/sys/time.cr
Crystal;src/lib_c/x86_64-darwin/c/sys/types.cr
Crystal;src/lib_c/x86_64-darwin/c/sys/un.cr
Crystal;src/lib_c/x86_64-darwin/c/sys/wait.cr
Crystal;src/lib_c/x86_64-darwin/c/termios.cr
Crystal;src/lib_c/x86_64-darwin/c/time.cr
Crystal;src/lib_c/x86_64-darwin/c/unistd.cr
Crystal;src/lib_c/x86_64-dragonfly/c/arpa/inet.cr
Crystal;src/lib_c/x86_64-dragonfly/c/dirent.cr
Crystal;src/lib_c/x86_64-dragonfly/c/dlfcn.cr
Crystal;src/lib_c/x86_64-dragonfly/c/elf.cr
Crystal;src/lib_c/x86_64-dragonfly/c/errno.cr
Crystal;src/lib_c/x86_64-dragonfly/c/fcntl.cr
Crystal;src/lib_c/x86_64-dragonfly/c/grp.cr
Crystal;src/lib_c/x86_64-dragonfly/c/iconv.cr
Crystal;src/lib_c/x86_64-dragonfly/c/link.cr
Crystal;src/lib_c/x86_64-dragonfly/c/netdb.cr
Crystal;src/lib_c/x86_64-dragonfly/c/netinet/in.cr
Crystal;src/lib_c/x86_64-dragonfly/c/netinet/tcp.cr
Crystal;src/lib_c/x86_64-dragonfly/c/pthread.cr
Crystal;src/lib_c/x86_64-dragonfly/c/pwd.cr
Crystal;src/lib_c/x86_64-dragonfly/c/sched.cr
Crystal;src/lib_c/x86_64-dragonfly/c/signal.cr
Crystal;src/lib_c/x86_64-dragonfly/c/stdarg.cr
Crystal;src/lib_c/x86_64-dragonfly/c/stddef.cr
Crystal;src/lib_c/x86_64-dragonfly/c/stdint.cr
Crystal;src/lib_c/x86_64-dragonfly/c/stdio.cr
Crystal;src/lib_c/x86_64-dragonfly/c/stdlib.cr
Crystal;src/lib_c/x86_64-dragonfly/c/string.cr
Crystal;src/lib_c/x86_64-dragonfly/c/sys/file.cr
Crystal;src/lib_c/x86_64-dragonfly/c/sys/mman.cr
Crystal;src/lib_c/x86_64-dragonfly/c/sys/resource.cr
Crystal;src/lib_c/x86_64-dragonfly/c/sys/select.cr
Crystal;src/lib_c/x86_64-dragonfly/c/sys/socket.cr
Crystal;src/lib_c/x86_64-dragonfly/c/sys/stat.cr
Crystal;src/lib_c/x86_64-dragonfly/c/sys/time.cr
Crystal;src/lib_c/x86_64-dragonfly/c/sys/types.cr
Crystal;src/lib_c/x86_64-dragonfly/c/sys/un.cr
Crystal;src/lib_c/x86_64-dragonfly/c/sys/wait.cr
Crystal;src/lib_c/x86_64-dragonfly/c/sysctl.cr
Crystal;src/lib_c/x86_64-dragonfly/c/termios.cr
Crystal;src/lib_c/x86_64-dragonfly/c/time.cr
Crystal;src/lib_c/x86_64-dragonfly/c/unistd.cr
Crystal;src/lib_c/x86_64-freebsd/c/arpa/inet.cr
Crystal;src/lib_c/x86_64-freebsd/c/dirent.cr
Crystal;src/lib_c/x86_64-freebsd/c/dlfcn.cr
Crystal;src/lib_c/x86_64-freebsd/c/elf.cr
Crystal;src/lib_c/x86_64-freebsd/c/errno.cr
Crystal;src/lib_c/x86_64-freebsd/c/fcntl.cr
Crystal;src/lib_c/x86_64-freebsd/c/grp.cr
Crystal;src/lib_c/x86_64-freebsd/c/iconv.cr
Crystal;src/lib_c/x86_64-freebsd/c/link.cr
Crystal;src/lib_c/x86_64-freebsd/c/netdb.cr
Crystal;src/lib_c/x86_64-freebsd/c/netinet/in.cr
Crystal;src/lib_c/x86_64-freebsd/c/netinet/tcp.cr
Crystal;src/lib_c/x86_64-freebsd/c/pthread.cr
Crystal;src/lib_c/x86_64-freebsd/c/pwd.cr
Crystal;src/lib_c/x86_64-freebsd/c/sched.cr
Crystal;src/lib_c/x86_64-freebsd/c/signal.cr
Crystal;src/lib_c/x86_64-freebsd/c/stdarg.cr
Crystal;src/lib_c/x86_64-freebsd/c/stddef.cr
Crystal;src/lib_c/x86_64-freebsd/c/stdint.cr
Crystal;src/lib_c/x86_64-freebsd/c/stdio.cr
Crystal;src/lib_c/x86_64-freebsd/c/stdlib.cr
Crystal;src/lib_c/x86_64-freebsd/c/string.cr
Crystal;src/lib_c/x86_64-freebsd/c/sys/file.cr
Crystal;src/lib_c/x86_64-freebsd/c/sys/mman.cr
Crystal;src/lib_c/x86_64-freebsd/c/sys/resource.cr
Crystal;src/lib_c/x86_64-freebsd/c/sys/select.cr
Crystal;src/lib_c/x86_64-freebsd/c/sys/socket.cr
Crystal;src/lib_c/x86_64-freebsd/c/sys/stat.cr
Crystal;src/lib_c/x86_64-freebsd/c/sys/time.cr
Crystal;src/lib_c/x86_64-freebsd/c/sys/types.cr
Crystal;src/lib_c/x86_64-freebsd/c/sys/un.cr
Crystal;src/lib_c/x86_64-freebsd/c/sys/wait.cr
Crystal;src/lib_c/x86_64-freebsd/c/sysctl.cr
Crystal;src/lib_c/x86_64-freebsd/c/termios.cr
Crystal;src/lib_c/x86_64-freebsd/c/time.cr
Crystal;src/lib_c/x86_64-freebsd/c/unistd.cr
Crystal;src/lib_c/x86_64-linux-gnu/c/arpa/inet.cr
Crystal;src/lib_c/x86_64-linux-gnu/c/dirent.cr
Crystal;src/lib_c/x86_64-linux-gnu/c/dlfcn.cr
Crystal;src/lib_c/x86_64-linux-gnu/c/elf.cr
Crystal;src/lib_c/x86_64-linux-gnu/c/errno.cr
Crystal;src/lib_c/x86_64-linux-gnu/c/fcntl.cr
Crystal;src/lib_c/x86_64-linux-gnu/c/grp.cr
Crystal;src/lib_c/x86_64-linux-gnu/c/iconv.cr
Crystal;src/lib_c/x86_64-linux-gnu/c/link.cr
Crystal;src/lib_c/x86_64-linux-gnu/c/netdb.cr
Crystal;src/lib_c/x86_64-linux-gnu/c/netinet/in.cr
Crystal;src/lib_c/x86_64-linux-gnu/c/netinet/tcp.cr
Crystal;src/lib_c/x86_64-linux-gnu/c/pthread.cr
Crystal;src/lib_c/x86_64-linux-gnu/c/pwd.cr
Crystal;src/lib_c/x86_64-linux-gnu/c/sched.cr
Crystal;src/lib_c/x86_64-linux-gnu/c/signal.cr
Crystal;src/lib_c/x86_64-linux-gnu/c/stdarg.cr
Crystal;src/lib_c/x86_64-linux-gnu/c/stddef.cr
Crystal;src/lib_c/x86_64-linux-gnu/c/stdint.cr
Crystal;src/lib_c/x86_64-linux-gnu/c/stdio.cr
Crystal;src/lib_c/x86_64-linux-gnu/c/stdlib.cr
Crystal;src/lib_c/x86_64-linux-gnu/c/string.cr
Crystal;src/lib_c/x86_64-linux-gnu/c/sys/file.cr
Crystal;src/lib_c/x86_64-linux-gnu/c/sys/mman.cr
Crystal;src/lib_c/x86_64-linux-gnu/c/sys/resource.cr
Crystal;src/lib_c/x86_64-linux-gnu/c/sys/select.cr
Crystal;src/lib_c/x86_64-linux-gnu/c/sys/socket.cr
Crystal;src/lib_c/x86_64-linux-gnu/c/sys/stat.cr
Crystal;src/lib_c/x86_64-linux-gnu/c/sys/time.cr
Crystal;src/lib_c/x86_64-linux-gnu/c/sys/types.cr
Crystal;src/lib_c/x86_64-linux-gnu/c/sys/un.cr
Crystal;src/lib_c/x86_64-linux-gnu/c/sys/wait.cr
Crystal;src/lib_c/x86_64-linux-gnu/c/termios.cr
Crystal;src/lib_c/x86_64-linux-gnu/c/time.cr
Crystal;src/lib_c/x86_64-linux-gnu/c/unistd.cr
Crystal;src/lib_c/x86_64-linux-musl/c/arpa/inet.cr
Crystal;src/lib_c/x86_64-linux-musl/c/dirent.cr
Crystal;src/lib_c/x86_64-linux-musl/c/dlfcn.cr
Crystal;src/lib_c/x86_64-linux-musl/c/elf.cr
Crystal;src/lib_c/x86_64-linux-musl/c/errno.cr
Crystal;src/lib_c/x86_64-linux-musl/c/fcntl.cr
Crystal;src/lib_c/x86_64-linux-musl/c/grp.cr
Crystal;src/lib_c/x86_64-linux-musl/c/iconv.cr
Crystal;src/lib_c/x86_64-linux-musl/c/link.cr
Crystal;src/lib_c/x86_64-linux-musl/c/netdb.cr
Crystal;src/lib_c/x86_64-linux-musl/c/netinet/in.cr
Crystal;src/lib_c/x86_64-linux-musl/c/netinet/tcp.cr
Crystal;src/lib_c/x86_64-linux-musl/c/pthread.cr
Crystal;src/lib_c/x86_64-linux-musl/c/pwd.cr
Crystal;src/lib_c/x86_64-linux-musl/c/sched.cr
Crystal;src/lib_c/x86_64-linux-musl/c/signal.cr
Crystal;src/lib_c/x86_64-linux-musl/c/stdarg.cr
Crystal;src/lib_c/x86_64-linux-musl/c/stddef.cr
Crystal;src/lib_c/x86_64-linux-musl/c/stdint.cr
Crystal;src/lib_c/x86_64-linux-musl/c/stdio.cr
Crystal;src/lib_c/x86_64-linux-musl/c/stdlib.cr
Crystal;src/lib_c/x86_64-linux-musl/c/string.cr
Crystal;src/lib_c/x86_64-linux-musl/c/sys/file.cr
Crystal;src/lib_c/x86_64-linux-musl/c/sys/mman.cr
Crystal;src/lib_c/x86_64-linux-musl/c/sys/resource.cr
Crystal;src/lib_c/x86_64-linux-musl/c/sys/select.cr
Crystal;src/lib_c/x86_64-linux-musl/c/sys/socket.cr
Crystal;src/lib_c/x86_64-linux-musl/c/sys/stat.cr
Crystal;src/lib_c/x86_64-linux-musl/c/sys/time.cr
Crystal;src/lib_c/x86_64-linux-musl/c/sys/types.cr
Crystal;src/lib_c/x86_64-linux-musl/c/sys/un.cr
Crystal;src/lib_c/x86_64-linux-musl/c/sys/wait.cr
Crystal;src/lib_c/x86_64-linux-musl/c/termios.cr
Crystal;src/lib_c/x86_64-linux-musl/c/time.cr
Crystal;src/lib_c/x86_64-linux-musl/c/unistd.cr
Crystal;src/lib_c/x86_64-netbsd/c/arpa/inet.cr
Crystal;src/lib_c/x86_64-netbsd/c/dirent.cr
Crystal;src/lib_c/x86_64-netbsd/c/dlfcn.cr
Crystal;src/lib_c/x86_64-netbsd/c/elf.cr
Crystal;src/lib_c/x86_64-netbsd/c/errno.cr
Crystal;src/lib_c/x86_64-netbsd/c/fcntl.cr
Crystal;src/lib_c/x86_64-netbsd/c/grp.cr
Crystal;src/lib_c/x86_64-netbsd/c/iconv.cr
Crystal;src/lib_c/x86_64-netbsd/c/link.cr
Crystal;src/lib_c/x86_64-netbsd/c/netdb.cr
Crystal;src/lib_c/x86_64-netbsd/c/netinet/in.cr
Crystal;src/lib_c/x86_64-netbsd/c/netinet/tcp.cr
Crystal;src/lib_c/x86_64-netbsd/c/pthread.cr
Crystal;src/lib_c/x86_64-netbsd/c/pwd.cr
Crystal;src/lib_c/x86_64-netbsd/c/sched.cr
Crystal;src/lib_c/x86_64-netbsd/c/signal.cr
Crystal;src/lib_c/x86_64-netbsd/c/stdarg.cr
Crystal;src/lib_c/x86_64-netbsd/c/stddef.cr
Crystal;src/lib_c/x86_64-netbsd/c/stdint.cr
Crystal;src/lib_c/x86_64-netbsd/c/stdio.cr
Crystal;src/lib_c/x86_64-netbsd/c/stdlib.cr
Crystal;src/lib_c/x86_64-netbsd/c/string.cr
Crystal;src/lib_c/x86_64-netbsd/c/sys/file.cr
Crystal;src/lib_c/x86_64-netbsd/c/sys/mman.cr
Crystal;src/lib_c/x86_64-netbsd/c/sys/resource.cr
Crystal;src/lib_c/x86_64-netbsd/c/sys/select.cr
Crystal;src/lib_c/x86_64-netbsd/c/sys/socket.cr
Crystal;src/lib_c/x86_64-netbsd/c/sys/stat.cr
Crystal;src/lib_c/x86_64-netbsd/c/sys/time.cr
Crystal;src/lib_c/x86_64-netbsd/c/sys/types.cr
Crystal;src/lib_c/x86_64-netbsd/c/sys/un.cr
Crystal;src/lib_c/x86_64-netbsd/c/sys/wait.cr
Crystal;src/lib_c/x86_64-netbsd/c/sysctl.cr
Crystal;src/lib_c/x86_64-netbsd/c/termios.cr
Crystal;src/lib_c/x86_64-netbsd/c/time.cr
Crystal;src/lib_c/x86_64-netbsd/c/unistd.cr
Crystal;src/lib_c/x86_64-openbsd/c/arpa/inet.cr
Crystal;src/lib_c/x86_64-openbsd/c/dirent.cr
Crystal;src/lib_c/x86_64-openbsd/c/dlfcn.cr
Crystal;src/lib_c/x86_64-openbsd/c/elf.cr
Crystal;src/lib_c/x86_64-openbsd/c/errno.cr
Crystal;src/lib_c/x86_64-openbsd/c/fcntl.cr
Crystal;src/lib_c/x86_64-openbsd/c/grp.cr
Crystal;src/lib_c/x86_64-openbsd/c/iconv.cr
Crystal;src/lib_c/x86_64-openbsd/c/link.cr
Crystal;src/lib_c/x86_64-openbsd/c/netdb.cr
Crystal;src/lib_c/x86_64-openbsd/c/netinet/in.cr
Crystal;src/lib_c/x86_64-openbsd/c/netinet/tcp.cr
Crystal;src/lib_c/x86_64-openbsd/c/pthread.cr
Crystal;src/lib_c/x86_64-openbsd/c/pwd.cr
Crystal;src/lib_c/x86_64-openbsd/c/sched.cr
Crystal;src/lib_c/x86_64-openbsd/c/signal.cr
Crystal;src/lib_c/x86_64-openbsd/c/stdarg.cr
Crystal;src/lib_c/x86_64-openbsd/c/stddef.cr
Crystal;src/lib_c/x86_64-openbsd/c/stdint.cr
Crystal;src/lib_c/x86_64-openbsd/c/stdio.cr
Crystal;src/lib_c/x86_64-openbsd/c/stdlib.cr
Crystal;src/lib_c/x86_64-openbsd/c/string.cr
Crystal;src/lib_c/x86_64-openbsd/c/sys/file.cr
Crystal;src/lib_c/x86_64-openbsd/c/sys/mman.cr
Crystal;src/lib_c/x86_64-openbsd/c/sys/resource.cr
Crystal;src/lib_c/x86_64-openbsd/c/sys/select.cr
Crystal;src/lib_c/x86_64-openbsd/c/sys/socket.cr
Crystal;src/lib_c/x86_64-openbsd/c/sys/stat.cr
Crystal;src/lib_c/x86_64-openbsd/c/sys/time.cr
Crystal;src/lib_c/x86_64-openbsd/c/sys/types.cr
Crystal;src/lib_c/x86_64-openbsd/c/sys/un.cr
Crystal;src/lib_c/x86_64-openbsd/c/sys/wait.cr
Crystal;src/lib_c/x86_64-openbsd/c/sysctl.cr
Crystal;src/lib_c/x86_64-openbsd/c/termios.cr
Crystal;src/lib_c/x86_64-openbsd/c/time.cr
Crystal;src/lib_c/x86_64-openbsd/c/unistd.cr
Crystal;src/lib_c/x86_64-windows-msvc/c/afunix.cr
Crystal;src/lib_c/x86_64-windows-msvc/c/basetsd.cr
Crystal;src/lib_c/x86_64-windows-msvc/c/combaseapi.cr
Crystal;src/lib_c/x86_64-windows-msvc/c/consoleapi.cr
Crystal;src/lib_c/x86_64-windows-msvc/c/consoleapi2.cr
Crystal;src/lib_c/x86_64-windows-msvc/c/corecrt.cr
Crystal;src/lib_c/x86_64-windows-msvc/c/dbghelp.cr
Crystal;src/lib_c/x86_64-windows-msvc/c/delayimp.cr
Crystal;src/lib_c/x86_64-windows-msvc/c/direct.cr
Crystal;src/lib_c/x86_64-windows-msvc/c/errhandlingapi.cr
Crystal;src/lib_c/x86_64-windows-msvc/c/errno.cr
Crystal;src/lib_c/x86_64-windows-msvc/c/fcntl.cr
Crystal;src/lib_c/x86_64-windows-msvc/c/fileapi.cr
Crystal;src/lib_c/x86_64-windows-msvc/c/guiddef.cr
Crystal;src/lib_c/x86_64-windows-msvc/c/handleapi.cr
Crystal;src/lib_c/x86_64-windows-msvc/c/heapapi.cr
Crystal;src/lib_c/x86_64-windows-msvc/c/in6addr.cr
Crystal;src/lib_c/x86_64-windows-msvc/c/inaddr.cr
Crystal;src/lib_c/x86_64-windows-msvc/c/int_safe.cr
Crystal;src/lib_c/x86_64-windows-msvc/c/io.cr
Crystal;src/lib_c/x86_64-windows-msvc/c/ioapiset.cr
Crystal;src/lib_c/x86_64-windows-msvc/c/knownfolders.cr
Crystal;src/lib_c/x86_64-windows-msvc/c/libloaderapi.cr
Crystal;src/lib_c/x86_64-windows-msvc/c/malloc.cr
Crystal;src/lib_c/x86_64-windows-msvc/c/memoryapi.cr
Crystal;src/lib_c/x86_64-windows-msvc/c/minwinbase.cr
Crystal;src/lib_c/x86_64-windows-msvc/c/mswsock.cr
Crystal;src/lib_c/x86_64-windows-msvc/c/ntifs.cr
Crystal;src/lib_c/x86_64-windows-msvc/c/ntsecapi.cr
Crystal;src/lib_c/x86_64-windows-msvc/c/ntstatus.cr
Crystal;src/lib_c/x86_64-windows-msvc/c/process.cr
Crystal;src/lib_c/x86_64-windows-msvc/c/processenv.cr
Crystal;src/lib_c/x86_64-windows-msvc/c/processthreadsapi.cr
Crystal;src/lib_c/x86_64-windows-msvc/c/profileapi.cr
Crystal;src/lib_c/x86_64-windows-msvc/c/regapix.cr
Crystal;src/lib_c/x86_64-windows-msvc/c/sdkddkver.cr
Crystal;src/lib_c/x86_64-windows-msvc/c/shlobj_core.cr
Crystal;src/lib_c/x86_64-windows-msvc/c/signal.cr
Crystal;src/lib_c/x86_64-windows-msvc/c/stdarg.cr
Crystal;src/lib_c/x86_64-windows-msvc/c/stddef.cr
Crystal;src/lib_c/x86_64-windows-msvc/c/stdint.cr
Crystal;src/lib_c/x86_64-windows-msvc/c/stdio.cr
Crystal;src/lib_c/x86_64-windows-msvc/c/stdlib.cr
Crystal;src/lib_c/x86_64-windows-msvc/c/string.cr
Crystal;src/lib_c/x86_64-windows-msvc/c/stringapiset.cr
Crystal;src/lib_c/x86_64-windows-msvc/c/synchapi.cr
Crystal;src/lib_c/x86_64-windows-msvc/c/sys/stat.cr
Crystal;src/lib_c/x86_64-windows-msvc/c/sys/types.cr
Crystal;src/lib_c/x86_64-windows-msvc/c/sys/utime.cr
Crystal;src/lib_c/x86_64-windows-msvc/c/sysinfoapi.cr
Crystal;src/lib_c/x86_64-windows-msvc/c/timezoneapi.cr
Crystal;src/lib_c/x86_64-windows-msvc/c/tlhelp32.cr
Crystal;src/lib_c/x86_64-windows-msvc/c/win_def.cr
Crystal;src/lib_c/x86_64-windows-msvc/c/winbase.cr
Crystal;src/lib_c/x86_64-windows-msvc/c/wincrypt.cr
Crystal;src/lib_c/x86_64-windows-msvc/c/windows.cr
Crystal;src/lib_c/x86_64-windows-msvc/c/winioctl.cr
Crystal;src/lib_c/x86_64-windows-msvc/c/winnls.cr
Crystal;src/lib_c/x86_64-windows-msvc/c/winnt.cr
Crystal;src/lib_c/x86_64-windows-msvc/c/winreg.cr
Crystal;src/lib_c/x86_64-windows-msvc/c/winsock2.cr
Crystal;src/lib_c/x86_64-windows-msvc/c/ws2def.cr
Crystal;src/lib_c/x86_64-windows-msvc/c/ws2ipdef.cr
Crystal;src/lib_c/x86_64-windows-msvc/c/ws2tcpip.cr
Crystal;src/lib_c/x86_64-windows-msvc/c/wtypesbase.cr
Crystal;src/lib_z/lib_z.cr
Crystal;src/llvm.cr
Crystal;src/llvm/abi.cr
Crystal;src/llvm/abi/aarch64.cr
Crystal;src/llvm/abi/arm.cr
Crystal;src/llvm/abi/wasm32.cr
Crystal;src/llvm/abi/x86.cr
Crystal;src/llvm/abi/x86_64.cr
Crystal;src/llvm/abi/x86_win64.cr
Crystal;src/llvm/basic_block.cr
Crystal;src/llvm/basic_block_collection.cr
Crystal;src/llvm/builder.cr
Crystal;src/llvm/context.cr
Crystal;src/llvm/di_builder.cr
Crystal;src/llvm/enums.cr
Crystal;src/llvm/enums/atomic.cr
Crystal;src/llvm/function.cr
Crystal;src/llvm/function_collection.cr
Crystal;src/llvm/function_pass_manager.cr
Crystal;src/llvm/generic_value.cr
Crystal;src/llvm/global_collection.cr
Crystal;src/llvm/instruction_collection.cr
Crystal;src/llvm/jit_compiler.cr
Crystal;src/llvm/lib_llvm.cr
Crystal;src/llvm/lib_llvm_ext.cr
Crystal;src/llvm/memory_buffer.cr
Crystal;src/llvm/module.cr
Crystal;src/llvm/module_pass_manager.cr
Crystal;src/llvm/operand_bundle_def.cr
Crystal;src/llvm/parameter_collection.cr
Crystal;src/llvm/pass_builder_options.cr
Crystal;src/llvm/pass_manager_builder.cr
Crystal;src/llvm/pass_registry.cr
Crystal;src/llvm/phi_table.cr
Crystal;src/llvm/target.cr
Crystal;src/llvm/target_data.cr
Crystal;src/llvm/target_machine.cr
Crystal;src/llvm/type.cr
Crystal;src/llvm/value.cr
Crystal;src/llvm/value_methods.cr
Crystal;src/log.cr
Crystal;src/log/backend.cr
Crystal;src/log/broadcast_backend.cr
Crystal;src/log/builder.cr
Crystal;src/log/dispatch.cr
Crystal;src/log/entry.cr
Crystal;src/log/format.cr
Crystal;src/log/io_backend.cr
Crystal;src/log/json.cr
Crystal;src/log/log.cr
Crystal;src/log/main.cr
Crystal;src/log/memory_backend.cr
Crystal;src/log/metadata.cr
Crystal;src/log/setup.cr
Crystal;src/log/spec.cr
Crystal;src/macros.cr
Crystal;src/math/libm.cr
Crystal;src/math/math.cr
Crystal;src/mime.cr
Crystal;src/mime/media_type.cr
Crystal;src/mime/multipart.cr
Crystal;src/mime/multipart/builder.cr
Crystal;src/mime/multipart/parser.cr
Crystal;src/mime/multipart/state.cr
Crystal;src/mutex.cr
Crystal;src/named_tuple.cr
Crystal;src/nil.cr
Crystal;src/number.cr
Crystal;src/oauth.cr
Crystal;src/oauth/access_token.cr
Crystal;src/oauth/authorization_header.cr
Crystal;src/oauth/consumer.cr
Crystal;src/oauth/error.cr
Crystal;src/oauth/oauth.cr
Crystal;src/oauth/params.cr
Crystal;src/oauth/request_token.cr
Crystal;src/oauth/signature.cr
Crystal;src/oauth2.cr
Crystal;src/oauth2/access_token/access_token.cr
Crystal;src/oauth2/access_token/bearer.cr
Crystal;src/oauth2/access_token/mac.cr
Crystal;src/oauth2/auth_scheme.cr
Crystal;src/oauth2/client.cr
Crystal;src/oauth2/error.cr
Crystal;src/oauth2/oauth2.cr
Crystal;src/oauth2/session.cr
Crystal;src/object.cr
Crystal;src/openssl.cr
Crystal;src/openssl/algorithm.cr
Crystal;src/openssl/bio.cr
Crystal;src/openssl/cipher.cr
Crystal;src/openssl/digest.cr
Crystal;src/openssl/error.cr
Crystal;src/openssl/hmac.cr
Crystal;src/openssl/lib_crypto.cr
Crystal;src/openssl/lib_ssl.cr
Crystal;src/openssl/md5.cr
Crystal;src/openssl/pkcs5.cr
Crystal;src/openssl/sha1.cr
Crystal;src/openssl/ssl/context.cr
Crystal;src/openssl/ssl/hostname_validation.cr
Crystal;src/openssl/ssl/server.cr
Crystal;src/openssl/ssl/socket.cr
Crystal;src/openssl/x509/certificate.cr
Crystal;src/openssl/x509/extension.cr
Crystal;src/openssl/x509/name.cr
Crystal;src/openssl/x509/x509.cr
Crystal;src/option_parser.cr
Crystal;src/path.cr
Crystal;src/pointer.cr
Crystal;src/prelude.cr
Crystal;src/pretty_print.cr
Crystal;src/primitives.cr
Crystal;src/proc.cr
Crystal;src/process.cr
Crystal;src/process/executable_path.cr
Crystal;src/process/shell.cr
Crystal;src/process/status.cr
Crystal;src/raise.cr
Crystal;src/random.cr
Crystal;src/random/isaac.cr
Crystal;src/random/pcg32.cr
Crystal;src/random/secure.cr
Crystal;src/range.cr
Crystal;src/range/bsearch.cr
Crystal;src/reference.cr
Crystal;src/regex.cr
Crystal;src/regex/engine.cr
Crystal;src/regex/lib_pcre.cr
Crystal;src/regex/lib_pcre2.cr
Crystal;src/regex/match_data.cr
Crystal;src/regex/pcre.cr
Crystal;src/regex/pcre2.cr
Crystal;src/semantic_version.cr
Crystal;src/set.cr
Crystal;src/signal.cr
Crystal;src/slice.cr
Crystal;src/slice/sort.cr
Crystal;src/socket.cr
Crystal;src/socket/address.cr
Crystal;src/socket/addrinfo.cr
Crystal;src/socket/common.cr
Crystal;src/socket/ip_socket.cr
Crystal;src/socket/server.cr
Crystal;src/socket/tcp_server.cr
Crystal;src/socket/tcp_socket.cr
Crystal;src/socket/udp_socket.cr
Crystal;src/socket/unix_server.cr
Crystal;src/socket/unix_socket.cr
Crystal;src/spec.cr
Crystal;src/spec/cli.cr
Crystal;src/spec/context.cr
Crystal;src/spec/dsl.cr
Crystal;src/spec/example.cr
Crystal;src/spec/example/procsy.cr
Crystal;src/spec/example_group/procsy.cr
Crystal;src/spec/expectations.cr
Crystal;src/spec/filters.cr
Crystal;src/spec/formatter.cr
Crystal;src/spec/helpers/iterate.cr
Crystal;src/spec/helpers/string.cr
Crystal;src/spec/item.cr
Crystal;src/spec/junit_formatter.cr
Crystal;src/spec/methods.cr
Crystal;src/spec/source.cr
Crystal;src/spec/tap_formatter.cr
Crystal;src/static_array.cr
Crystal;src/steppable.cr
Crystal;src/string.cr
Crystal;src/string/builder.cr
Crystal;src/string/formatter.cr
Crystal;src/string/grapheme.cr
Crystal;src/string/grapheme/grapheme.cr
Crystal;src/string/utf16.cr
Crystal;src/string_pool.cr
Crystal;src/string_scanner.cr
Crystal;src/struct.cr
Crystal;src/symbol.cr
Crystal;src/syscall.cr
Crystal;src/syscall/aarch64-linux.cr
Crystal;src/syscall/arm-linux.cr
Crystal;src/syscall/i386-linux.cr
Crystal;src/syscall/x86_64-linux.cr
Crystal;src/system.cr
Crystal;src/system/group.cr
Crystal;src/system/user.cr
Crystal;src/system_error.cr
Crystal;src/termios.cr
Crystal;src/time.cr
Crystal;src/time/format.cr
Crystal;src/time/format/custom/http_date.cr
Crystal;src/time/format/custom/iso_8601.cr
Crystal;src/time/format/custom/rfc_2822.cr
Crystal;src/time/format/custom/rfc_3339.cr
Crystal;src/time/format/custom/yaml_date.cr
Crystal;src/time/format/formatter.cr
Crystal;src/time/format/parser.cr
Crystal;src/time/format/pattern.cr
Crystal;src/time/location.cr
Crystal;src/time/location/loader.cr
Crystal;src/time/span.cr
Crystal;src/tuple.cr
Crystal;src/unicode/unicode.cr
Crystal;src/union.cr
Crystal;src/uri.cr
Crystal;src/uri/encoding.cr
Crystal;src/uri/json.cr
Crystal;src/uri/params.cr
Crystal;src/uri/punycode.cr
Crystal;src/uri/uri_parser.cr
Crystal;src/uri/yaml.cr
Crystal;src/uuid.cr
Crystal;src/uuid/json.cr
Crystal;src/uuid/yaml.cr
Crystal;src/va_list.cr
Crystal;src/value.cr
Crystal;src/wasi_error.cr
Crystal;src/weak_ref.cr
Crystal;src/winerror.cr
Crystal;src/xml.cr
Crystal;src/xml/attribute_type.cr
Crystal;src/xml/attributes.cr
Crystal;src/xml/builder.cr
Crystal;src/xml/error.cr
Crystal;src/xml/html_parser_options.cr
Crystal;src/xml/libxml2.cr
Crystal;src/xml/namespace.cr
Crystal;src/xml/node.cr
Crystal;src/xml/node/type.cr
Crystal;src/xml/node_set.cr
Crystal;src/xml/parser_options.cr
Crystal;src/xml/reader.cr
Crystal;src/xml/reader/type.cr
Crystal;src/xml/save_options.cr
Crystal;src/xml/xpath_context.cr
Crystal;src/yaml.cr
Crystal;src/yaml/any.cr
Crystal;src/yaml/builder.cr
Crystal;src/yaml/enums.cr
Crystal;src/yaml/from_yaml.cr
Crystal;src/yaml/lib_yaml.cr
Crystal;src/yaml/nodes.cr
Crystal;src/yaml/nodes/builder.cr
Crystal;src/yaml/nodes/nodes.cr
Crystal;src/yaml/nodes/parser.cr
Crystal;src/yaml/parse_context.cr
Crystal;src/yaml/parser.cr
Crystal;src/yaml/pull_parser.cr
Crystal;src/yaml/schema/core.cr
Crystal;src/yaml/schema/core/parser.cr
Crystal;src/yaml/schema/fail_safe.cr
Crystal;src/yaml/serialization.cr
Crystal;src/yaml/to_yaml.cr
HTML;scripts/grapheme_properties.ecr
HTML;scripts/unicode_data.ecr
HTML;scripts/windows_zone_names.ecr
HTML;spec/std/data/test_template.ecr
HTML;spec/std/data/test_template2.ecr
HTML;spec/std/data/test_template3.ecr
HTML;spec/std/data/test_template4.ecr
HTML;spec/std/data/test_template5.ecr
HTML;spec/std/data/test_template6.ecr
HTML;src/compiler/crystal/tools/doc/html/404.html
HTML;src/compiler/crystal/tools/doc/html/_head.html
HTML;src/compiler/crystal/tools/doc/html/_list_items.html
HTML;src/compiler/crystal/tools/doc/html/_method_detail.html
HTML;src/compiler/crystal/tools/doc/html/_method_summary.html
HTML;src/compiler/crystal/tools/doc/html/_methods_inherited.html
HTML;src/compiler/crystal/tools/doc/html/_other_types.html
HTML;src/compiler/crystal/tools/doc/html/_sidebar.html
HTML;src/compiler/crystal/tools/doc/html/main.html
HTML;src/compiler/crystal/tools/doc/html/type.html
HTML;src/compiler/crystal/tools/init/template/editorconfig.ecr
HTML;src/compiler/crystal/tools/init/template/example.cr.ecr
HTML;src/compiler/crystal/tools/init/template/example_spec.cr.ecr
HTML;src/compiler/crystal/tools/init/template/gitignore.ecr
HTML;src/compiler/crystal/tools/init/template/shard.yml.ecr
HTML;src/compiler/crystal/tools/init/template/spec_helper.cr.ecr
HTML;src/compiler/crystal/tools/playground/views/_about.html
HTML;src/compiler/crystal/tools/playground/views/_index.html
HTML;src/compiler/crystal/tools/playground/views/_settings.html
HTML;src/compiler/crystal/tools/playground/views/_workbook.html.ecr
HTML;src/compiler/crystal/tools/playground/views/layout.html.ecr
HTML;src/http/server/handlers/static_file_handler.html
Nix;shell.nix
C;spec/compiler/data/ffi/sum.c
C;spec/compiler/data/interpreter/sum.c
C;spec/compiler/data/loader/bar.c
C;spec/compiler/data/loader/foo.c
C;spec/compiler/data/loader/foo2.c
C;spec/compiler/data/visibility.h
C++;spec/std/data/dir/f3.txx
C++;src/llvm/ext/llvm_ext.cc
CSS;src/compiler/crystal/tools/doc/html/css/style.css
CSS;src/compiler/crystal/tools/playground/public/application.css
JavaScript;src/compiler/crystal/tools/doc/html/js/_navigator.js
JavaScript;src/compiler/crystal/tools/doc/html/js/_search.js
JavaScript;src/compiler/crystal/tools/doc/html/js/_usage-modal.js
JavaScript;src/compiler/crystal/tools/doc/html/js/_versions.js
JavaScript;src/compiler/crystal/tools/doc/html/js/doc.js
JavaScript;src/compiler/crystal/tools/playground/public/application.js
JavaScript;src/compiler/crystal/tools/playground/public/session.js
JavaScript;src/compiler/crystal/tools/playground/public/settings.js
